<?xml version="1.0" encoding="UTF-8"?>
<coverage generated="1683723638072" clover="3.2.0">
  <project timestamp="1683723638072" name="All files">
    <metrics statements="609" coveredstatements="479" conditionals="229" coveredconditionals="163" methods="203" coveredmethods="153" elements="1041" coveredelements="795" complexity="0" loc="609" ncloc="609" packages="44" files="47" classes="47"/>
    <package name="src">
      <metrics statements="3" coveredstatements="3" conditionals="0" coveredconditionals="0" methods="1" coveredmethods="1"/>
      <file name="App.tsx" path="D:\_Dev\_Projects\Admiralis\front-ionic\src\App.tsx">
        <metrics statements="3" coveredstatements="3" conditionals="0" coveredconditionals="0" methods="1" coveredmethods="1"/>
        <line num="47" count="1" type="stmt"/>
        <line num="49" count="1" type="stmt"/>
        <line num="50" count="1" type="stmt"/>
      </file>
      <file name="react-app-env.d.ts" path="D:\_Dev\_Projects\Admiralis\front-ionic\src\react-app-env.d.ts">
        <metrics statements="0" coveredstatements="0" conditionals="0" coveredconditionals="0" methods="0" coveredmethods="0"/>
      </file>
    </package>
    <package name="src.commons.components.Buttons.CommentButtons">
      <metrics statements="3" coveredstatements="3" conditionals="4" coveredconditionals="4" methods="1" coveredmethods="1"/>
      <file name="CommentsButtons.component.tsx" path="D:\_Dev\_Projects\Admiralis\front-ionic\src\commons\components\Buttons\CommentButtons\CommentsButtons.component.tsx">
        <metrics statements="3" coveredstatements="3" conditionals="4" coveredconditionals="4" methods="1" coveredmethods="1"/>
        <line num="14" count="8" type="stmt"/>
        <line num="16" count="85" type="stmt"/>
        <line num="18" count="85" type="stmt"/>
      </file>
    </package>
    <package name="src.commons.components.Buttons.LinuxButton">
      <metrics statements="15" coveredstatements="15" conditionals="8" coveredconditionals="8" methods="4" coveredmethods="4"/>
      <file name="LinuxButton.component.tsx" path="D:\_Dev\_Projects\Admiralis\front-ionic\src\commons\components\Buttons\LinuxButton\LinuxButton.component.tsx">
        <metrics statements="15" coveredstatements="15" conditionals="8" coveredconditionals="8" methods="4" coveredmethods="4"/>
        <line num="21" count="19" type="stmt"/>
        <line num="27" count="35" type="stmt"/>
        <line num="28" count="35" type="cond" truecount="2" falsecount="0"/>
        <line num="29" count="23" type="stmt"/>
        <line num="30" count="12" type="cond" truecount="2" falsecount="0"/>
        <line num="31" count="5" type="stmt"/>
        <line num="33" count="7" type="stmt"/>
        <line num="41" count="35" type="stmt"/>
        <line num="42" count="70" type="cond" truecount="2" falsecount="0"/>
        <line num="43" count="2" type="stmt"/>
        <line num="45" count="68" type="stmt"/>
        <line num="49" count="35" type="stmt"/>
        <line num="50" count="1" type="stmt"/>
        <line num="51" count="1" type="cond" truecount="2" falsecount="0"/>
        <line num="54" count="35" type="stmt"/>
      </file>
    </package>
    <package name="src.commons.components.Cards.Card">
      <metrics statements="5" coveredstatements="5" conditionals="6" coveredconditionals="6" methods="2" coveredmethods="2"/>
      <file name="Card.component.tsx" path="D:\_Dev\_Projects\Admiralis\front-ionic\src\commons\components\Cards\Card\Card.component.tsx">
        <metrics statements="5" coveredstatements="5" conditionals="6" coveredconditionals="6" methods="2" coveredmethods="2"/>
        <line num="31" count="176" type="stmt"/>
        <line num="32" count="175" type="stmt"/>
        <line num="33" count="175" type="stmt"/>
        <line num="34" count="1" type="stmt"/>
        <line num="37" count="175" type="stmt"/>
      </file>
    </package>
    <package name="src.commons.components.Cards.components.CardAlert">
      <metrics statements="2" coveredstatements="2" conditionals="4" coveredconditionals="4" methods="1" coveredmethods="1"/>
      <file name="CardAlert.component.tsx" path="D:\_Dev\_Projects\Admiralis\front-ionic\src\commons\components\Cards\components\CardAlert\CardAlert.component.tsx">
        <metrics statements="2" coveredstatements="2" conditionals="4" coveredconditionals="4" methods="1" coveredmethods="1"/>
        <line num="10" count="178" type="stmt"/>
        <line num="12" count="178" type="stmt"/>
      </file>
    </package>
    <package name="src.commons.components.Cards.components.CardButtons">
      <metrics statements="1" coveredstatements="1" conditionals="4" coveredconditionals="4" methods="1" coveredmethods="1"/>
      <file name="CardButtons.component.tsx" path="D:\_Dev\_Projects\Admiralis\front-ionic\src\commons\components\Cards\components\CardButtons\CardButtons.component.tsx">
        <metrics statements="1" coveredstatements="1" conditionals="4" coveredconditionals="4" methods="1" coveredmethods="1"/>
        <line num="11" count="179" type="stmt"/>
      </file>
    </package>
    <package name="src.commons.components.Cards.components.CardContent">
      <metrics statements="1" coveredstatements="1" conditionals="4" coveredconditionals="4" methods="1" coveredmethods="1"/>
      <file name="CardContent.component.tsx" path="D:\_Dev\_Projects\Admiralis\front-ionic\src\commons\components\Cards\components\CardContent\CardContent.component.tsx">
        <metrics statements="1" coveredstatements="1" conditionals="4" coveredconditionals="4" methods="1" coveredmethods="1"/>
        <line num="12" count="180" type="stmt"/>
      </file>
    </package>
    <package name="src.commons.components.Forms.Comments">
      <metrics statements="2" coveredstatements="2" conditionals="0" coveredconditionals="0" methods="1" coveredmethods="1"/>
      <file name="Comments.component.tsx" path="D:\_Dev\_Projects\Admiralis\front-ionic\src\commons\components\Forms\Comments\Comments.component.tsx">
        <metrics statements="2" coveredstatements="2" conditionals="0" coveredconditionals="0" methods="1" coveredmethods="1"/>
        <line num="16" count="6" type="stmt"/>
        <line num="17" count="44" type="stmt"/>
      </file>
    </package>
    <package name="src.commons.components.Forms.Comments.CommentIterator">
      <metrics statements="21" coveredstatements="19" conditionals="14" coveredconditionals="12" methods="10" coveredmethods="7"/>
      <file name="CommentIterator.component.tsx" path="D:\_Dev\_Projects\Admiralis\front-ionic\src\commons\components\Forms\Comments\CommentIterator\CommentIterator.component.tsx">
        <metrics statements="21" coveredstatements="19" conditionals="14" coveredconditionals="12" methods="10" coveredmethods="7"/>
        <line num="18" count="7" type="stmt"/>
        <line num="19" count="57" type="stmt"/>
        <line num="21" count="57" type="stmt"/>
        <line num="22" count="24" type="stmt"/>
        <line num="23" count="24" type="cond" truecount="4" falsecount="0"/>
        <line num="30" count="57" type="stmt"/>
        <line num="31" count="3" type="cond" truecount="2" falsecount="0"/>
        <line num="32" count="1" type="stmt"/>
        <line num="34" count="2" type="cond" truecount="2" falsecount="0"/>
        <line num="35" count="2" type="stmt"/>
        <line num="42" count="57" type="stmt"/>
        <line num="43" count="0" type="cond" truecount="0" falsecount="2"/>
        <line num="50" count="57" type="stmt"/>
        <line num="51" count="2" type="cond" truecount="2" falsecount="0"/>
        <line num="52" count="1" type="stmt"/>
        <line num="54" count="1" type="stmt"/>
        <line num="57" count="57" type="stmt"/>
        <line num="61" count="24" type="stmt"/>
        <line num="71" count="0" type="stmt"/>
        <line num="79" count="6" type="stmt"/>
        <line num="86" count="2" type="stmt"/>
      </file>
    </package>
    <package name="src.commons.components.Forms.ComputerAddForm">
      <metrics statements="4" coveredstatements="4" conditionals="0" coveredconditionals="0" methods="2" coveredmethods="2"/>
      <file name="ComputerAddFormComponent.tsx" path="D:\_Dev\_Projects\Admiralis\front-ionic\src\commons\components\Forms\ComputerAddForm\ComputerAddFormComponent.tsx">
        <metrics statements="4" coveredstatements="4" conditionals="0" coveredconditionals="0" methods="2" coveredmethods="2"/>
        <line num="16" count="18" type="stmt"/>
        <line num="18" count="8" type="stmt"/>
        <line num="30" count="1" type="stmt"/>
        <line num="31" count="1" type="stmt"/>
      </file>
    </package>
    <package name="src.commons.components.Forms.ComputerForm">
      <metrics statements="6" coveredstatements="6" conditionals="8" coveredconditionals="8" methods="5" coveredmethods="5"/>
      <file name="ComputerForm.component.tsx" path="D:\_Dev\_Projects\Admiralis\front-ionic\src\commons\components\Forms\ComputerForm\ComputerForm.component.tsx">
        <metrics statements="6" coveredstatements="6" conditionals="8" coveredconditionals="8" methods="5" coveredmethods="5"/>
        <line num="11" count="18" type="stmt"/>
        <line num="12" count="57" type="stmt"/>
        <line num="17" count="1" type="stmt"/>
        <line num="25" count="1" type="stmt"/>
        <line num="33" count="1" type="stmt"/>
        <line num="41" count="1" type="stmt"/>
      </file>
    </package>
    <package name="src.commons.components.Forms.CourseForm">
      <metrics statements="7" coveredstatements="5" conditionals="9" coveredconditionals="8" methods="5" coveredmethods="3"/>
      <file name="CourseForm.component.tsx" path="D:\_Dev\_Projects\Admiralis\front-ionic\src\commons\components\Forms\CourseForm\CourseForm.component.tsx">
        <metrics statements="7" coveredstatements="5" conditionals="9" coveredconditionals="8" methods="5" coveredmethods="3"/>
        <line num="18" count="7" type="stmt"/>
        <line num="19" count="34" type="cond" truecount="0" falsecount="1"/>
        <line num="21" count="33" type="stmt"/>
        <line num="24" count="2" type="stmt"/>
        <line num="35" count="0" type="stmt"/>
        <line num="48" count="0" type="stmt"/>
        <line num="56" count="1" type="stmt"/>
      </file>
    </package>
    <package name="src.commons.components.Forms.IndividualLoanForm">
      <metrics statements="13" coveredstatements="9" conditionals="17" coveredconditionals="12" methods="8" coveredmethods="5"/>
      <file name="IndividualLoanForm.component.tsx" path="D:\_Dev\_Projects\Admiralis\front-ionic\src\commons\components\Forms\IndividualLoanForm\IndividualLoanForm.component.tsx">
        <metrics statements="13" coveredstatements="9" conditionals="17" coveredconditionals="12" methods="8" coveredmethods="5"/>
        <line num="14" count="15" type="cond" truecount="0" falsecount="1"/>
        <line num="15" count="14" type="stmt"/>
        <line num="18" count="14" type="cond" truecount="2" falsecount="2"/>
        <line num="21" count="14" type="stmt"/>
        <line num="23" count="14" type="cond" truecount="1" falsecount="1"/>
        <line num="24" count="0" type="stmt"/>
        <line num="30" count="14" type="stmt"/>
        <line num="39" count="14" type="stmt"/>
        <line num="45" count="1" type="stmt"/>
        <line num="60" count="1" type="stmt"/>
        <line num="73" count="0" type="stmt"/>
        <line num="83" count="0" type="stmt"/>
        <line num="95" count="0" type="stmt"/>
      </file>
    </package>
    <package name="src.commons.components.Forms.Inputs.AsciiDate">
      <metrics statements="5" coveredstatements="4" conditionals="8" coveredconditionals="8" methods="2" coveredmethods="1"/>
      <file name="AsciiDate.component.tsx" path="D:\_Dev\_Projects\Admiralis\front-ionic\src\commons\components\Forms\Inputs\AsciiDate\AsciiDate.component.tsx">
        <metrics statements="5" coveredstatements="4" conditionals="8" coveredconditionals="8" methods="2" coveredmethods="1"/>
        <line num="26" count="7" type="stmt"/>
        <line num="28" count="95" type="stmt"/>
        <line num="30" count="95" type="stmt"/>
        <line num="32" count="94" type="stmt"/>
        <line num="41" count="0" type="stmt"/>
      </file>
    </package>
    <package name="src.commons.components.Forms.Inputs.AsciiInput">
      <metrics statements="6" coveredstatements="2" conditionals="18" coveredconditionals="14" methods="4" coveredmethods="1"/>
      <file name="AsciiInput.component.tsx" path="D:\_Dev\_Projects\Admiralis\front-ionic\src\commons\components\Forms\Inputs\AsciiInput\AsciiInput.component.tsx">
        <metrics statements="6" coveredstatements="2" conditionals="18" coveredconditionals="14" methods="4" coveredmethods="1"/>
        <line num="34" count="0" type="cond" truecount="0" falsecount="2"/>
        <line num="35" count="0" type="stmt"/>
        <line num="36" count="0" type="cond" truecount="0" falsecount="2"/>
        <line num="41" count="589" type="stmt"/>
        <line num="42" count="0" type="stmt"/>
        <line num="45" count="589" type="stmt"/>
      </file>
    </package>
    <package name="src.commons.components.Forms.Inputs.AutocompleteCourseInput">
      <metrics statements="18" coveredstatements="8" conditionals="12" coveredconditionals="12" methods="7" coveredmethods="2"/>
      <file name="AutocompleteCourseInput.component.tsx" path="D:\_Dev\_Projects\Admiralis\front-ionic\src\commons\components\Forms\Inputs\AutocompleteCourseInput\AutocompleteCourseInput.component.tsx">
        <metrics statements="18" coveredstatements="8" conditionals="12" coveredconditionals="12" methods="7" coveredmethods="2"/>
        <line num="18" count="15" type="stmt"/>
        <line num="19" count="15" type="stmt"/>
        <line num="20" count="15" type="stmt"/>
        <line num="22" count="15" type="stmt"/>
        <line num="25" count="0" type="stmt"/>
        <line num="26" count="0" type="stmt"/>
        <line num="27" count="0" type="stmt"/>
        <line num="28" count="0" type="stmt"/>
        <line num="29" count="0" type="stmt"/>
        <line num="31" count="0" type="stmt"/>
        <line num="35" count="14" type="stmt"/>
        <line num="36" count="14" type="cond" truecount="2" falsecount="0"/>
        <line num="37" count="10" type="stmt"/>
        <line num="41" count="14" type="stmt"/>
        <line num="47" count="0" type="stmt"/>
        <line num="78" count="0" type="stmt"/>
        <line num="92" count="0" type="stmt"/>
        <line num="100" count="0" type="stmt"/>
      </file>
    </package>
    <package name="src.commons.components.Forms.Inputs.AutocompleteCourseInput.SearchCourse">
      <metrics statements="17" coveredstatements="12" conditionals="2" coveredconditionals="0" methods="7" coveredmethods="4"/>
      <file name="SearchCourse.tsx" path="D:\_Dev\_Projects\Admiralis\front-ionic\src\commons\components\Forms\Inputs\AutocompleteCourseInput\SearchCourse\SearchCourse.tsx">
        <metrics statements="17" coveredstatements="12" conditionals="2" coveredconditionals="0" methods="7" coveredmethods="4"/>
        <line num="13" count="8" type="stmt"/>
        <line num="15" count="7" type="stmt"/>
        <line num="16" count="7" type="stmt"/>
        <line num="19" count="7" type="stmt"/>
        <line num="20" count="0" type="stmt"/>
        <line num="21" count="0" type="cond" truecount="0" falsecount="2"/>
        <line num="22" count="0" type="stmt"/>
        <line num="26" count="7" type="stmt"/>
        <line num="27" count="4" type="stmt"/>
        <line num="28" count="4" type="stmt"/>
        <line num="29" count="4" type="stmt"/>
        <line num="30" count="3" type="stmt"/>
        <line num="32" count="1" type="stmt"/>
        <line num="37" count="7" type="stmt"/>
        <line num="45" count="0" type="stmt"/>
        <line num="52" count="3" type="stmt"/>
        <line num="57" count="0" type="stmt"/>
      </file>
    </package>
    <package name="src.commons.components.Icons.AlertIcon">
      <metrics statements="3" coveredstatements="3" conditionals="0" coveredconditionals="0" methods="1" coveredmethods="1"/>
      <file name="AlertIcon.component.tsx" path="D:\_Dev\_Projects\Admiralis\front-ionic\src\commons\components\Icons\AlertIcon\AlertIcon.component.tsx">
        <metrics statements="3" coveredstatements="3" conditionals="0" coveredconditionals="0" methods="1" coveredmethods="1"/>
        <line num="6" count="18" type="stmt"/>
        <line num="7" count="3" type="stmt"/>
        <line num="8" count="3" type="stmt"/>
      </file>
    </package>
    <package name="src.commons.components.Modals.SimpleModal">
      <metrics statements="5" coveredstatements="3" conditionals="0" coveredconditionals="0" methods="3" coveredmethods="1"/>
      <file name="SimpleModal.component.tsx" path="D:\_Dev\_Projects\Admiralis\front-ionic\src\commons\components\Modals\SimpleModal\SimpleModal.component.tsx">
        <metrics statements="5" coveredstatements="3" conditionals="0" coveredconditionals="0" methods="3" coveredmethods="1"/>
        <line num="25" count="18" type="stmt"/>
        <line num="27" count="147" type="stmt"/>
        <line num="29" count="146" type="stmt"/>
        <line num="30" count="0" type="stmt"/>
        <line num="33" count="0" type="stmt"/>
      </file>
    </package>
    <package name="src.commons.components.Modals.UnknownComputerModal">
      <metrics statements="3" coveredstatements="3" conditionals="0" coveredconditionals="0" methods="1" coveredmethods="1"/>
      <file name="UnknownComputerModal.component.tsx" path="D:\_Dev\_Projects\Admiralis\front-ionic\src\commons\components\Modals\UnknownComputerModal\UnknownComputerModal.component.tsx">
        <metrics statements="3" coveredstatements="3" conditionals="0" coveredconditionals="0" methods="1" coveredmethods="1"/>
        <line num="20" count="18" type="stmt"/>
        <line num="21" count="8" type="stmt"/>
        <line num="23" count="7" type="stmt"/>
      </file>
    </package>
    <package name="src.commons.components.UiElements.HorizontalDivider">
      <metrics statements="2" coveredstatements="2" conditionals="0" coveredconditionals="0" methods="1" coveredmethods="1"/>
      <file name="HorizontalDivider.component.tsx" path="D:\_Dev\_Projects\Admiralis\front-ionic\src\commons\components\UiElements\HorizontalDivider\HorizontalDivider.component.tsx">
        <metrics statements="2" coveredstatements="2" conditionals="0" coveredconditionals="0" methods="1" coveredmethods="1"/>
        <line num="4" count="18" type="stmt"/>
        <line num="5" count="15" type="stmt"/>
      </file>
    </package>
    <package name="src.commons.constants">
      <metrics statements="1" coveredstatements="1" conditionals="0" coveredconditionals="0" methods="0" coveredmethods="0"/>
      <file name="PATHS.ts" path="D:\_Dev\_Projects\Admiralis\front-ionic\src\commons\constants\PATHS.ts">
        <metrics statements="1" coveredstatements="1" conditionals="0" coveredconditionals="0" methods="0" coveredmethods="0"/>
        <line num="1" count="5" type="stmt"/>
      </file>
    </package>
    <package name="src.commons.hooks.computers">
      <metrics statements="39" coveredstatements="38" conditionals="2" coveredconditionals="1" methods="8" coveredmethods="8"/>
      <file name="useComputer.ts" path="D:\_Dev\_Projects\Admiralis\front-ionic\src\commons\hooks\computers\useComputer.ts">
        <metrics statements="15" coveredstatements="14" conditionals="2" coveredconditionals="1" methods="3" coveredmethods="3"/>
        <line num="5" count="1" type="stmt"/>
        <line num="7" count="2" type="stmt"/>
        <line num="8" count="2" type="stmt"/>
        <line num="9" count="2" type="stmt"/>
        <line num="11" count="2" type="stmt"/>
        <line num="12" count="1" type="cond" truecount="1" falsecount="1"/>
        <line num="13" count="1" type="stmt"/>
        <line num="14" count="1" type="stmt"/>
        <line num="15" count="1" type="stmt"/>
        <line num="16" count="1" type="stmt"/>
        <line num="17" count="1" type="stmt"/>
        <line num="18" count="1" type="stmt"/>
        <line num="20" count="0" type="stmt"/>
        <line num="22" count="1" type="stmt"/>
        <line num="30" count="2" type="stmt"/>
      </file>
      <file name="useComputers.ts" path="D:\_Dev\_Projects\Admiralis\front-ionic\src\commons\hooks\computers\useComputers.ts">
        <metrics statements="24" coveredstatements="24" conditionals="0" coveredconditionals="0" methods="5" coveredmethods="5"/>
        <line num="8" count="3" type="stmt"/>
        <line num="9" count="8" type="stmt"/>
        <line num="10" count="8" type="stmt"/>
        <line num="11" count="8" type="stmt"/>
        <line num="13" count="8" type="stmt"/>
        <line num="14" count="4" type="stmt"/>
        <line num="15" count="4" type="stmt"/>
        <line num="19" count="8" type="stmt"/>
        <line num="20" count="4" type="stmt"/>
        <line num="21" count="4" type="stmt"/>
        <line num="22" count="4" type="stmt"/>
        <line num="23" count="4" type="stmt"/>
        <line num="24" count="3" type="stmt"/>
        <line num="26" count="1" type="stmt"/>
        <line num="28" count="4" type="stmt"/>
        <line num="36" count="8" type="stmt"/>
        <line num="37" count="3" type="stmt"/>
        <line num="38" count="3" type="stmt"/>
        <line num="39" count="3" type="stmt"/>
        <line num="40" count="3" type="stmt"/>
        <line num="41" count="2" type="stmt"/>
        <line num="43" count="1" type="stmt"/>
        <line num="45" count="3" type="stmt"/>
        <line num="49" count="8" type="stmt"/>
      </file>
    </package>
    <package name="src.commons.hooks.courses">
      <metrics statements="24" coveredstatements="22" conditionals="0" coveredconditionals="0" methods="5" coveredmethods="5"/>
      <file name="useCourses.ts" path="D:\_Dev\_Projects\Admiralis\front-ionic\src\commons\hooks\courses\useCourses.ts">
        <metrics statements="24" coveredstatements="22" conditionals="0" coveredconditionals="0" methods="5" coveredmethods="5"/>
        <line num="8" count="1" type="stmt"/>
        <line num="10" count="4" type="stmt"/>
        <line num="11" count="4" type="stmt"/>
        <line num="12" count="4" type="stmt"/>
        <line num="14" count="4" type="stmt"/>
        <line num="15" count="2" type="stmt"/>
        <line num="16" count="2" type="stmt"/>
        <line num="20" count="4" type="stmt"/>
        <line num="21" count="2" type="stmt"/>
        <line num="22" count="2" type="stmt"/>
        <line num="23" count="2" type="stmt"/>
        <line num="24" count="2" type="stmt"/>
        <line num="25" count="2" type="stmt"/>
        <line num="27" count="0" type="stmt"/>
        <line num="29" count="2" type="stmt"/>
        <line num="37" count="4" type="stmt"/>
        <line num="38" count="1" type="stmt"/>
        <line num="39" count="1" type="stmt"/>
        <line num="40" count="1" type="stmt"/>
        <line num="41" count="1" type="stmt"/>
        <line num="42" count="1" type="stmt"/>
        <line num="44" count="0" type="stmt"/>
        <line num="46" count="1" type="stmt"/>
        <line num="50" count="4" type="stmt"/>
      </file>
    </package>
    <package name="src.commons.hooks.loans">
      <metrics statements="32" coveredstatements="32" conditionals="0" coveredconditionals="0" methods="6" coveredmethods="6"/>
      <file name="useLoans.ts" path="D:\_Dev\_Projects\Admiralis\front-ionic\src\commons\hooks\loans\useLoans.ts">
        <metrics statements="32" coveredstatements="32" conditionals="0" coveredconditionals="0" methods="6" coveredmethods="6"/>
        <line num="8" count="4" type="stmt"/>
        <line num="10" count="14" type="stmt"/>
        <line num="11" count="14" type="stmt"/>
        <line num="12" count="14" type="stmt"/>
        <line num="19" count="14" type="stmt"/>
        <line num="20" count="3" type="stmt"/>
        <line num="21" count="3" type="stmt"/>
        <line num="22" count="3" type="stmt"/>
        <line num="23" count="3" type="stmt"/>
        <line num="24" count="2" type="stmt"/>
        <line num="26" count="1" type="stmt"/>
        <line num="28" count="3" type="stmt"/>
        <line num="36" count="14" type="stmt"/>
        <line num="37" count="2" type="stmt"/>
        <line num="38" count="2" type="stmt"/>
        <line num="39" count="2" type="stmt"/>
        <line num="40" count="2" type="stmt"/>
        <line num="41" count="1" type="stmt"/>
        <line num="43" count="1" type="stmt"/>
        <line num="45" count="2" type="stmt"/>
        <line num="52" count="14" type="stmt"/>
        <line num="53" count="7" type="stmt"/>
        <line num="54" count="7" type="stmt"/>
        <line num="55" count="7" type="stmt"/>
        <line num="56" count="7" type="stmt"/>
        <line num="57" count="6" type="stmt"/>
        <line num="59" count="1" type="stmt"/>
        <line num="61" count="7" type="stmt"/>
        <line num="65" count="14" type="stmt"/>
        <line num="66" count="6" type="stmt"/>
        <line num="67" count="6" type="stmt"/>
        <line num="71" count="14" type="stmt"/>
      </file>
    </package>
    <package name="src.commons.hooks.scan">
      <metrics statements="11" coveredstatements="9" conditionals="8" coveredconditionals="5" methods="2" coveredmethods="2"/>
      <file name="useAutoRescan.ts" path="D:\_Dev\_Projects\Admiralis\front-ionic\src\commons\hooks\scan\useAutoRescan.ts">
        <metrics statements="11" coveredstatements="9" conditionals="8" coveredconditionals="5" methods="2" coveredmethods="2"/>
        <line num="9" count="4" type="stmt"/>
        <line num="11" count="8" type="stmt"/>
        <line num="12" count="8" type="stmt"/>
        <line num="14" count="8" type="stmt"/>
        <line num="16" count="8" type="cond" truecount="2" falsecount="0"/>
        <line num="17" count="4" type="stmt"/>
        <line num="19" count="4" type="cond" truecount="1" falsecount="1"/>
        <line num="20" count="0" type="stmt"/>
        <line num="23" count="4" type="cond" truecount="2" falsecount="2"/>
        <line num="24" count="0" type="stmt"/>
        <line num="28" count="8" type="stmt"/>
      </file>
    </package>
    <package name="src.commons.hooks.students">
      <metrics statements="24" coveredstatements="22" conditionals="0" coveredconditionals="0" methods="5" coveredmethods="5"/>
      <file name="useStudents.ts" path="D:\_Dev\_Projects\Admiralis\front-ionic\src\commons\hooks\students\useStudents.ts">
        <metrics statements="24" coveredstatements="22" conditionals="0" coveredconditionals="0" methods="5" coveredmethods="5"/>
        <line num="9" count="1" type="stmt"/>
        <line num="10" count="4" type="stmt"/>
        <line num="11" count="4" type="stmt"/>
        <line num="12" count="4" type="stmt"/>
        <line num="14" count="4" type="stmt"/>
        <line num="15" count="2" type="stmt"/>
        <line num="16" count="2" type="stmt"/>
        <line num="20" count="4" type="stmt"/>
        <line num="21" count="2" type="stmt"/>
        <line num="22" count="2" type="stmt"/>
        <line num="23" count="2" type="stmt"/>
        <line num="24" count="2" type="stmt"/>
        <line num="25" count="2" type="stmt"/>
        <line num="27" count="0" type="stmt"/>
        <line num="29" count="2" type="stmt"/>
        <line num="33" count="4" type="stmt"/>
        <line num="34" count="1" type="stmt"/>
        <line num="35" count="1" type="stmt"/>
        <line num="36" count="1" type="stmt"/>
        <line num="37" count="1" type="stmt"/>
        <line num="38" count="1" type="stmt"/>
        <line num="40" count="0" type="stmt"/>
        <line num="42" count="1" type="stmt"/>
        <line num="47" count="4" type="stmt"/>
      </file>
    </package>
    <package name="src.commons.services.computer">
      <metrics statements="17" coveredstatements="14" conditionals="4" coveredconditionals="2" methods="6" coveredmethods="6"/>
      <file name="Computer.service.ts" path="D:\_Dev\_Projects\Admiralis\front-ionic\src\commons\services\computer\Computer.service.ts">
        <metrics statements="17" coveredstatements="14" conditionals="4" coveredconditionals="2" methods="6" coveredmethods="6"/>
        <line num="9" count="1" type="stmt"/>
        <line num="13" count="1" type="stmt"/>
        <line num="14" count="1" type="cond" truecount="1" falsecount="1"/>
        <line num="15" count="1" type="stmt"/>
        <line num="17" count="0" type="stmt"/>
        <line num="21" count="4" type="stmt"/>
        <line num="22" count="4" type="cond" truecount="1" falsecount="1"/>
        <line num="23" count="4" type="stmt"/>
        <line num="25" count="0" type="stmt"/>
        <line num="30" count="2" type="stmt"/>
        <line num="34" count="1" type="stmt"/>
        <line num="35" count="1" type="stmt"/>
        <line num="37" count="1" type="stmt"/>
        <line num="42" count="1" type="stmt"/>
        <line num="43" count="1" type="stmt"/>
        <line num="44" count="1" type="stmt"/>
        <line num="46" count="0" type="stmt"/>
      </file>
    </package>
    <package name="src.commons.services.course">
      <metrics statements="14" coveredstatements="11" conditionals="6" coveredconditionals="3" methods="5" coveredmethods="5"/>
      <file name="Course.service.ts" path="D:\_Dev\_Projects\Admiralis\front-ionic\src\commons\services\course\Course.service.ts">
        <metrics statements="14" coveredstatements="11" conditionals="6" coveredconditionals="3" methods="5" coveredmethods="5"/>
        <line num="14" count="1" type="stmt"/>
        <line num="22" count="2" type="stmt"/>
        <line num="23" count="2" type="cond" truecount="1" falsecount="1"/>
        <line num="24" count="2" type="stmt"/>
        <line num="26" count="0" type="stmt"/>
        <line num="46" count="1" type="stmt"/>
        <line num="64" count="2" type="stmt"/>
        <line num="65" count="2" type="cond" truecount="1" falsecount="1"/>
        <line num="66" count="0" type="stmt"/>
        <line num="68" count="2" type="stmt"/>
        <line num="72" count="2" type="stmt"/>
        <line num="73" count="2" type="cond" truecount="1" falsecount="1"/>
        <line num="74" count="0" type="stmt"/>
        <line num="76" count="2" type="stmt"/>
      </file>
    </package>
    <package name="src.commons.services.loan">
      <metrics statements="43" coveredstatements="37" conditionals="18" coveredconditionals="9" methods="14" coveredmethods="14"/>
      <file name="Loan.service.ts" path="D:\_Dev\_Projects\Admiralis\front-ionic\src\commons\services\loan\Loan.service.ts">
        <metrics statements="43" coveredstatements="37" conditionals="18" coveredconditionals="9" methods="14" coveredmethods="14"/>
        <line num="14" count="1" type="stmt"/>
        <line num="15" count="1" type="stmt"/>
        <line num="16" count="2" type="stmt"/>
        <line num="18" count="1" type="stmt"/>
        <line num="26" count="2" type="stmt"/>
        <line num="27" count="1" type="cond" truecount="1" falsecount="1"/>
        <line num="28" count="1" type="stmt"/>
        <line num="29" count="1" type="stmt"/>
        <line num="31" count="0" type="stmt"/>
        <line num="39" count="1" type="stmt"/>
        <line num="40" count="1" type="cond" truecount="1" falsecount="1"/>
        <line num="41" count="1" type="stmt"/>
        <line num="42" count="1" type="stmt"/>
        <line num="44" count="0" type="stmt"/>
        <line num="52" count="1" type="stmt"/>
        <line num="53" count="1" type="cond" truecount="1" falsecount="1"/>
        <line num="54" count="2" type="stmt"/>
        <line num="55" count="1" type="stmt"/>
        <line num="57" count="0" type="stmt"/>
        <line num="61" count="1" type="stmt"/>
        <line num="62" count="1" type="cond" truecount="1" falsecount="1"/>
        <line num="63" count="1" type="stmt"/>
        <line num="64" count="1" type="stmt"/>
        <line num="66" count="0" type="stmt"/>
        <line num="74" count="1" type="stmt"/>
        <line num="75" count="1" type="cond" truecount="1" falsecount="1"/>
        <line num="76" count="2" type="stmt"/>
        <line num="77" count="1" type="stmt"/>
        <line num="79" count="0" type="stmt"/>
        <line num="87" count="1" type="stmt"/>
        <line num="88" count="1" type="stmt"/>
        <line num="96" count="1" type="stmt"/>
        <line num="97" count="1" type="stmt"/>
        <line num="101" count="1" type="cond" truecount="1" falsecount="1"/>
        <line num="102" count="1" type="stmt"/>
        <line num="103" count="1" type="stmt"/>
        <line num="105" count="0" type="stmt"/>
        <line num="114" count="12" type="stmt"/>
        <line num="115" count="12" type="cond" truecount="1" falsecount="1"/>
        <line num="116" count="12" type="cond" truecount="1" falsecount="1"/>
        <line num="117" count="12" type="stmt"/>
        <line num="118" count="12" type="cond" truecount="1" falsecount="1"/>
        <line num="120" count="12" type="stmt"/>
      </file>
    </package>
    <package name="src.commons.services.student">
      <metrics statements="11" coveredstatements="9" conditionals="4" coveredconditionals="2" methods="5" coveredmethods="5"/>
      <file name="Student.service.ts" path="D:\_Dev\_Projects\Admiralis\front-ionic\src\commons\services\student\Student.service.ts">
        <metrics statements="11" coveredstatements="9" conditionals="4" coveredconditionals="2" methods="5" coveredmethods="5"/>
        <line num="13" count="1" type="stmt"/>
        <line num="21" count="1" type="stmt"/>
        <line num="22" count="1" type="cond" truecount="1" falsecount="1"/>
        <line num="23" count="1" type="stmt"/>
        <line num="25" count="0" type="stmt"/>
        <line num="33" count="1" type="stmt"/>
        <line num="34" count="1" type="cond" truecount="1" falsecount="1"/>
        <line num="35" count="0" type="stmt"/>
        <line num="37" count="1" type="stmt"/>
        <line num="45" count="1" type="stmt"/>
        <line num="53" count="1" type="stmt"/>
      </file>
    </package>
    <package name="src.commons.utils.isValidateButtonDisabled">
      <metrics statements="4" coveredstatements="4" conditionals="2" coveredconditionals="2" methods="1" coveredmethods="1"/>
      <file name="isValidateButtonDisabled.ts" path="D:\_Dev\_Projects\Admiralis\front-ionic\src\commons\utils\isValidateButtonDisabled\isValidateButtonDisabled.ts">
        <metrics statements="4" coveredstatements="4" conditionals="2" coveredconditionals="2" methods="1" coveredmethods="1"/>
        <line num="4" count="6" type="stmt"/>
        <line num="5" count="18" type="cond" truecount="2" falsecount="0"/>
        <line num="6" count="14" type="stmt"/>
        <line num="8" count="4" type="stmt"/>
      </file>
    </package>
    <package name="src.commons.utils.submitOnEnter">
      <metrics statements="5" coveredstatements="5" conditionals="2" coveredconditionals="2" methods="1" coveredmethods="1"/>
      <file name="submitOnEnter.ts" path="D:\_Dev\_Projects\Admiralis\front-ionic\src\commons\utils\submitOnEnter\submitOnEnter.ts">
        <metrics statements="5" coveredstatements="5" conditionals="2" coveredconditionals="2" methods="1" coveredmethods="1"/>
        <line num="6" count="6" type="stmt"/>
        <line num="7" count="2" type="stmt"/>
        <line num="8" count="2" type="cond" truecount="2" falsecount="0"/>
        <line num="9" count="1" type="stmt"/>
        <line num="10" count="1" type="stmt"/>
      </file>
    </package>
    <package name="src.features.computer.AddComputer">
      <metrics statements="35" coveredstatements="21" conditionals="8" coveredconditionals="3" methods="10" coveredmethods="5"/>
      <file name="AddComputer.page.tsx" path="D:\_Dev\_Projects\Admiralis\front-ionic\src\features\computer\AddComputer\AddComputer.page.tsx">
        <metrics statements="35" coveredstatements="21" conditionals="8" coveredconditionals="3" methods="10" coveredmethods="5"/>
        <line num="20" count="2" type="stmt"/>
        <line num="22" count="6" type="stmt"/>
        <line num="23" count="6" type="stmt"/>
        <line num="24" count="6" type="stmt"/>
        <line num="25" count="6" type="stmt"/>
        <line num="26" count="6" type="stmt"/>
        <line num="28" count="6" type="stmt"/>
        <line num="29" count="6" type="stmt"/>
        <line num="30" count="6" type="stmt"/>
        <line num="33" count="6" type="stmt"/>
        <line num="34" count="3" type="cond" truecount="1" falsecount="1"/>
        <line num="35" count="3" type="stmt"/>
        <line num="39" count="6" type="stmt"/>
        <line num="40" count="3" type="stmt"/>
        <line num="43" count="6" type="stmt"/>
        <line num="46" count="6" type="cond" truecount="1" falsecount="1"/>
        <line num="49" count="6" type="stmt"/>
        <line num="51" count="3" type="cond" truecount="1" falsecount="1"/>
        <line num="52" count="0" type="stmt"/>
        <line num="53" count="0" type="stmt"/>
        <line num="54" count="0" type="stmt"/>
        <line num="63" count="6" type="stmt"/>
        <line num="64" count="0" type="stmt"/>
        <line num="65" count="0" type="cond" truecount="0" falsecount="2"/>
        <line num="66" count="0" type="stmt"/>
        <line num="68" count="0" type="stmt"/>
        <line num="77" count="0" type="stmt"/>
        <line num="78" count="0" type="stmt"/>
        <line num="85" count="0" type="stmt"/>
        <line num="86" count="0" type="stmt"/>
        <line num="87" count="0" type="stmt"/>
        <line num="95" count="6" type="stmt"/>
        <line num="96" count="0" type="stmt"/>
        <line num="97" count="0" type="stmt"/>
        <line num="100" count="6" type="stmt"/>
      </file>
    </package>
    <package name="src.features.computer.EditComputer">
      <metrics statements="29" coveredstatements="19" conditionals="6" coveredconditionals="3" methods="6" coveredmethods="3"/>
      <file name="EditComputer.page.tsx" path="D:\_Dev\_Projects\Admiralis\front-ionic\src\features\computer\EditComputer\EditComputer.page.tsx">
        <metrics statements="29" coveredstatements="19" conditionals="6" coveredconditionals="3" methods="6" coveredmethods="3"/>
        <line num="13" count="2" type="stmt"/>
        <line num="15" count="2" type="stmt"/>
        <line num="17" count="2" type="stmt"/>
        <line num="18" count="2" type="stmt"/>
        <line num="19" count="0" type="stmt"/>
        <line num="21" count="2" type="stmt"/>
        <line num="33" count="2" type="stmt"/>
        <line num="35" count="2" type="stmt"/>
        <line num="36" count="2" type="stmt"/>
        <line num="37" count="2" type="stmt"/>
        <line num="38" count="2" type="stmt"/>
        <line num="39" count="2" type="stmt"/>
        <line num="41" count="2" type="stmt"/>
        <line num="43" count="1" type="cond" truecount="1" falsecount="1"/>
        <line num="44" count="0" type="stmt"/>
        <line num="47" count="1" type="cond" truecount="1" falsecount="1"/>
        <line num="48" count="0" type="stmt"/>
        <line num="53" count="1" type="stmt"/>
        <line num="56" count="1" type="cond" truecount="1" falsecount="1"/>
        <line num="57" count="1" type="stmt"/>
        <line num="59" count="0" type="stmt"/>
        <line num="69" count="2" type="stmt"/>
        <line num="70" count="0" type="stmt"/>
        <line num="71" count="0" type="stmt"/>
        <line num="72" count="0" type="stmt"/>
        <line num="73" count="0" type="stmt"/>
        <line num="75" count="0" type="stmt"/>
        <line num="79" count="2" type="stmt"/>
        <line num="83" count="0" type="stmt"/>
      </file>
    </package>
    <package name="src.features.computer.EditComputer.components">
      <metrics statements="4" coveredstatements="4" conditionals="2" coveredconditionals="2" methods="3" coveredmethods="3"/>
      <file name="EditComputer.component.tsx" path="D:\_Dev\_Projects\Admiralis\front-ionic\src\features\computer\EditComputer\components\EditComputer.component.tsx">
        <metrics statements="4" coveredstatements="4" conditionals="2" coveredconditionals="2" methods="3" coveredmethods="3"/>
        <line num="14" count="5" type="stmt"/>
        <line num="16" count="43" type="stmt"/>
        <line num="20" count="43" type="stmt"/>
        <line num="31" count="16" type="stmt"/>
      </file>
    </package>
    <package name="src.features.computer.FindComputer">
      <metrics statements="27" coveredstatements="11" conditionals="6" coveredconditionals="1" methods="7" coveredmethods="2"/>
      <file name="FindComputer.page.tsx" path="D:\_Dev\_Projects\Admiralis\front-ionic\src\features\computer\FindComputer\FindComputer.page.tsx">
        <metrics statements="27" coveredstatements="11" conditionals="6" coveredconditionals="1" methods="7" coveredmethods="2"/>
        <line num="14" count="2" type="stmt"/>
        <line num="16" count="3" type="stmt"/>
        <line num="17" count="3" type="stmt"/>
        <line num="19" count="3" type="stmt"/>
        <line num="20" count="3" type="stmt"/>
        <line num="21" count="3" type="stmt"/>
        <line num="22" count="3" type="stmt"/>
        <line num="24" count="3" type="stmt"/>
        <line num="27" count="3" type="cond" truecount="1" falsecount="1"/>
        <line num="31" count="3" type="stmt"/>
        <line num="32" count="0" type="stmt"/>
        <line num="33" count="0" type="stmt"/>
        <line num="34" count="0" type="stmt"/>
        <line num="35" count="0" type="cond" truecount="0" falsecount="2"/>
        <line num="36" count="0" type="stmt"/>
        <line num="40" count="0" type="cond" truecount="0" falsecount="2"/>
        <line num="41" count="0" type="stmt"/>
        <line num="47" count="0" type="stmt"/>
        <line num="49" count="0" type="stmt"/>
        <line num="53" count="3" type="stmt"/>
        <line num="56" count="0" type="stmt"/>
        <line num="66" count="0" type="stmt"/>
        <line num="93" count="0" type="stmt"/>
        <line num="97" count="0" type="stmt"/>
        <line num="98" count="0" type="stmt"/>
        <line num="101" count="0" type="stmt"/>
        <line num="102" count="0" type="stmt"/>
      </file>
    </package>
    <package name="src.features.computer.ScanMenu">
      <metrics statements="4" coveredstatements="4" conditionals="0" coveredconditionals="0" methods="2" coveredmethods="2"/>
      <file name="ScanMenu.page.tsx" path="D:\_Dev\_Projects\Admiralis\front-ionic\src\features\computer\ScanMenu\ScanMenu.page.tsx">
        <metrics statements="4" coveredstatements="4" conditionals="0" coveredconditionals="0" methods="2" coveredmethods="2"/>
        <line num="10" count="1" type="stmt"/>
        <line num="11" count="2" type="stmt"/>
        <line num="17" count="1" type="stmt"/>
        <line num="18" count="2" type="stmt"/>
      </file>
    </package>
    <package name="src.features.computer.ScanMenu.ScanMenuActions">
      <metrics statements="4" coveredstatements="4" conditionals="0" coveredconditionals="0" methods="2" coveredmethods="2"/>
      <file name="ScanMenuActions.component.tsx" path="D:\_Dev\_Projects\Admiralis\front-ionic\src\features\computer\ScanMenu\ScanMenuActions\ScanMenuActions.component.tsx">
        <metrics statements="4" coveredstatements="4" conditionals="0" coveredconditionals="0" methods="2" coveredmethods="2"/>
        <line num="9" count="1" type="stmt"/>
        <line num="10" count="2" type="stmt"/>
        <line num="36" count="2" type="stmt"/>
        <line num="40" count="12" type="stmt"/>
      </file>
    </package>
    <package name="src.features.course.AddCourse">
      <metrics statements="37" coveredstatements="29" conditionals="9" coveredconditionals="4" methods="13" coveredmethods="10"/>
      <file name="AddCourse.component.tsx" path="D:\_Dev\_Projects\Admiralis\front-ionic\src\features\course\AddCourse\AddCourse.component.tsx">
        <metrics statements="4" coveredstatements="3" conditionals="0" coveredconditionals="0" methods="2" coveredmethods="1"/>
        <line num="18" count="2" type="stmt"/>
        <line num="19" count="4" type="stmt"/>
        <line num="20" count="4" type="stmt"/>
        <line num="31" count="0" type="stmt"/>
      </file>
      <file name="AddCourse.page.tsx" path="D:\_Dev\_Projects\Admiralis\front-ionic\src\features\course\AddCourse\AddCourse.page.tsx">
        <metrics statements="33" coveredstatements="26" conditionals="9" coveredconditionals="4" methods="11" coveredmethods="9"/>
        <line num="18" count="2" type="stmt"/>
        <line num="20" count="4" type="stmt"/>
        <line num="21" count="4" type="stmt"/>
        <line num="22" count="4" type="stmt"/>
        <line num="23" count="4" type="stmt"/>
        <line num="25" count="4" type="stmt"/>
        <line num="28" count="4" type="stmt"/>
        <line num="29" count="4" type="stmt"/>
        <line num="30" count="4" type="stmt"/>
        <line num="32" count="4" type="stmt"/>
        <line num="33" count="4" type="stmt"/>
        <line num="36" count="4" type="stmt"/>
        <line num="37" count="4" type="stmt"/>
        <line num="44" count="4" type="stmt"/>
        <line num="47" count="4" type="cond" truecount="1" falsecount="1"/>
        <line num="50" count="4" type="stmt"/>
        <line num="52" count="4" type="cond" truecount="1" falsecount="1"/>
        <line num="53" count="0" type="stmt"/>
        <line num="54" count="0" type="stmt"/>
        <line num="55" count="0" type="stmt"/>
        <line num="63" count="4" type="stmt"/>
        <line num="64" count="2" type="stmt"/>
        <line num="65" count="2" type="stmt"/>
        <line num="66" count="2" type="stmt"/>
        <line num="74" count="2" type="stmt"/>
        <line num="75" count="1" type="stmt"/>
        <line num="80" count="1" type="stmt"/>
        <line num="82" count="1" type="stmt"/>
        <line num="85" count="4" type="stmt"/>
        <line num="112" count="0" type="stmt"/>
        <line num="117" count="0" type="stmt"/>
        <line num="121" count="0" type="stmt"/>
        <line num="122" count="0" type="stmt"/>
      </file>
    </package>
    <package name="src.features.loan.CreateCollectiveLoan">
      <metrics statements="34" coveredstatements="34" conditionals="10" coveredconditionals="7" methods="9" coveredmethods="9"/>
      <file name="CreateCollectiveLoan.page.tsx" path="D:\_Dev\_Projects\Admiralis\front-ionic\src\features\loan\CreateCollectiveLoan\CreateCollectiveLoan.page.tsx">
        <metrics statements="34" coveredstatements="34" conditionals="10" coveredconditionals="7" methods="9" coveredmethods="9"/>
        <line num="18" count="2" type="stmt"/>
        <line num="20" count="27" type="stmt"/>
        <line num="21" count="27" type="stmt"/>
        <line num="22" count="27" type="stmt"/>
        <line num="23" count="27" type="stmt"/>
        <line num="24" count="27" type="stmt"/>
        <line num="26" count="27" type="stmt"/>
        <line num="27" count="27" type="stmt"/>
        <line num="28" count="27" type="stmt"/>
        <line num="30" count="27" type="stmt"/>
        <line num="31" count="19" type="cond" truecount="2" falsecount="0"/>
        <line num="32" count="1" type="stmt"/>
        <line num="35" count="18" type="cond" truecount="1" falsecount="1"/>
        <line num="36" count="18" type="stmt"/>
        <line num="39" count="18" type="cond" truecount="1" falsecount="1"/>
        <line num="40" count="18" type="stmt"/>
        <line num="43" count="18" type="stmt"/>
        <line num="47" count="27" type="stmt"/>
        <line num="48" count="14" type="stmt"/>
        <line num="59" count="27" type="stmt"/>
        <line num="60" count="7" type="cond" truecount="1" falsecount="1"/>
        <line num="63" count="27" type="stmt"/>
        <line num="64" count="1" type="stmt"/>
        <line num="67" count="27" type="stmt"/>
        <line num="68" count="1" type="stmt"/>
        <line num="69" count="1" type="stmt"/>
        <line num="70" count="1" type="stmt"/>
        <line num="74" count="27" type="stmt"/>
        <line num="75" count="1" type="stmt"/>
        <line num="76" count="1" type="stmt"/>
        <line num="77" count="1" type="stmt"/>
        <line num="80" count="27" type="stmt"/>
        <line num="113" count="1" type="stmt"/>
        <line num="120" count="1" type="stmt"/>
      </file>
    </package>
    <package name="src.features.loan.CreateIndividualLoan">
      <metrics statements="21" coveredstatements="13" conditionals="3" coveredconditionals="2" methods="10" coveredmethods="5"/>
      <file name="CreateIndividualLoan.page.tsx" path="D:\_Dev\_Projects\Admiralis\front-ionic\src\features\loan\CreateIndividualLoan\CreateIndividualLoan.page.tsx">
        <metrics statements="21" coveredstatements="13" conditionals="3" coveredconditionals="2" methods="10" coveredmethods="5"/>
        <line num="16" count="4" type="stmt"/>
        <line num="17" count="4" type="stmt"/>
        <line num="18" count="4" type="stmt"/>
        <line num="20" count="4" type="stmt"/>
        <line num="22" count="3" type="stmt"/>
        <line num="23" count="1" type="stmt"/>
        <line num="25" count="0" type="stmt"/>
        <line num="32" count="0" type="stmt"/>
        <line num="35" count="0" type="stmt"/>
        <line num="38" count="0" type="stmt"/>
        <line num="43" count="3" type="stmt"/>
        <line num="44" count="1" type="stmt"/>
        <line num="45" count="1" type="stmt"/>
        <line num="48" count="3" type="stmt"/>
        <line num="49" count="3" type="stmt"/>
        <line num="52" count="3" type="stmt"/>
        <line num="70" count="1" type="stmt"/>
        <line num="92" count="0" type="stmt"/>
        <line num="96" count="0" type="stmt"/>
        <line num="100" count="0" type="stmt"/>
        <line num="101" count="0" type="stmt"/>
      </file>
    </package>
    <package name="src.features.loan.EditIndividualLoan">
      <metrics statements="22" coveredstatements="0" conditionals="8" coveredconditionals="0" methods="6" coveredmethods="0"/>
      <file name="EditIndividualLoan.page.tsx" path="D:\_Dev\_Projects\Admiralis\front-ionic\src\features\loan\EditIndividualLoan\EditIndividualLoan.page.tsx">
        <metrics statements="22" coveredstatements="0" conditionals="8" coveredconditionals="0" methods="6" coveredmethods="0"/>
        <line num="14" count="0" type="stmt"/>
        <line num="15" count="0" type="stmt"/>
        <line num="17" count="0" type="stmt"/>
        <line num="18" count="0" type="stmt"/>
        <line num="19" count="0" type="stmt"/>
        <line num="22" count="0" type="stmt"/>
        <line num="23" count="0" type="stmt"/>
        <line num="24" count="0" type="stmt"/>
        <line num="25" count="0" type="stmt"/>
        <line num="27" count="0" type="stmt"/>
        <line num="31" count="0" type="stmt"/>
        <line num="33" count="0" type="cond" truecount="0" falsecount="2"/>
        <line num="34" count="0" type="stmt"/>
        <line num="37" count="0" type="cond" truecount="0" falsecount="2"/>
        <line num="38" count="0" type="stmt"/>
        <line num="41" count="0" type="cond" truecount="0" falsecount="2"/>
        <line num="42" count="0" type="stmt"/>
        <line num="44" count="0" type="stmt"/>
        <line num="49" count="0" type="stmt"/>
        <line num="53" count="0" type="stmt"/>
        <line num="71" count="0" type="stmt"/>
        <line num="81" count="0" type="stmt"/>
      </file>
    </package>
    <package name="src.features.loan.EndLoan">
      <metrics statements="25" coveredstatements="24" conditionals="13" coveredconditionals="11" methods="9" coveredmethods="8"/>
      <file name="EndLoan.page.tsx" path="D:\_Dev\_Projects\Admiralis\front-ionic\src\features\loan\EndLoan\EndLoan.page.tsx">
        <metrics statements="25" coveredstatements="24" conditionals="13" coveredconditionals="11" methods="9" coveredmethods="8"/>
        <line num="19" count="31" type="stmt"/>
        <line num="20" count="31" type="stmt"/>
        <line num="21" count="31" type="stmt"/>
        <line num="22" count="31" type="stmt"/>
        <line num="24" count="31" type="stmt"/>
        <line num="25" count="31" type="stmt"/>
        <line num="27" count="31" type="stmt"/>
        <line num="28" count="19" type="cond" truecount="1" falsecount="1"/>
        <line num="29" count="19" type="stmt"/>
        <line num="30" count="19" type="stmt"/>
        <line num="33" count="31" type="stmt"/>
        <line num="37" count="14" type="stmt"/>
        <line num="38" count="14" type="cond" truecount="2" falsecount="0"/>
        <line num="39" count="7" type="stmt"/>
        <line num="40" count="7" type="stmt"/>
        <line num="41" count="5" type="stmt"/>
        <line num="43" count="2" type="stmt"/>
        <line num="53" count="2" type="stmt"/>
        <line num="54" count="2" type="stmt"/>
        <line num="55" count="2" type="stmt"/>
        <line num="56" count="2" type="stmt"/>
        <line num="58" count="0" type="stmt"/>
        <line num="62" count="31" type="stmt"/>
        <line num="65" count="2" type="stmt"/>
        <line num="114" count="1" type="stmt"/>
      </file>
    </package>
  </project>
</coverage>
