{"D:\\_Dev\\_Projects\\Admiralis\\front-ionic\\src\\App.tsx": {"path":"D:\\_Dev\\_Projects\\Admiralis\\front-ionic\\src\\App.tsx","statementMap":{"0":{"start":{"line":47,"column":0},"end":{"line":47,"column":18}},"1":{"start":{"line":49,"column":22},"end":{"line":93,"column":5}},"2":{"start":{"line":50,"column":8},"end":{"line":92,"column":17}}},"fnMap":{"0":{"name":"(anonymous_0)","decl":{"start":{"line":49,"column":22},"end":{"line":49,"column":23}},"loc":{"start":{"line":50,"column":8},"end":{"line":92,"column":17}},"line":50}},"branchMap":{},"s":{"0":1,"1":1,"2":1},"f":{"0":1},"b":{},"_coverageSchema":"1a1c01bbd47fc00a2c39e90264f33305004495a9","hash":"558681d0e1859da2fe67fcf1ab371fb73cfa362b"}
,"D:\\_Dev\\_Projects\\Admiralis\\front-ionic\\src\\react-app-env.d.ts": {"path":"D:\\_Dev\\_Projects\\Admiralis\\front-ionic\\src\\react-app-env.d.ts","statementMap":{},"fnMap":{},"branchMap":{},"s":{},"f":{},"b":{}}
,"D:\\_Dev\\_Projects\\Admiralis\\front-ionic\\src\\commons\\components\\Buttons\\CommentButtons\\CommentsButtons.component.tsx": {"path":"D:\\_Dev\\_Projects\\Admiralis\\front-ionic\\src\\commons\\components\\Buttons\\CommentButtons\\CommentsButtons.component.tsx","statementMap":{"0":{"start":{"line":14,"column":33},"end":{"line":46,"column":1}},"1":{"start":{"line":16,"column":30},"end":{"line":16,"column":35}},"2":{"start":{"line":18,"column":4},"end":{"line":44,"column":5}}},"fnMap":{"0":{"name":"(anonymous_0)","decl":{"start":{"line":14,"column":33},"end":{"line":14,"column":34}},"loc":{"start":{"line":14,"column":75},"end":{"line":46,"column":1}},"line":14}},"branchMap":{"0":{"loc":{"start":{"line":20,"column":13},"end":{"line":28,"column":22}},"type":"binary-expr","locations":[{"start":{"line":20,"column":13},"end":{"line":20,"column":32}},{"start":{"line":21,"column":16},"end":{"line":28,"column":22}}],"line":20},"1":{"loc":{"start":{"line":31,"column":16},"end":{"line":41,"column":17}},"type":"binary-expr","locations":[{"start":{"line":31,"column":16},"end":{"line":31,"column":32}},{"start":{"line":33,"column":20},"end":{"line":40,"column":26}}],"line":31}},"s":{"0":8,"1":85,"2":85},"f":{"0":85},"b":{"0":[85,26],"1":[85,59]},"_coverageSchema":"1a1c01bbd47fc00a2c39e90264f33305004495a9","hash":"4feef1789de068465557a5dcbfd9764915c9f74d"}
,"D:\\_Dev\\_Projects\\Admiralis\\front-ionic\\src\\commons\\components\\Buttons\\LinuxButton\\LinuxButton.component.tsx": {"path":"D:\\_Dev\\_Projects\\Admiralis\\front-ionic\\src\\commons\\components\\Buttons\\LinuxButton\\LinuxButton.component.tsx","statementMap":{"0":{"start":{"line":21,"column":29},"end":{"line":62,"column":1}},"1":{"start":{"line":27,"column":21},"end":{"line":35,"column":5}},"2":{"start":{"line":28,"column":8},"end":{"line":34,"column":9}},"3":{"start":{"line":29,"column":12},"end":{"line":29,"column":28}},"4":{"start":{"line":30,"column":15},"end":{"line":34,"column":9}},"5":{"start":{"line":31,"column":12},"end":{"line":31,"column":28}},"6":{"start":{"line":33,"column":12},"end":{"line":33,"column":28}},"7":{"start":{"line":41,"column":20},"end":{"line":47,"column":5}},"8":{"start":{"line":42,"column":8},"end":{"line":46,"column":9}},"9":{"start":{"line":43,"column":12},"end":{"line":43,"column":23}},"10":{"start":{"line":45,"column":12},"end":{"line":45,"column":23}},"11":{"start":{"line":49,"column":24},"end":{"line":52,"column":5}},"12":{"start":{"line":50,"column":8},"end":{"line":50,"column":27}},"13":{"start":{"line":51,"column":8},"end":{"line":51,"column":40}},"14":{"start":{"line":54,"column":4},"end":{"line":61,"column":6}}},"fnMap":{"0":{"name":"(anonymous_0)","decl":{"start":{"line":21,"column":29},"end":{"line":21,"column":30}},"loc":{"start":{"line":21,"column":58},"end":{"line":62,"column":1}},"line":21},"1":{"name":"(anonymous_1)","decl":{"start":{"line":27,"column":21},"end":{"line":27,"column":22}},"loc":{"start":{"line":27,"column":27},"end":{"line":35,"column":5}},"line":27},"2":{"name":"(anonymous_2)","decl":{"start":{"line":41,"column":20},"end":{"line":41,"column":21}},"loc":{"start":{"line":41,"column":26},"end":{"line":47,"column":5}},"line":41},"3":{"name":"(anonymous_3)","decl":{"start":{"line":49,"column":24},"end":{"line":49,"column":25}},"loc":{"start":{"line":49,"column":64},"end":{"line":52,"column":5}},"line":49}},"branchMap":{"0":{"loc":{"start":{"line":28,"column":8},"end":{"line":34,"column":9}},"type":"if","locations":[{"start":{"line":28,"column":8},"end":{"line":34,"column":9}},{"start":{"line":30,"column":15},"end":{"line":34,"column":9}}],"line":28},"1":{"loc":{"start":{"line":30,"column":15},"end":{"line":34,"column":9}},"type":"if","locations":[{"start":{"line":30,"column":15},"end":{"line":34,"column":9}},{"start":{"line":32,"column":15},"end":{"line":34,"column":9}}],"line":30},"2":{"loc":{"start":{"line":42,"column":8},"end":{"line":46,"column":9}},"type":"if","locations":[{"start":{"line":42,"column":8},"end":{"line":46,"column":9}},{"start":{"line":44,"column":15},"end":{"line":46,"column":9}}],"line":42},"3":{"loc":{"start":{"line":51,"column":8},"end":{"line":51,"column":40}},"type":"binary-expr","locations":[{"start":{"line":51,"column":8},"end":{"line":51,"column":21}},{"start":{"line":51,"column":25},"end":{"line":51,"column":40}}],"line":51}},"s":{"0":19,"1":35,"2":35,"3":23,"4":12,"5":5,"6":7,"7":35,"8":70,"9":2,"10":68,"11":35,"12":1,"13":1,"14":35},"f":{"0":35,"1":35,"2":70,"3":1},"b":{"0":[23,12],"1":[5,7],"2":[2,68],"3":[1,1]},"_coverageSchema":"1a1c01bbd47fc00a2c39e90264f33305004495a9","hash":"c6a226626d505b367d4d1e80c5c63e839b322de2"}
,"D:\\_Dev\\_Projects\\Admiralis\\front-ionic\\src\\commons\\components\\Cards\\Card\\Card.component.tsx": {"path":"D:\\_Dev\\_Projects\\Admiralis\\front-ionic\\src\\commons\\components\\Cards\\Card\\Card.component.tsx","statementMap":{"0":{"start":{"line":31,"column":74},"end":{"line":31,"column":79}},"1":{"start":{"line":32,"column":38},"end":{"line":32,"column":59}},"2":{"start":{"line":33,"column":27},"end":{"line":35,"column":5}},"3":{"start":{"line":34,"column":8},"end":{"line":34,"column":33}},"4":{"start":{"line":37,"column":4},"end":{"line":54,"column":6}}},"fnMap":{"0":{"name":"CardComponent","decl":{"start":{"line":30,"column":24},"end":{"line":30,"column":37}},"loc":{"start":{"line":30,"column":58},"end":{"line":55,"column":1}},"line":30},"1":{"name":"(anonymous_1)","decl":{"start":{"line":33,"column":27},"end":{"line":33,"column":28}},"loc":{"start":{"line":33,"column":33},"end":{"line":35,"column":5}},"line":33}},"branchMap":{"0":{"loc":{"start":{"line":39,"column":63},"end":{"line":39,"column":88}},"type":"cond-expr","locations":[{"start":{"line":39,"column":70},"end":{"line":39,"column":83}},{"start":{"line":39,"column":86},"end":{"line":39,"column":88}}],"line":39},"1":{"loc":{"start":{"line":42,"column":45},"end":{"line":42,"column":69}},"type":"cond-expr","locations":[{"start":{"line":42,"column":52},"end":{"line":42,"column":64}},{"start":{"line":42,"column":67},"end":{"line":42,"column":69}}],"line":42},"2":{"loc":{"start":{"line":50,"column":26},"end":{"line":50,"column":42}},"type":"binary-expr","locations":[{"start":{"line":50,"column":26},"end":{"line":50,"column":33}},{"start":{"line":50,"column":37},"end":{"line":50,"column":42}}],"line":50}},"s":{"0":176,"1":175,"2":175,"3":1,"4":175},"f":{"0":176,"1":1},"b":{"0":[108,67],"1":[108,67],"2":[175,7]},"_coverageSchema":"1a1c01bbd47fc00a2c39e90264f33305004495a9","hash":"86644e3d2204dace4228e387b68d360de0a0ca6b"}
,"D:\\_Dev\\_Projects\\Admiralis\\front-ionic\\src\\commons\\components\\Cards\\components\\CardAlert\\CardAlert.component.tsx": {"path":"D:\\_Dev\\_Projects\\Admiralis\\front-ionic\\src\\commons\\components\\Cards\\components\\CardAlert\\CardAlert.component.tsx","statementMap":{"0":{"start":{"line":10,"column":27},"end":{"line":10,"column":32}},"1":{"start":{"line":12,"column":4},"end":{"line":17,"column":8}}},"fnMap":{"0":{"name":"CardAlertComponent","decl":{"start":{"line":9,"column":16},"end":{"line":9,"column":34}},"loc":{"start":{"line":9,"column":58},"end":{"line":18,"column":1}},"line":9}},"branchMap":{"0":{"loc":{"start":{"line":13,"column":9},"end":{"line":15,"column":71}},"type":"cond-expr","locations":[{"start":{"line":14,"column":12},"end":{"line":14,"column":104}},{"start":{"line":15,"column":12},"end":{"line":15,"column":71}}],"line":13},"1":{"loc":{"start":{"line":14,"column":79},"end":{"line":14,"column":94}},"type":"cond-expr","locations":[{"start":{"line":14,"column":87},"end":{"line":14,"column":89}},{"start":{"line":14,"column":92},"end":{"line":14,"column":94}}],"line":14}},"s":{"0":178,"1":178},"f":{"0":178},"b":{"0":[3,175],"1":[1,2]},"_coverageSchema":"1a1c01bbd47fc00a2c39e90264f33305004495a9","hash":"9114f81a19d3d8b4071db34be72618be574db127"}
,"D:\\_Dev\\_Projects\\Admiralis\\front-ionic\\src\\commons\\components\\Cards\\components\\CardButtons\\CardButtons.component.tsx": {"path":"D:\\_Dev\\_Projects\\Admiralis\\front-ionic\\src\\commons\\components\\Cards\\components\\CardButtons\\CardButtons.component.tsx","statementMap":{"0":{"start":{"line":11,"column":4},"end":{"line":21,"column":8}}},"fnMap":{"0":{"name":"CardButtonsComponent","decl":{"start":{"line":10,"column":16},"end":{"line":10,"column":36}},"loc":{"start":{"line":10,"column":62},"end":{"line":22,"column":1}},"line":10}},"branchMap":{"0":{"loc":{"start":{"line":13,"column":12},"end":{"line":19,"column":81}},"type":"cond-expr","locations":[{"start":{"line":14,"column":16},"end":{"line":18,"column":22}},{"start":{"line":19,"column":16},"end":{"line":19,"column":81}}],"line":13},"1":{"loc":{"start":{"line":15,"column":21},"end":{"line":17,"column":82}},"type":"cond-expr","locations":[{"start":{"line":16,"column":24},"end":{"line":16,"column":67}},{"start":{"line":17,"column":24},"end":{"line":17,"column":82}}],"line":15}},"s":{"0":179},"f":{"0":179},"b":{"0":[5,174],"1":[1,4]},"_coverageSchema":"1a1c01bbd47fc00a2c39e90264f33305004495a9","hash":"ac3c57a0de44d2e4498c380f99ce75fffbbd35bd"}
,"D:\\_Dev\\_Projects\\Admiralis\\front-ionic\\src\\commons\\components\\Cards\\components\\CardContent\\CardContent.component.tsx": {"path":"D:\\_Dev\\_Projects\\Admiralis\\front-ionic\\src\\commons\\components\\Cards\\components\\CardContent\\CardContent.component.tsx","statementMap":{"0":{"start":{"line":12,"column":4},"end":{"line":25,"column":8}}},"fnMap":{"0":{"name":"CardContentComponent","decl":{"start":{"line":11,"column":16},"end":{"line":11,"column":36}},"loc":{"start":{"line":11,"column":62},"end":{"line":26,"column":1}},"line":11}},"branchMap":{"0":{"loc":{"start":{"line":13,"column":9},"end":{"line":24,"column":29}},"type":"cond-expr","locations":[{"start":{"line":15,"column":12},"end":{"line":15,"column":54}},{"start":{"line":17,"column":12},"end":{"line":24,"column":29}}],"line":13},"1":{"loc":{"start":{"line":13,"column":9},"end":{"line":13,"column":45}},"type":"binary-expr","locations":[{"start":{"line":13,"column":9},"end":{"line":13,"column":26}},{"start":{"line":13,"column":30},"end":{"line":13,"column":45}}],"line":13}},"s":{"0":180},"f":{"0":180},"b":{"0":[1,178],"1":[180,4]},"_coverageSchema":"1a1c01bbd47fc00a2c39e90264f33305004495a9","hash":"591f9eeb84348a935ea53be98038e0b4c126cdba"}
,"D:\\_Dev\\_Projects\\Admiralis\\front-ionic\\src\\commons\\components\\Forms\\Comments\\Comments.component.tsx": {"path":"D:\\_Dev\\_Projects\\Admiralis\\front-ionic\\src\\commons\\components\\Forms\\Comments\\Comments.component.tsx","statementMap":{"0":{"start":{"line":16,"column":33},"end":{"line":28,"column":1}},"1":{"start":{"line":17,"column":4},"end":{"line":27,"column":5}}},"fnMap":{"0":{"name":"(anonymous_0)","decl":{"start":{"line":16,"column":33},"end":{"line":16,"column":34}},"loc":{"start":{"line":16,"column":68},"end":{"line":28,"column":1}},"line":16}},"branchMap":{},"s":{"0":6,"1":44},"f":{"0":44},"b":{},"_coverageSchema":"1a1c01bbd47fc00a2c39e90264f33305004495a9","hash":"a27d93c702ea87b4e9556267fa810ae27cd405f7"}
,"D:\\_Dev\\_Projects\\Admiralis\\front-ionic\\src\\commons\\components\\Forms\\Comments\\CommentIterator\\CommentIterator.component.tsx": {"path":"D:\\_Dev\\_Projects\\Admiralis\\front-ionic\\src\\commons\\components\\Forms\\Comments\\CommentIterator\\CommentIterator.component.tsx","statementMap":{"0":{"start":{"line":18,"column":40},"end":{"line":91,"column":1}},"1":{"start":{"line":19,"column":40},"end":{"line":19,"column":62}},"2":{"start":{"line":21,"column":4},"end":{"line":25,"column":10}},"3":{"start":{"line":22,"column":8},"end":{"line":22,"column":26}},"4":{"start":{"line":23,"column":8},"end":{"line":23,"column":69}},"5":{"start":{"line":30,"column":23},"end":{"line":36,"column":5}},"6":{"start":{"line":31,"column":8},"end":{"line":33,"column":9}},"7":{"start":{"line":32,"column":12},"end":{"line":32,"column":19}},"8":{"start":{"line":34,"column":8},"end":{"line":34,"column":110}},"9":{"start":{"line":35,"column":8},"end":{"line":35,"column":26}},"10":{"start":{"line":42,"column":26},"end":{"line":44,"column":5}},"11":{"start":{"line":43,"column":8},"end":{"line":43,"column":93}},"12":{"start":{"line":43,"column":80},"end":{"line":43,"column":91}},"13":{"start":{"line":50,"column":23},"end":{"line":55,"column":5}},"14":{"start":{"line":51,"column":8},"end":{"line":53,"column":9}},"15":{"start":{"line":52,"column":12},"end":{"line":52,"column":19}},"16":{"start":{"line":54,"column":8},"end":{"line":54,"column":21}},"17":{"start":{"line":57,"column":4},"end":{"line":90,"column":5}},"18":{"start":{"line":61,"column":20},"end":{"line":74,"column":21}},"19":{"start":{"line":71,"column":47},"end":{"line":71,"column":67}},"20":{"start":{"line":79,"column":62},"end":{"line":79,"column":91}},"21":{"start":{"line":86,"column":35},"end":{"line":86,"column":47}}},"fnMap":{"0":{"name":"(anonymous_0)","decl":{"start":{"line":18,"column":40},"end":{"line":18,"column":41}},"loc":{"start":{"line":18,"column":73},"end":{"line":91,"column":1}},"line":18},"1":{"name":"(anonymous_1)","decl":{"start":{"line":21,"column":14},"end":{"line":21,"column":15}},"loc":{"start":{"line":21,"column":20},"end":{"line":25,"column":5}},"line":21},"2":{"name":"(anonymous_2)","decl":{"start":{"line":30,"column":23},"end":{"line":30,"column":24}},"loc":{"start":{"line":30,"column":29},"end":{"line":36,"column":5}},"line":30},"3":{"name":"(anonymous_3)","decl":{"start":{"line":42,"column":26},"end":{"line":42,"column":27}},"loc":{"start":{"line":42,"column":45},"end":{"line":44,"column":5}},"line":42},"4":{"name":"(anonymous_4)","decl":{"start":{"line":43,"column":70},"end":{"line":43,"column":71}},"loc":{"start":{"line":43,"column":80},"end":{"line":43,"column":91}},"line":43},"5":{"name":"(anonymous_5)","decl":{"start":{"line":50,"column":23},"end":{"line":50,"column":24}},"loc":{"start":{"line":50,"column":29},"end":{"line":55,"column":5}},"line":50},"6":{"name":"(anonymous_6)","decl":{"start":{"line":60,"column":53},"end":{"line":60,"column":54}},"loc":{"start":{"line":60,"column":73},"end":{"line":75,"column":17}},"line":60},"7":{"name":"(anonymous_7)","decl":{"start":{"line":71,"column":41},"end":{"line":71,"column":42}},"loc":{"start":{"line":71,"column":47},"end":{"line":71,"column":67}},"line":71},"8":{"name":"(anonymous_8)","decl":{"start":{"line":79,"column":50},"end":{"line":79,"column":51}},"loc":{"start":{"line":79,"column":62},"end":{"line":79,"column":91}},"line":79},"9":{"name":"(anonymous_9)","decl":{"start":{"line":86,"column":29},"end":{"line":86,"column":30}},"loc":{"start":{"line":86,"column":35},"end":{"line":86,"column":47}},"line":86}},"branchMap":{"0":{"loc":{"start":{"line":23,"column":8},"end":{"line":23,"column":68}},"type":"binary-expr","locations":[{"start":{"line":23,"column":8},"end":{"line":23,"column":25}},{"start":{"line":23,"column":29},"end":{"line":23,"column":68}}],"line":23},"1":{"loc":{"start":{"line":23,"column":47},"end":{"line":23,"column":67}},"type":"binary-expr","locations":[{"start":{"line":23,"column":47},"end":{"line":23,"column":61}},{"start":{"line":23,"column":65},"end":{"line":23,"column":67}}],"line":23},"2":{"loc":{"start":{"line":31,"column":8},"end":{"line":33,"column":9}},"type":"if","locations":[{"start":{"line":31,"column":8},"end":{"line":33,"column":9}},{"start":{},"end":{}}],"line":31},"3":{"loc":{"start":{"line":34,"column":8},"end":{"line":34,"column":110}},"type":"binary-expr","locations":[{"start":{"line":34,"column":8},"end":{"line":34,"column":25}},{"start":{"line":34,"column":29},"end":{"line":34,"column":110}}],"line":34},"4":{"loc":{"start":{"line":43,"column":8},"end":{"line":43,"column":93}},"type":"binary-expr","locations":[{"start":{"line":43,"column":8},"end":{"line":43,"column":25}},{"start":{"line":43,"column":29},"end":{"line":43,"column":93}}],"line":43},"5":{"loc":{"start":{"line":51,"column":8},"end":{"line":53,"column":9}},"type":"if","locations":[{"start":{"line":51,"column":8},"end":{"line":53,"column":9}},{"start":{},"end":{}}],"line":51},"6":{"loc":{"start":{"line":60,"column":16},"end":{"line":75,"column":18}},"type":"binary-expr","locations":[{"start":{"line":60,"column":16},"end":{"line":60,"column":30}},{"start":{"line":60,"column":34},"end":{"line":75,"column":18}}],"line":60}},"s":{"0":7,"1":57,"2":57,"3":24,"4":24,"5":57,"6":3,"7":1,"8":2,"9":2,"10":57,"11":0,"12":0,"13":57,"14":2,"15":1,"16":1,"17":57,"18":24,"19":0,"20":6,"21":2},"f":{"0":57,"1":24,"2":3,"3":0,"4":0,"5":2,"6":24,"7":0,"8":6,"9":2},"b":{"0":[24,20],"1":[20,15],"2":[1,2],"3":[2,2],"4":[0,0],"5":[1,1],"6":[57,40]},"_coverageSchema":"1a1c01bbd47fc00a2c39e90264f33305004495a9","hash":"7fcdb4933fdc879956a80428a52e3a5d723abf6f"}
,"D:\\_Dev\\_Projects\\Admiralis\\front-ionic\\src\\commons\\components\\Forms\\ComputerAddForm\\ComputerAddFormComponent.tsx": {"path":"D:\\_Dev\\_Projects\\Admiralis\\front-ionic\\src\\commons\\components\\Forms\\ComputerAddForm\\ComputerAddFormComponent.tsx","statementMap":{"0":{"start":{"line":16,"column":40},"end":{"line":41,"column":1}},"1":{"start":{"line":18,"column":4},"end":{"line":40,"column":5}},"2":{"start":{"line":30,"column":24},"end":{"line":30,"column":64}},"3":{"start":{"line":31,"column":24},"end":{"line":34,"column":26}}},"fnMap":{"0":{"name":"(anonymous_0)","decl":{"start":{"line":16,"column":40},"end":{"line":16,"column":41}},"loc":{"start":{"line":16,"column":82},"end":{"line":41,"column":1}},"line":16},"1":{"name":"(anonymous_1)","decl":{"start":{"line":29,"column":33},"end":{"line":29,"column":34}},"loc":{"start":{"line":29,"column":38},"end":{"line":35,"column":21}},"line":29}},"branchMap":{},"s":{"0":18,"1":8,"2":1,"3":1},"f":{"0":8,"1":1},"b":{},"_coverageSchema":"1a1c01bbd47fc00a2c39e90264f33305004495a9","hash":"6e9ef3d103f73910d74cc03ddc51bc329e4c99e7"}
,"D:\\_Dev\\_Projects\\Admiralis\\front-ionic\\src\\commons\\components\\Forms\\ComputerForm\\ComputerForm.component.tsx": {"path":"D:\\_Dev\\_Projects\\Admiralis\\front-ionic\\src\\commons\\components\\Forms\\ComputerForm\\ComputerForm.component.tsx","statementMap":{"0":{"start":{"line":11,"column":37},"end":{"line":49,"column":1}},"1":{"start":{"line":12,"column":4},"end":{"line":48,"column":5}},"2":{"start":{"line":17,"column":37},"end":{"line":20,"column":39}},"3":{"start":{"line":25,"column":37},"end":{"line":28,"column":39}},"4":{"start":{"line":33,"column":37},"end":{"line":36,"column":39}},"5":{"start":{"line":41,"column":37},"end":{"line":44,"column":39}}},"fnMap":{"0":{"name":"(anonymous_0)","decl":{"start":{"line":11,"column":37},"end":{"line":11,"column":38}},"loc":{"start":{"line":11,"column":76},"end":{"line":49,"column":1}},"line":11},"1":{"name":"(anonymous_1)","decl":{"start":{"line":15,"column":46},"end":{"line":15,"column":47}},"loc":{"start":{"line":15,"column":58},"end":{"line":21,"column":34}},"line":15},"2":{"name":"(anonymous_2)","decl":{"start":{"line":24,"column":46},"end":{"line":24,"column":47}},"loc":{"start":{"line":24,"column":58},"end":{"line":29,"column":34}},"line":24},"3":{"name":"(anonymous_3)","decl":{"start":{"line":32,"column":46},"end":{"line":32,"column":47}},"loc":{"start":{"line":32,"column":58},"end":{"line":37,"column":34}},"line":32},"4":{"name":"(anonymous_4)","decl":{"start":{"line":40,"column":46},"end":{"line":40,"column":47}},"loc":{"start":{"line":40,"column":58},"end":{"line":45,"column":34}},"line":40}},"branchMap":{"0":{"loc":{"start":{"line":14,"column":58},"end":{"line":14,"column":94}},"type":"binary-expr","locations":[{"start":{"line":14,"column":58},"end":{"line":14,"column":88}},{"start":{"line":14,"column":92},"end":{"line":14,"column":94}}],"line":14},"1":{"loc":{"start":{"line":23,"column":52},"end":{"line":23,"column":83}},"type":"binary-expr","locations":[{"start":{"line":23,"column":52},"end":{"line":23,"column":77}},{"start":{"line":23,"column":81},"end":{"line":23,"column":83}}],"line":23},"2":{"loc":{"start":{"line":31,"column":59},"end":{"line":31,"column":96}},"type":"binary-expr","locations":[{"start":{"line":31,"column":59},"end":{"line":31,"column":90}},{"start":{"line":31,"column":94},"end":{"line":31,"column":96}}],"line":31},"3":{"loc":{"start":{"line":39,"column":53},"end":{"line":39,"column":90}},"type":"binary-expr","locations":[{"start":{"line":39,"column":53},"end":{"line":39,"column":84}},{"start":{"line":39,"column":88},"end":{"line":39,"column":90}}],"line":39}},"s":{"0":18,"1":57,"2":1,"3":1,"4":1,"5":1},"f":{"0":57,"1":1,"2":1,"3":1,"4":1},"b":{"0":[57,26],"1":[57,26],"2":[57,26],"3":[57,26]},"_coverageSchema":"1a1c01bbd47fc00a2c39e90264f33305004495a9","hash":"508ecfa996a37af02f78a6e9e27b65e9905f5e65"}
,"D:\\_Dev\\_Projects\\Admiralis\\front-ionic\\src\\commons\\components\\Forms\\CourseForm\\CourseForm.component.tsx": {"path":"D:\\_Dev\\_Projects\\Admiralis\\front-ionic\\src\\commons\\components\\Forms\\CourseForm\\CourseForm.component.tsx","statementMap":{"0":{"start":{"line":18,"column":28},"end":{"line":64,"column":1}},"1":{"start":{"line":19,"column":61},"end":{"line":19,"column":66}},"2":{"start":{"line":21,"column":4},"end":{"line":63,"column":11}},"3":{"start":{"line":24,"column":33},"end":{"line":27,"column":35}},"4":{"start":{"line":35,"column":16},"end":{"line":38,"column":18}},"5":{"start":{"line":48,"column":16},"end":{"line":51,"column":18}},"6":{"start":{"line":56,"column":33},"end":{"line":59,"column":35}}},"fnMap":{"0":{"name":"(anonymous_0)","decl":{"start":{"line":18,"column":28},"end":{"line":18,"column":29}},"loc":{"start":{"line":18,"column":65},"end":{"line":64,"column":1}},"line":18},"1":{"name":"(anonymous_1)","decl":{"start":{"line":23,"column":42},"end":{"line":23,"column":43}},"loc":{"start":{"line":23,"column":54},"end":{"line":28,"column":30}},"line":23},"2":{"name":"(anonymous_2)","decl":{"start":{"line":34,"column":22},"end":{"line":34,"column":23}},"loc":{"start":{"line":34,"column":29},"end":{"line":39,"column":13}},"line":34},"3":{"name":"(anonymous_3)","decl":{"start":{"line":47,"column":22},"end":{"line":47,"column":23}},"loc":{"start":{"line":47,"column":29},"end":{"line":52,"column":13}},"line":47},"4":{"name":"(anonymous_4)","decl":{"start":{"line":55,"column":42},"end":{"line":55,"column":43}},"loc":{"start":{"line":55,"column":54},"end":{"line":60,"column":30}},"line":55}},"branchMap":{"0":{"loc":{"start":{"line":19,"column":11},"end":{"line":19,"column":39}},"type":"default-arg","locations":[{"start":{"line":19,"column":27},"end":{"line":19,"column":39}}],"line":19},"1":{"loc":{"start":{"line":22,"column":53},"end":{"line":22,"column":78}},"type":"binary-expr","locations":[{"start":{"line":22,"column":53},"end":{"line":22,"column":72}},{"start":{"line":22,"column":76},"end":{"line":22,"column":78}}],"line":22},"2":{"loc":{"start":{"line":44,"column":17},"end":{"line":44,"column":81}},"type":"binary-expr","locations":[{"start":{"line":44,"column":17},"end":{"line":44,"column":40}},{"start":{"line":44,"column":44},"end":{"line":44,"column":81}}],"line":44},"3":{"loc":{"start":{"line":45,"column":35},"end":{"line":45,"column":99}},"type":"binary-expr","locations":[{"start":{"line":45,"column":35},"end":{"line":45,"column":58}},{"start":{"line":45,"column":62},"end":{"line":45,"column":99}}],"line":45},"4":{"loc":{"start":{"line":54,"column":49},"end":{"line":54,"column":74}},"type":"binary-expr","locations":[{"start":{"line":54,"column":49},"end":{"line":54,"column":68}},{"start":{"line":54,"column":72},"end":{"line":54,"column":74}}],"line":54}},"s":{"0":7,"1":34,"2":33,"3":2,"4":0,"5":0,"6":1},"f":{"0":34,"1":2,"2":0,"3":0,"4":1},"b":{"0":[0],"1":[33,20],"2":[33,13],"3":[33,13],"4":[33,20]},"_coverageSchema":"1a1c01bbd47fc00a2c39e90264f33305004495a9","hash":"783c55e5b02e5c317792938014197fe4659f88ea"}
,"D:\\_Dev\\_Projects\\Admiralis\\front-ionic\\src\\commons\\components\\Forms\\IndividualLoanForm\\IndividualLoanForm.component.tsx": {"path":"D:\\_Dev\\_Projects\\Admiralis\\front-ionic\\src\\commons\\components\\Forms\\IndividualLoanForm\\IndividualLoanForm.component.tsx","statementMap":{"0":{"start":{"line":14,"column":41},"end":{"line":14,"column":46}},"1":{"start":{"line":15,"column":18},"end":{"line":15,"column":28}},"2":{"start":{"line":18,"column":8},"end":{"line":18,"column":123}},"3":{"start":{"line":21,"column":4},"end":{"line":37,"column":21}},"4":{"start":{"line":23,"column":8},"end":{"line":35,"column":9}},"5":{"start":{"line":24,"column":12},"end":{"line":28,"column":14}},"6":{"start":{"line":30,"column":12},"end":{"line":34,"column":14}},"7":{"start":{"line":39,"column":4},"end":{"line":102,"column":6}},"8":{"start":{"line":45,"column":20},"end":{"line":52,"column":21}},"9":{"start":{"line":60,"column":20},"end":{"line":66,"column":30}},"10":{"start":{"line":73,"column":20},"end":{"line":76,"column":22}},"11":{"start":{"line":83,"column":20},"end":{"line":86,"column":22}},"12":{"start":{"line":95,"column":20},"end":{"line":98,"column":22}}},"fnMap":{"0":{"name":"IndividualLoanFormComponent","decl":{"start":{"line":12,"column":9},"end":{"line":12,"column":36}},"loc":{"start":{"line":12,"column":74},"end":{"line":103,"column":1}},"line":12},"1":{"name":"computeStartDate","decl":{"start":{"line":17,"column":13},"end":{"line":17,"column":29}},"loc":{"start":{"line":17,"column":32},"end":{"line":19,"column":5}},"line":17},"2":{"name":"(anonymous_2)","decl":{"start":{"line":21,"column":20},"end":{"line":21,"column":21}},"loc":{"start":{"line":21,"column":26},"end":{"line":37,"column":5}},"line":21},"3":{"name":"(anonymous_3)","decl":{"start":{"line":44,"column":29},"end":{"line":44,"column":30}},"loc":{"start":{"line":44,"column":40},"end":{"line":53,"column":17}},"line":44},"4":{"name":"(anonymous_4)","decl":{"start":{"line":59,"column":29},"end":{"line":59,"column":30}},"loc":{"start":{"line":59,"column":40},"end":{"line":67,"column":17}},"line":59},"5":{"name":"(anonymous_5)","decl":{"start":{"line":72,"column":27},"end":{"line":72,"column":28}},"loc":{"start":{"line":72,"column":42},"end":{"line":77,"column":17}},"line":72},"6":{"name":"(anonymous_6)","decl":{"start":{"line":82,"column":26},"end":{"line":82,"column":27}},"loc":{"start":{"line":82,"column":37},"end":{"line":87,"column":17}},"line":82},"7":{"name":"(anonymous_7)","decl":{"start":{"line":94,"column":26},"end":{"line":94,"column":27}},"loc":{"start":{"line":94,"column":37},"end":{"line":99,"column":17}},"line":94}},"branchMap":{"0":{"loc":{"start":{"line":14,"column":11},"end":{"line":14,"column":28}},"type":"default-arg","locations":[{"start":{"line":14,"column":18},"end":{"line":14,"column":28}}],"line":14},"1":{"loc":{"start":{"line":18,"column":15},"end":{"line":18,"column":122}},"type":"cond-expr","locations":[{"start":{"line":18,"column":83},"end":{"line":18,"column":114}},{"start":{"line":18,"column":117},"end":{"line":18,"column":122}}],"line":18},"2":{"loc":{"start":{"line":18,"column":15},"end":{"line":18,"column":80}},"type":"binary-expr","locations":[{"start":{"line":18,"column":15},"end":{"line":18,"column":37}},{"start":{"line":18,"column":41},"end":{"line":18,"column":80}}],"line":18},"3":{"loc":{"start":{"line":23,"column":8},"end":{"line":35,"column":9}},"type":"if","locations":[{"start":{"line":23,"column":8},"end":{"line":35,"column":9}},{"start":{"line":29,"column":15},"end":{"line":35,"column":9}}],"line":23},"4":{"loc":{"start":{"line":43,"column":23},"end":{"line":43,"column":52}},"type":"binary-expr","locations":[{"start":{"line":43,"column":23},"end":{"line":43,"column":46}},{"start":{"line":43,"column":50},"end":{"line":43,"column":52}}],"line":43},"5":{"loc":{"start":{"line":58,"column":23},"end":{"line":58,"column":51}},"type":"binary-expr","locations":[{"start":{"line":58,"column":23},"end":{"line":58,"column":45}},{"start":{"line":58,"column":49},"end":{"line":58,"column":51}}],"line":58},"6":{"loc":{"start":{"line":71,"column":24},"end":{"line":71,"column":59}},"type":"binary-expr","locations":[{"start":{"line":71,"column":24},"end":{"line":71,"column":35}},{"start":{"line":71,"column":39},"end":{"line":71,"column":59}}],"line":71},"7":{"loc":{"start":{"line":92,"column":21},"end":{"line":92,"column":172}},"type":"cond-expr","locations":[{"start":{"line":92,"column":44},"end":{"line":92,"column":87}},{"start":{"line":92,"column":90},"end":{"line":92,"column":172}}],"line":92},"8":{"loc":{"start":{"line":93,"column":23},"end":{"line":93,"column":44}},"type":"binary-expr","locations":[{"start":{"line":93,"column":23},"end":{"line":93,"column":36}},{"start":{"line":93,"column":40},"end":{"line":93,"column":44}}],"line":93}},"s":{"0":15,"1":14,"2":14,"3":14,"4":14,"5":0,"6":14,"7":14,"8":1,"9":1,"10":0,"11":0,"12":0},"f":{"0":15,"1":14,"2":14,"3":1,"4":1,"5":0,"6":0,"7":0},"b":{"0":[0],"1":[0,14],"2":[14,0],"3":[0,14],"4":[14,9],"5":[14,9],"6":[14,14],"7":[0,14],"8":[14,9]},"_coverageSchema":"1a1c01bbd47fc00a2c39e90264f33305004495a9","hash":"48e1b994b0e1a81dfce62f500ea0561f5d790c19"}
,"D:\\_Dev\\_Projects\\Admiralis\\front-ionic\\src\\commons\\components\\Forms\\Inputs\\AsciiDate\\AsciiDate.component.tsx": {"path":"D:\\_Dev\\_Projects\\Admiralis\\front-ionic\\src\\commons\\components\\Forms\\Inputs\\AsciiDate\\AsciiDate.component.tsx","statementMap":{"0":{"start":{"line":26,"column":40},"end":{"line":71,"column":1}},"1":{"start":{"line":28,"column":50},"end":{"line":28,"column":80}},"2":{"start":{"line":30,"column":57},"end":{"line":30,"column":62}},"3":{"start":{"line":32,"column":4},"end":{"line":70,"column":6}},"4":{"start":{"line":41,"column":46},"end":{"line":41,"column":69}}},"fnMap":{"0":{"name":"(anonymous_0)","decl":{"start":{"line":26,"column":40},"end":{"line":26,"column":41}},"loc":{"start":{"line":26,"column":82},"end":{"line":71,"column":1}},"line":26},"1":{"name":"(anonymous_1)","decl":{"start":{"line":41,"column":40},"end":{"line":41,"column":41}},"loc":{"start":{"line":41,"column":46},"end":{"line":41,"column":69}},"line":41}},"branchMap":{"0":{"loc":{"start":{"line":37,"column":40},"end":{"line":37,"column":73}},"type":"binary-expr","locations":[{"start":{"line":37,"column":40},"end":{"line":37,"column":67}},{"start":{"line":37,"column":71},"end":{"line":37,"column":73}}],"line":37},"1":{"loc":{"start":{"line":55,"column":44},"end":{"line":55,"column":92}},"type":"binary-expr","locations":[{"start":{"line":55,"column":44},"end":{"line":55,"column":64}},{"start":{"line":55,"column":68},"end":{"line":55,"column":92}}],"line":55},"2":{"loc":{"start":{"line":63,"column":42},"end":{"line":63,"column":58}},"type":"binary-expr","locations":[{"start":{"line":63,"column":42},"end":{"line":63,"column":45}},{"start":{"line":63,"column":49},"end":{"line":63,"column":58}}],"line":63},"3":{"loc":{"start":{"line":64,"column":42},"end":{"line":64,"column":58}},"type":"binary-expr","locations":[{"start":{"line":64,"column":42},"end":{"line":64,"column":45}},{"start":{"line":64,"column":49},"end":{"line":64,"column":58}}],"line":64}},"s":{"0":7,"1":95,"2":95,"3":94,"4":0},"f":{"0":95,"1":0},"b":{"0":[94,52],"1":[94,52],"2":[94,67],"3":[94,47]},"_coverageSchema":"1a1c01bbd47fc00a2c39e90264f33305004495a9","hash":"fbaba30446c761bfd0aa67e040ae5f790f607bc8"}
,"D:\\_Dev\\_Projects\\Admiralis\\front-ionic\\src\\commons\\components\\Forms\\Inputs\\AsciiInput\\AsciiInput.component.tsx": {"path":"D:\\_Dev\\_Projects\\Admiralis\\front-ionic\\src\\commons\\components\\Forms\\Inputs\\AsciiInput\\AsciiInput.component.tsx","statementMap":{"0":{"start":{"line":34,"column":8},"end":{"line":37,"column":9}},"1":{"start":{"line":35,"column":54},"end":{"line":35,"column":119}},"2":{"start":{"line":36,"column":12},"end":{"line":36,"column":81}},"3":{"start":{"line":36,"column":43},"end":{"line":36,"column":81}},"4":{"start":{"line":36,"column":73},"end":{"line":36,"column":79}},"5":{"start":{"line":41,"column":4},"end":{"line":43,"column":10}},"6":{"start":{"line":42,"column":8},"end":{"line":42,"column":22}},"7":{"start":{"line":45,"column":4},"end":{"line":63,"column":6}}},"fnMap":{"0":{"name":"AsciiInputComponent","decl":{"start":{"line":29,"column":16},"end":{"line":29,"column":35}},"loc":{"start":{"line":29,"column":69},"end":{"line":64,"column":1}},"line":29},"1":{"name":"focusOnInput","decl":{"start":{"line":33,"column":13},"end":{"line":33,"column":25}},"loc":{"start":{"line":33,"column":28},"end":{"line":38,"column":5}},"line":33},"2":{"name":"(anonymous_2)","decl":{"start":{"line":36,"column":66},"end":{"line":36,"column":67}},"loc":{"start":{"line":36,"column":72},"end":{"line":36,"column":80}},"line":36},"3":{"name":"(anonymous_3)","decl":{"start":{"line":41,"column":23},"end":{"line":41,"column":24}},"loc":{"start":{"line":41,"column":29},"end":{"line":43,"column":5}},"line":41}},"branchMap":{"0":{"loc":{"start":{"line":34,"column":8},"end":{"line":37,"column":9}},"type":"if","locations":[{"start":{"line":34,"column":8},"end":{"line":37,"column":9}},{"start":{},"end":{}}],"line":34},"1":{"loc":{"start":{"line":36,"column":12},"end":{"line":36,"column":81}},"type":"if","locations":[{"start":{"line":36,"column":12},"end":{"line":36,"column":81}},{"start":{},"end":{}}],"line":36},"2":{"loc":{"start":{"line":47,"column":29},"end":{"line":47,"column":87}},"type":"cond-expr","locations":[{"start":{"line":47,"column":47},"end":{"line":47,"column":68}},{"start":{"line":47,"column":71},"end":{"line":47,"column":87}}],"line":47},"3":{"loc":{"start":{"line":48,"column":48},"end":{"line":51,"column":42}},"type":"cond-expr","locations":[{"start":{"line":49,"column":16},"end":{"line":49,"column":95}},{"start":{"line":50,"column":16},"end":{"line":51,"column":42}}],"line":48},"4":{"loc":{"start":{"line":49,"column":33},"end":{"line":49,"column":84}},"type":"cond-expr","locations":[{"start":{"line":49,"column":51},"end":{"line":49,"column":69}},{"start":{"line":49,"column":72},"end":{"line":49,"column":84}}],"line":49},"5":{"loc":{"start":{"line":50,"column":33},"end":{"line":50,"column":84}},"type":"cond-expr","locations":[{"start":{"line":50,"column":51},"end":{"line":50,"column":69}},{"start":{"line":50,"column":72},"end":{"line":50,"column":84}}],"line":50},"6":{"loc":{"start":{"line":50,"column":88},"end":{"line":51,"column":34}},"type":"binary-expr","locations":[{"start":{"line":50,"column":88},"end":{"line":50,"column":102}},{"start":{"line":51,"column":20},"end":{"line":51,"column":34}}],"line":50},"7":{"loc":{"start":{"line":57,"column":27},"end":{"line":57,"column":85}},"type":"cond-expr","locations":[{"start":{"line":57,"column":45},"end":{"line":57,"column":66}},{"start":{"line":57,"column":69},"end":{"line":57,"column":85}}],"line":57},"8":{"loc":{"start":{"line":60,"column":29},"end":{"line":60,"column":75}},"type":"cond-expr","locations":[{"start":{"line":60,"column":43},"end":{"line":60,"column":65}},{"start":{"line":60,"column":68},"end":{"line":60,"column":75}}],"line":60}},"s":{"0":0,"1":0,"2":0,"3":0,"4":0,"5":589,"6":0,"7":589},"f":{"0":589,"1":0,"2":0,"3":0},"b":{"0":[0,0],"1":[0,0],"2":[85,504],"3":[27,562],"4":[25,2],"5":[60,502],"6":[562,95],"7":[85,504],"8":[532,57]},"_coverageSchema":"1a1c01bbd47fc00a2c39e90264f33305004495a9","hash":"f84b7b5a370dc93e883bb4c3ed9e75d9a9cf9bcf"}
,"D:\\_Dev\\_Projects\\Admiralis\\front-ionic\\src\\commons\\components\\Forms\\Inputs\\AutocompleteCourseInput\\AutocompleteCourseInput.component.tsx": {"path":"D:\\_Dev\\_Projects\\Admiralis\\front-ionic\\src\\commons\\components\\Forms\\Inputs\\AutocompleteCourseInput\\AutocompleteCourseInput.component.tsx","statementMap":{"0":{"start":{"line":18,"column":62},"end":{"line":18,"column":92}},"1":{"start":{"line":19,"column":66},"end":{"line":19,"column":96}},"2":{"start":{"line":20,"column":38},"end":{"line":20,"column":95}},"3":{"start":{"line":22,"column":32},"end":{"line":22,"column":37}},"4":{"start":{"line":25,"column":8},"end":{"line":32,"column":9}},"5":{"start":{"line":26,"column":34},"end":{"line":26,"column":75}},"6":{"start":{"line":27,"column":12},"end":{"line":27,"column":37}},"7":{"start":{"line":28,"column":12},"end":{"line":28,"column":46}},"8":{"start":{"line":29,"column":12},"end":{"line":29,"column":38}},"9":{"start":{"line":31,"column":12},"end":{"line":31,"column":33}},"10":{"start":{"line":35,"column":4},"end":{"line":39,"column":16}},"11":{"start":{"line":36,"column":8},"end":{"line":38,"column":9}},"12":{"start":{"line":37,"column":12},"end":{"line":37,"column":43}},"13":{"start":{"line":41,"column":4},"end":{"line":113,"column":6}},"14":{"start":{"line":47,"column":69},"end":{"line":47,"column":99}},"15":{"start":{"line":78,"column":40},"end":{"line":78,"column":72}},"16":{"start":{"line":92,"column":44},"end":{"line":92,"column":77}},"17":{"start":{"line":100,"column":44},"end":{"line":100,"column":73}}},"fnMap":{"0":{"name":"AutocompleteCourseInputComponent","decl":{"start":{"line":17,"column":9},"end":{"line":17,"column":41}},"loc":{"start":{"line":17,"column":88},"end":{"line":114,"column":1}},"line":17},"1":{"name":"handleCourseCreation","decl":{"start":{"line":24,"column":19},"end":{"line":24,"column":39}},"loc":{"start":{"line":24,"column":42},"end":{"line":33,"column":5}},"line":24},"2":{"name":"(anonymous_2)","decl":{"start":{"line":35,"column":20},"end":{"line":35,"column":21}},"loc":{"start":{"line":35,"column":26},"end":{"line":39,"column":5}},"line":35},"3":{"name":"(anonymous_3)","decl":{"start":{"line":47,"column":63},"end":{"line":47,"column":64}},"loc":{"start":{"line":47,"column":69},"end":{"line":47,"column":99}},"line":47},"4":{"name":"(anonymous_4)","decl":{"start":{"line":77,"column":45},"end":{"line":77,"column":46}},"loc":{"start":{"line":77,"column":51},"end":{"line":79,"column":37}},"line":77},"5":{"name":"(anonymous_5)","decl":{"start":{"line":91,"column":49},"end":{"line":91,"column":50}},"loc":{"start":{"line":91,"column":55},"end":{"line":93,"column":41}},"line":91},"6":{"name":"(anonymous_6)","decl":{"start":{"line":99,"column":49},"end":{"line":99,"column":50}},"loc":{"start":{"line":99,"column":61},"end":{"line":101,"column":41}},"line":99}},"branchMap":{"0":{"loc":{"start":{"line":36,"column":8},"end":{"line":38,"column":9}},"type":"if","locations":[{"start":{"line":36,"column":8},"end":{"line":38,"column":9}},{"start":{},"end":{}}],"line":36},"1":{"loc":{"start":{"line":45,"column":60},"end":{"line":45,"column":79}},"type":"binary-expr","locations":[{"start":{"line":45,"column":60},"end":{"line":45,"column":73}},{"start":{"line":45,"column":77},"end":{"line":45,"column":79}}],"line":45},"2":{"loc":{"start":{"line":59,"column":28},"end":{"line":59,"column":93}},"type":"binary-expr","locations":[{"start":{"line":59,"column":28},"end":{"line":59,"column":52}},{"start":{"line":59,"column":56},"end":{"line":59,"column":93}}],"line":59},"3":{"loc":{"start":{"line":62,"column":28},"end":{"line":67,"column":29}},"type":"binary-expr","locations":[{"start":{"line":62,"column":28},"end":{"line":62,"column":51}},{"start":{"line":63,"column":32},"end":{"line":66,"column":34}}],"line":62},"4":{"loc":{"start":{"line":74,"column":28},"end":{"line":83,"column":29}},"type":"binary-expr","locations":[{"start":{"line":74,"column":28},"end":{"line":74,"column":52}},{"start":{"line":75,"column":32},"end":{"line":82,"column":44}}],"line":74},"5":{"loc":{"start":{"line":86,"column":28},"end":{"line":106,"column":29}},"type":"binary-expr","locations":[{"start":{"line":86,"column":28},"end":{"line":86,"column":51}},{"start":{"line":87,"column":32},"end":{"line":105,"column":45}}],"line":86}},"s":{"0":15,"1":15,"2":15,"3":15,"4":0,"5":0,"6":0,"7":0,"8":0,"9":0,"10":14,"11":14,"12":10,"13":14,"14":0,"15":0,"16":0,"17":0},"f":{"0":15,"1":0,"2":14,"3":0,"4":0,"5":0,"6":0},"b":{"0":[10,4],"1":[14,4],"2":[14,6],"3":[14,8],"4":[14,6],"5":[14,8]},"_coverageSchema":"1a1c01bbd47fc00a2c39e90264f33305004495a9","hash":"6757dbc8712744e850d90b05fe94dfdbc9f48a7b"}
,"D:\\_Dev\\_Projects\\Admiralis\\front-ionic\\src\\commons\\components\\Forms\\Inputs\\AutocompleteCourseInput\\SearchCourse\\SearchCourse.tsx": {"path":"D:\\_Dev\\_Projects\\Admiralis\\front-ionic\\src\\commons\\components\\Forms\\Inputs\\AutocompleteCourseInput\\SearchCourse\\SearchCourse.tsx","statementMap":{"0":{"start":{"line":13,"column":24},"end":{"line":13,"column":29}},"1":{"start":{"line":15,"column":30},"end":{"line":15,"column":50}},"2":{"start":{"line":16,"column":34},"end":{"line":16,"column":56}},"3":{"start":{"line":19,"column":30},"end":{"line":24,"column":5}},"4":{"start":{"line":20,"column":48},"end":{"line":20,"column":83}},"5":{"start":{"line":21,"column":8},"end":{"line":23,"column":9}},"6":{"start":{"line":22,"column":12},"end":{"line":22,"column":35}},"7":{"start":{"line":26,"column":4},"end":{"line":35,"column":15}},"8":{"start":{"line":27,"column":8},"end":{"line":34,"column":13}},"9":{"start":{"line":28,"column":12},"end":{"line":33,"column":13}},"10":{"start":{"line":29,"column":32},"end":{"line":29,"column":87}},"11":{"start":{"line":30,"column":16},"end":{"line":30,"column":36}},"12":{"start":{"line":32,"column":16},"end":{"line":32,"column":37}},"13":{"start":{"line":37,"column":4},"end":{"line":68,"column":5}},"14":{"start":{"line":45,"column":42},"end":{"line":45,"column":54}},"15":{"start":{"line":52,"column":32},"end":{"line":61,"column":44}},"16":{"start":{"line":57,"column":40},"end":{"line":57,"column":58}}},"fnMap":{"0":{"name":"SearchCourse","decl":{"start":{"line":11,"column":16},"end":{"line":11,"column":28}},"loc":{"start":{"line":11,"column":55},"end":{"line":69,"column":1}},"line":11},"1":{"name":"(anonymous_1)","decl":{"start":{"line":19,"column":30},"end":{"line":19,"column":31}},"loc":{"start":{"line":19,"column":44},"end":{"line":24,"column":5}},"line":19},"2":{"name":"(anonymous_2)","decl":{"start":{"line":26,"column":14},"end":{"line":26,"column":15}},"loc":{"start":{"line":26,"column":20},"end":{"line":35,"column":5}},"line":26},"3":{"name":"(anonymous_3)","decl":{"start":{"line":27,"column":9},"end":{"line":27,"column":10}},"loc":{"start":{"line":27,"column":21},"end":{"line":34,"column":9}},"line":27},"4":{"name":"(anonymous_4)","decl":{"start":{"line":45,"column":36},"end":{"line":45,"column":37}},"loc":{"start":{"line":45,"column":42},"end":{"line":45,"column":54}},"line":45},"5":{"name":"(anonymous_5)","decl":{"start":{"line":51,"column":40},"end":{"line":51,"column":41}},"loc":{"start":{"line":52,"column":32},"end":{"line":61,"column":44}},"line":52},"6":{"name":"(anonymous_6)","decl":{"start":{"line":56,"column":45},"end":{"line":56,"column":46}},"loc":{"start":{"line":56,"column":51},"end":{"line":58,"column":37}},"line":56}},"branchMap":{"0":{"loc":{"start":{"line":21,"column":8},"end":{"line":23,"column":9}},"type":"if","locations":[{"start":{"line":21,"column":8},"end":{"line":23,"column":9}},{"start":{},"end":{}}],"line":21}},"s":{"0":8,"1":7,"2":7,"3":7,"4":0,"5":0,"6":0,"7":7,"8":4,"9":4,"10":4,"11":3,"12":1,"13":7,"14":0,"15":3,"16":0},"f":{"0":8,"1":0,"2":4,"3":4,"4":0,"5":3,"6":0},"b":{"0":[0,0]},"_coverageSchema":"1a1c01bbd47fc00a2c39e90264f33305004495a9","hash":"76a8726a2b0575576883888ac2c635c510ed3163"}
,"D:\\_Dev\\_Projects\\Admiralis\\front-ionic\\src\\commons\\components\\Icons\\AlertIcon\\AlertIcon.component.tsx": {"path":"D:\\_Dev\\_Projects\\Admiralis\\front-ionic\\src\\commons\\components\\Icons\\AlertIcon\\AlertIcon.component.tsx","statementMap":{"0":{"start":{"line":6,"column":27},"end":{"line":17,"column":1}},"1":{"start":{"line":7,"column":19},"end":{"line":7,"column":24}},"2":{"start":{"line":8,"column":4},"end":{"line":16,"column":6}}},"fnMap":{"0":{"name":"(anonymous_0)","decl":{"start":{"line":6,"column":27},"end":{"line":6,"column":28}},"loc":{"start":{"line":6,"column":54},"end":{"line":17,"column":1}},"line":6}},"branchMap":{},"s":{"0":18,"1":3,"2":3},"f":{"0":3},"b":{},"_coverageSchema":"1a1c01bbd47fc00a2c39e90264f33305004495a9","hash":"b61248bc9ea1b158476d2299b88fbec227050c36"}
,"D:\\_Dev\\_Projects\\Admiralis\\front-ionic\\src\\commons\\components\\Modals\\SimpleModal\\SimpleModal.component.tsx": {"path":"D:\\_Dev\\_Projects\\Admiralis\\front-ionic\\src\\commons\\components\\Modals\\SimpleModal\\SimpleModal.component.tsx","statementMap":{"0":{"start":{"line":25,"column":29},"end":{"line":46,"column":1}},"1":{"start":{"line":27,"column":65},"end":{"line":27,"column":70}},"2":{"start":{"line":29,"column":4},"end":{"line":45,"column":6}},"3":{"start":{"line":30,"column":125},"end":{"line":30,"column":141}},"4":{"start":{"line":33,"column":69},"end":{"line":33,"column":85}}},"fnMap":{"0":{"name":"(anonymous_0)","decl":{"start":{"line":25,"column":29},"end":{"line":25,"column":30}},"loc":{"start":{"line":25,"column":74},"end":{"line":46,"column":1}},"line":25},"1":{"name":"(anonymous_1)","decl":{"start":{"line":30,"column":119},"end":{"line":30,"column":120}},"loc":{"start":{"line":30,"column":125},"end":{"line":30,"column":141}},"line":30},"2":{"name":"(anonymous_2)","decl":{"start":{"line":33,"column":63},"end":{"line":33,"column":64}},"loc":{"start":{"line":33,"column":69},"end":{"line":33,"column":85}},"line":33}},"branchMap":{},"s":{"0":18,"1":147,"2":146,"3":0,"4":0},"f":{"0":147,"1":0,"2":0},"b":{},"_coverageSchema":"1a1c01bbd47fc00a2c39e90264f33305004495a9","hash":"1b5d4dfbc4244cc6b3473b7fe5e53031c9ba4794"}
,"D:\\_Dev\\_Projects\\Admiralis\\front-ionic\\src\\commons\\components\\Modals\\UnknownComputerModal\\UnknownComputerModal.component.tsx": {"path":"D:\\_Dev\\_Projects\\Admiralis\\front-ionic\\src\\commons\\components\\Modals\\UnknownComputerModal\\UnknownComputerModal.component.tsx","statementMap":{"0":{"start":{"line":20,"column":38},"end":{"line":51,"column":1}},"1":{"start":{"line":21,"column":55},"end":{"line":21,"column":60}},"2":{"start":{"line":23,"column":4},"end":{"line":50,"column":7}}},"fnMap":{"0":{"name":"(anonymous_0)","decl":{"start":{"line":20,"column":38},"end":{"line":20,"column":39}},"loc":{"start":{"line":20,"column":85},"end":{"line":51,"column":1}},"line":20}},"branchMap":{},"s":{"0":18,"1":8,"2":7},"f":{"0":8},"b":{},"_coverageSchema":"1a1c01bbd47fc00a2c39e90264f33305004495a9","hash":"a30e473fccd176269d5f9f68599b8fcbed891281"}
,"D:\\_Dev\\_Projects\\Admiralis\\front-ionic\\src\\commons\\components\\UiElements\\HorizontalDivider\\HorizontalDivider.component.tsx": {"path":"D:\\_Dev\\_Projects\\Admiralis\\front-ionic\\src\\commons\\components\\UiElements\\HorizontalDivider\\HorizontalDivider.component.tsx","statementMap":{"0":{"start":{"line":4,"column":35},"end":{"line":6,"column":1}},"1":{"start":{"line":5,"column":2},"end":{"line":5,"column":54}}},"fnMap":{"0":{"name":"(anonymous_0)","decl":{"start":{"line":4,"column":35},"end":{"line":4,"column":36}},"loc":{"start":{"line":4,"column":41},"end":{"line":6,"column":1}},"line":4}},"branchMap":{},"s":{"0":18,"1":15},"f":{"0":15},"b":{},"_coverageSchema":"1a1c01bbd47fc00a2c39e90264f33305004495a9","hash":"687509fb5958c485802d6ec5cb616f44dd2416ec"}
,"D:\\_Dev\\_Projects\\Admiralis\\front-ionic\\src\\commons\\constants\\PATHS.ts": {"path":"D:\\_Dev\\_Projects\\Admiralis\\front-ionic\\src\\commons\\constants\\PATHS.ts","statementMap":{"0":{"start":{"line":1,"column":14},"end":{"line":25,"column":1}}},"fnMap":{},"branchMap":{},"s":{"0":5},"f":{},"b":{},"_coverageSchema":"1a1c01bbd47fc00a2c39e90264f33305004495a9","hash":"36b7c21c47f5d79b1f0da7be502f9fd344ede7d4"}
,"D:\\_Dev\\_Projects\\Admiralis\\front-ionic\\src\\commons\\hooks\\computers\\useComputer.ts": {"path":"D:\\_Dev\\_Projects\\Admiralis\\front-ionic\\src\\commons\\hooks\\computers\\useComputer.ts","statementMap":{"0":{"start":{"line":5,"column":20},"end":{"line":31,"column":1}},"1":{"start":{"line":7,"column":36},"end":{"line":7,"column":73}},"2":{"start":{"line":8,"column":38},"end":{"line":8,"column":67}},"3":{"start":{"line":9,"column":30},"end":{"line":9,"column":65}},"4":{"start":{"line":11,"column":4},"end":{"line":27,"column":23}},"5":{"start":{"line":12,"column":8},"end":{"line":25,"column":9}},"6":{"start":{"line":13,"column":12},"end":{"line":24,"column":17}},"7":{"start":{"line":14,"column":16},"end":{"line":23,"column":17}},"8":{"start":{"line":15,"column":20},"end":{"line":15,"column":39}},"9":{"start":{"line":16,"column":20},"end":{"line":16,"column":38}},"10":{"start":{"line":17,"column":37},"end":{"line":17,"column":93}},"11":{"start":{"line":18,"column":20},"end":{"line":18,"column":42}},"12":{"start":{"line":20,"column":20},"end":{"line":20,"column":40}},"13":{"start":{"line":22,"column":20},"end":{"line":22,"column":40}},"14":{"start":{"line":30,"column":4},"end":{"line":30,"column":40}}},"fnMap":{"0":{"name":"(anonymous_0)","decl":{"start":{"line":5,"column":20},"end":{"line":5,"column":21}},"loc":{"start":{"line":5,"column":46},"end":{"line":31,"column":1}},"line":5},"1":{"name":"(anonymous_1)","decl":{"start":{"line":11,"column":14},"end":{"line":11,"column":15}},"loc":{"start":{"line":11,"column":20},"end":{"line":27,"column":5}},"line":11},"2":{"name":"(anonymous_2)","decl":{"start":{"line":13,"column":13},"end":{"line":13,"column":14}},"loc":{"start":{"line":13,"column":25},"end":{"line":24,"column":13}},"line":13}},"branchMap":{"0":{"loc":{"start":{"line":12,"column":8},"end":{"line":25,"column":9}},"type":"if","locations":[{"start":{"line":12,"column":8},"end":{"line":25,"column":9}},{"start":{},"end":{}}],"line":12}},"s":{"0":1,"1":2,"2":2,"3":2,"4":2,"5":1,"6":1,"7":1,"8":1,"9":1,"10":1,"11":1,"12":0,"13":1,"14":2},"f":{"0":2,"1":1,"2":1},"b":{"0":[1,0]},"_coverageSchema":"1a1c01bbd47fc00a2c39e90264f33305004495a9","hash":"1253c004c33c9ce9f635ea3497a114f773f10ce4"}
,"D:\\_Dev\\_Projects\\Admiralis\\front-ionic\\src\\commons\\hooks\\computers\\useComputers.ts": {"path":"D:\\_Dev\\_Projects\\Admiralis\\front-ionic\\src\\commons\\hooks\\computers\\useComputers.ts","statementMap":{"0":{"start":{"line":8,"column":21},"end":{"line":50,"column":1}},"1":{"start":{"line":9,"column":38},"end":{"line":9,"column":68}},"2":{"start":{"line":10,"column":38},"end":{"line":10,"column":67}},"3":{"start":{"line":11,"column":30},"end":{"line":11,"column":65}},"4":{"start":{"line":13,"column":4},"end":{"line":17,"column":10}},"5":{"start":{"line":14,"column":8},"end":{"line":16,"column":12}},"6":{"start":{"line":15,"column":12},"end":{"line":15,"column":32}},"7":{"start":{"line":19,"column":25},"end":{"line":30,"column":5}},"8":{"start":{"line":20,"column":8},"end":{"line":29,"column":9}},"9":{"start":{"line":21,"column":12},"end":{"line":21,"column":30}},"10":{"start":{"line":22,"column":12},"end":{"line":22,"column":26}},"11":{"start":{"line":23,"column":30},"end":{"line":23,"column":67}},"12":{"start":{"line":24,"column":12},"end":{"line":24,"column":35}},"13":{"start":{"line":26,"column":12},"end":{"line":26,"column":31}},"14":{"start":{"line":28,"column":12},"end":{"line":28,"column":31}},"15":{"start":{"line":36,"column":24},"end":{"line":47,"column":5}},"16":{"start":{"line":37,"column":8},"end":{"line":46,"column":9}},"17":{"start":{"line":38,"column":12},"end":{"line":38,"column":30}},"18":{"start":{"line":39,"column":12},"end":{"line":39,"column":26}},"19":{"start":{"line":40,"column":44},"end":{"line":40,"column":91}},"20":{"start":{"line":41,"column":12},"end":{"line":41,"column":55}},"21":{"start":{"line":43,"column":12},"end":{"line":43,"column":31}},"22":{"start":{"line":45,"column":12},"end":{"line":45,"column":31}},"23":{"start":{"line":49,"column":4},"end":{"line":49,"column":64}}},"fnMap":{"0":{"name":"(anonymous_0)","decl":{"start":{"line":8,"column":21},"end":{"line":8,"column":22}},"loc":{"start":{"line":8,"column":27},"end":{"line":50,"column":1}},"line":8},"1":{"name":"(anonymous_1)","decl":{"start":{"line":13,"column":20},"end":{"line":13,"column":21}},"loc":{"start":{"line":13,"column":26},"end":{"line":17,"column":5}},"line":13},"2":{"name":"(anonymous_2)","decl":{"start":{"line":14,"column":9},"end":{"line":14,"column":10}},"loc":{"start":{"line":14,"column":21},"end":{"line":16,"column":9}},"line":14},"3":{"name":"(anonymous_3)","decl":{"start":{"line":19,"column":25},"end":{"line":19,"column":26}},"loc":{"start":{"line":19,"column":37},"end":{"line":30,"column":5}},"line":19},"4":{"name":"(anonymous_4)","decl":{"start":{"line":36,"column":24},"end":{"line":36,"column":25}},"loc":{"start":{"line":36,"column":60},"end":{"line":47,"column":5}},"line":36}},"branchMap":{},"s":{"0":3,"1":8,"2":8,"3":8,"4":8,"5":4,"6":4,"7":8,"8":4,"9":4,"10":4,"11":4,"12":3,"13":1,"14":4,"15":8,"16":3,"17":3,"18":3,"19":3,"20":2,"21":1,"22":3,"23":8},"f":{"0":8,"1":4,"2":4,"3":4,"4":3},"b":{},"_coverageSchema":"1a1c01bbd47fc00a2c39e90264f33305004495a9","hash":"392440aa1e9e4c691c361d994cbec5e05b5b5114"}
,"D:\\_Dev\\_Projects\\Admiralis\\front-ionic\\src\\commons\\hooks\\courses\\useCourses.ts": {"path":"D:\\_Dev\\_Projects\\Admiralis\\front-ionic\\src\\commons\\hooks\\courses\\useCourses.ts","statementMap":{"0":{"start":{"line":8,"column":19},"end":{"line":51,"column":1}},"1":{"start":{"line":10,"column":34},"end":{"line":10,"column":62}},"2":{"start":{"line":11,"column":38},"end":{"line":11,"column":67}},"3":{"start":{"line":12,"column":30},"end":{"line":12,"column":65}},"4":{"start":{"line":14,"column":4},"end":{"line":18,"column":10}},"5":{"start":{"line":15,"column":8},"end":{"line":17,"column":12}},"6":{"start":{"line":16,"column":12},"end":{"line":16,"column":31}},"7":{"start":{"line":20,"column":23},"end":{"line":31,"column":5}},"8":{"start":{"line":21,"column":8},"end":{"line":30,"column":9}},"9":{"start":{"line":22,"column":12},"end":{"line":22,"column":31}},"10":{"start":{"line":23,"column":12},"end":{"line":23,"column":27}},"11":{"start":{"line":24,"column":28},"end":{"line":24,"column":61}},"12":{"start":{"line":25,"column":12},"end":{"line":25,"column":32}},"13":{"start":{"line":27,"column":12},"end":{"line":27,"column":32}},"14":{"start":{"line":29,"column":12},"end":{"line":29,"column":32}},"15":{"start":{"line":37,"column":22},"end":{"line":48,"column":5}},"16":{"start":{"line":38,"column":12},"end":{"line":47,"column":13}},"17":{"start":{"line":39,"column":16},"end":{"line":39,"column":35}},"18":{"start":{"line":40,"column":16},"end":{"line":40,"column":31}},"19":{"start":{"line":41,"column":44},"end":{"line":41,"column":85}},"20":{"start":{"line":42,"column":16},"end":{"line":42,"column":54}},"21":{"start":{"line":44,"column":16},"end":{"line":44,"column":36}},"22":{"start":{"line":46,"column":16},"end":{"line":46,"column":36}},"23":{"start":{"line":50,"column":4},"end":{"line":50,"column":49}}},"fnMap":{"0":{"name":"(anonymous_0)","decl":{"start":{"line":8,"column":19},"end":{"line":8,"column":20}},"loc":{"start":{"line":8,"column":25},"end":{"line":51,"column":1}},"line":8},"1":{"name":"(anonymous_1)","decl":{"start":{"line":14,"column":14},"end":{"line":14,"column":15}},"loc":{"start":{"line":14,"column":20},"end":{"line":18,"column":5}},"line":14},"2":{"name":"(anonymous_2)","decl":{"start":{"line":15,"column":9},"end":{"line":15,"column":10}},"loc":{"start":{"line":15,"column":21},"end":{"line":17,"column":9}},"line":15},"3":{"name":"(anonymous_3)","decl":{"start":{"line":20,"column":23},"end":{"line":20,"column":24}},"loc":{"start":{"line":20,"column":35},"end":{"line":31,"column":5}},"line":20},"4":{"name":"(anonymous_4)","decl":{"start":{"line":37,"column":22},"end":{"line":37,"column":23}},"loc":{"start":{"line":37,"column":51},"end":{"line":48,"column":5}},"line":37}},"branchMap":{},"s":{"0":1,"1":4,"2":4,"3":4,"4":4,"5":2,"6":2,"7":4,"8":2,"9":2,"10":2,"11":2,"12":2,"13":0,"14":2,"15":4,"16":1,"17":1,"18":1,"19":1,"20":1,"21":0,"22":1,"23":4},"f":{"0":4,"1":2,"2":2,"3":2,"4":1},"b":{},"_coverageSchema":"1a1c01bbd47fc00a2c39e90264f33305004495a9","hash":"56042f3c71624e559ae00aa4ad7ffc8e1cf22916"}
,"D:\\_Dev\\_Projects\\Admiralis\\front-ionic\\src\\commons\\hooks\\loans\\useLoans.ts": {"path":"D:\\_Dev\\_Projects\\Admiralis\\front-ionic\\src\\commons\\hooks\\loans\\useLoans.ts","statementMap":{"0":{"start":{"line":8,"column":17},"end":{"line":73,"column":1}},"1":{"start":{"line":10,"column":30},"end":{"line":10,"column":55}},"2":{"start":{"line":11,"column":38},"end":{"line":11,"column":67}},"3":{"start":{"line":12,"column":30},"end":{"line":12,"column":65}},"4":{"start":{"line":19,"column":20},"end":{"line":30,"column":5}},"5":{"start":{"line":20,"column":8},"end":{"line":29,"column":9}},"6":{"start":{"line":21,"column":12},"end":{"line":21,"column":31}},"7":{"start":{"line":22,"column":12},"end":{"line":22,"column":27}},"8":{"start":{"line":23,"column":36},"end":{"line":23,"column":68}},"9":{"start":{"line":24,"column":12},"end":{"line":24,"column":44}},"10":{"start":{"line":26,"column":12},"end":{"line":26,"column":32}},"11":{"start":{"line":28,"column":12},"end":{"line":28,"column":32}},"12":{"start":{"line":36,"column":20},"end":{"line":47,"column":5}},"13":{"start":{"line":37,"column":8},"end":{"line":46,"column":9}},"14":{"start":{"line":38,"column":12},"end":{"line":38,"column":31}},"15":{"start":{"line":39,"column":12},"end":{"line":39,"column":27}},"16":{"start":{"line":40,"column":12},"end":{"line":40,"column":44}},"17":{"start":{"line":41,"column":12},"end":{"line":41,"column":29}},"18":{"start":{"line":43,"column":12},"end":{"line":43,"column":32}},"19":{"start":{"line":45,"column":12},"end":{"line":45,"column":32}},"20":{"start":{"line":52,"column":21},"end":{"line":63,"column":5}},"21":{"start":{"line":53,"column":8},"end":{"line":62,"column":9}},"22":{"start":{"line":54,"column":12},"end":{"line":54,"column":31}},"23":{"start":{"line":55,"column":12},"end":{"line":55,"column":27}},"24":{"start":{"line":56,"column":26},"end":{"line":56,"column":55}},"25":{"start":{"line":57,"column":12},"end":{"line":57,"column":28}},"26":{"start":{"line":59,"column":12},"end":{"line":59,"column":32}},"27":{"start":{"line":61,"column":12},"end":{"line":61,"column":32}},"28":{"start":{"line":65,"column":4},"end":{"line":69,"column":10}},"29":{"start":{"line":66,"column":8},"end":{"line":68,"column":12}},"30":{"start":{"line":67,"column":12},"end":{"line":67,"column":29}},"31":{"start":{"line":71,"column":4},"end":{"line":71,"column":61}}},"fnMap":{"0":{"name":"(anonymous_0)","decl":{"start":{"line":8,"column":17},"end":{"line":8,"column":18}},"loc":{"start":{"line":8,"column":23},"end":{"line":73,"column":1}},"line":8},"1":{"name":"(anonymous_1)","decl":{"start":{"line":19,"column":20},"end":{"line":19,"column":21}},"loc":{"start":{"line":19,"column":41},"end":{"line":30,"column":5}},"line":19},"2":{"name":"(anonymous_2)","decl":{"start":{"line":36,"column":20},"end":{"line":36,"column":21}},"loc":{"start":{"line":36,"column":41},"end":{"line":47,"column":5}},"line":36},"3":{"name":"(anonymous_3)","decl":{"start":{"line":52,"column":21},"end":{"line":52,"column":22}},"loc":{"start":{"line":52,"column":33},"end":{"line":63,"column":5}},"line":52},"4":{"name":"(anonymous_4)","decl":{"start":{"line":65,"column":14},"end":{"line":65,"column":15}},"loc":{"start":{"line":65,"column":20},"end":{"line":69,"column":5}},"line":65},"5":{"name":"(anonymous_5)","decl":{"start":{"line":66,"column":9},"end":{"line":66,"column":10}},"loc":{"start":{"line":66,"column":21},"end":{"line":68,"column":9}},"line":66}},"branchMap":{},"s":{"0":4,"1":14,"2":14,"3":14,"4":14,"5":3,"6":3,"7":3,"8":3,"9":2,"10":1,"11":3,"12":14,"13":2,"14":2,"15":2,"16":2,"17":1,"18":1,"19":2,"20":14,"21":7,"22":7,"23":7,"24":7,"25":6,"26":1,"27":7,"28":14,"29":6,"30":6,"31":14},"f":{"0":14,"1":3,"2":2,"3":7,"4":6,"5":6},"b":{},"_coverageSchema":"1a1c01bbd47fc00a2c39e90264f33305004495a9","hash":"60b2cbe5d1787f34f8c2a19af9938e52ed8bc306"}
,"D:\\_Dev\\_Projects\\Admiralis\\front-ionic\\src\\commons\\hooks\\scan\\useAutoRescan.ts": {"path":"D:\\_Dev\\_Projects\\Admiralis\\front-ionic\\src\\commons\\hooks\\scan\\useAutoRescan.ts","statementMap":{"0":{"start":{"line":9,"column":22},"end":{"line":29,"column":1}},"1":{"start":{"line":11,"column":21},"end":{"line":11,"column":55}},"2":{"start":{"line":12,"column":36},"end":{"line":12,"column":60}},"3":{"start":{"line":14,"column":4},"end":{"line":26,"column":25}},"4":{"start":{"line":16,"column":8},"end":{"line":18,"column":9}},"5":{"start":{"line":17,"column":12},"end":{"line":17,"column":19}},"6":{"start":{"line":19,"column":8},"end":{"line":21,"column":9}},"7":{"start":{"line":20,"column":12},"end":{"line":20,"column":19}},"8":{"start":{"line":23,"column":8},"end":{"line":25,"column":9}},"9":{"start":{"line":24,"column":12},"end":{"line":24,"column":30}},"10":{"start":{"line":28,"column":4},"end":{"line":28,"column":21}}},"fnMap":{"0":{"name":"(anonymous_0)","decl":{"start":{"line":9,"column":22},"end":{"line":9,"column":23}},"loc":{"start":{"line":9,"column":28},"end":{"line":29,"column":1}},"line":9},"1":{"name":"(anonymous_1)","decl":{"start":{"line":14,"column":14},"end":{"line":14,"column":15}},"loc":{"start":{"line":14,"column":20},"end":{"line":26,"column":5}},"line":14}},"branchMap":{"0":{"loc":{"start":{"line":16,"column":8},"end":{"line":18,"column":9}},"type":"if","locations":[{"start":{"line":16,"column":8},"end":{"line":18,"column":9}},{"start":{},"end":{}}],"line":16},"1":{"loc":{"start":{"line":19,"column":8},"end":{"line":21,"column":9}},"type":"if","locations":[{"start":{"line":19,"column":8},"end":{"line":21,"column":9}},{"start":{},"end":{}}],"line":19},"2":{"loc":{"start":{"line":23,"column":8},"end":{"line":25,"column":9}},"type":"if","locations":[{"start":{"line":23,"column":8},"end":{"line":25,"column":9}},{"start":{},"end":{}}],"line":23},"3":{"loc":{"start":{"line":23,"column":12},"end":{"line":23,"column":58}},"type":"binary-expr","locations":[{"start":{"line":23,"column":12},"end":{"line":23,"column":33}},{"start":{"line":23,"column":37},"end":{"line":23,"column":58}}],"line":23}},"s":{"0":4,"1":8,"2":8,"3":8,"4":8,"5":4,"6":4,"7":0,"8":4,"9":0,"10":8},"f":{"0":8,"1":8},"b":{"0":[4,4],"1":[0,4],"2":[0,4],"3":[4,0]},"_coverageSchema":"1a1c01bbd47fc00a2c39e90264f33305004495a9","hash":"e07b20b32f57bcbb0ff54d9936111ae719e67663"}
,"D:\\_Dev\\_Projects\\Admiralis\\front-ionic\\src\\commons\\hooks\\students\\useStudents.ts": {"path":"D:\\_Dev\\_Projects\\Admiralis\\front-ionic\\src\\commons\\hooks\\students\\useStudents.ts","statementMap":{"0":{"start":{"line":9,"column":20},"end":{"line":49,"column":1}},"1":{"start":{"line":10,"column":36},"end":{"line":10,"column":65}},"2":{"start":{"line":11,"column":38},"end":{"line":11,"column":67}},"3":{"start":{"line":12,"column":30},"end":{"line":12,"column":65}},"4":{"start":{"line":14,"column":4},"end":{"line":18,"column":10}},"5":{"start":{"line":15,"column":8},"end":{"line":17,"column":12}},"6":{"start":{"line":16,"column":12},"end":{"line":16,"column":32}},"7":{"start":{"line":20,"column":24},"end":{"line":31,"column":5}},"8":{"start":{"line":21,"column":8},"end":{"line":30,"column":9}},"9":{"start":{"line":22,"column":12},"end":{"line":22,"column":31}},"10":{"start":{"line":23,"column":12},"end":{"line":23,"column":27}},"11":{"start":{"line":24,"column":29},"end":{"line":24,"column":64}},"12":{"start":{"line":25,"column":12},"end":{"line":25,"column":34}},"13":{"start":{"line":27,"column":12},"end":{"line":27,"column":32}},"14":{"start":{"line":29,"column":12},"end":{"line":29,"column":32}},"15":{"start":{"line":33,"column":23},"end":{"line":45,"column":5}},"16":{"start":{"line":34,"column":8},"end":{"line":43,"column":9}},"17":{"start":{"line":35,"column":12},"end":{"line":35,"column":31}},"18":{"start":{"line":36,"column":12},"end":{"line":36,"column":27}},"19":{"start":{"line":37,"column":42},"end":{"line":37,"column":83}},"20":{"start":{"line":38,"column":12},"end":{"line":38,"column":53}},"21":{"start":{"line":40,"column":12},"end":{"line":40,"column":32}},"22":{"start":{"line":42,"column":12},"end":{"line":42,"column":32}},"23":{"start":{"line":47,"column":4},"end":{"line":47,"column":51}}},"fnMap":{"0":{"name":"(anonymous_0)","decl":{"start":{"line":9,"column":20},"end":{"line":9,"column":21}},"loc":{"start":{"line":9,"column":26},"end":{"line":49,"column":1}},"line":9},"1":{"name":"(anonymous_1)","decl":{"start":{"line":14,"column":14},"end":{"line":14,"column":15}},"loc":{"start":{"line":14,"column":20},"end":{"line":18,"column":5}},"line":14},"2":{"name":"(anonymous_2)","decl":{"start":{"line":15,"column":9},"end":{"line":15,"column":10}},"loc":{"start":{"line":15,"column":21},"end":{"line":17,"column":9}},"line":15},"3":{"name":"(anonymous_3)","decl":{"start":{"line":20,"column":24},"end":{"line":20,"column":25}},"loc":{"start":{"line":20,"column":36},"end":{"line":31,"column":5}},"line":20},"4":{"name":"(anonymous_4)","decl":{"start":{"line":33,"column":23},"end":{"line":33,"column":24}},"loc":{"start":{"line":33,"column":51},"end":{"line":45,"column":5}},"line":33}},"branchMap":{},"s":{"0":1,"1":4,"2":4,"3":4,"4":4,"5":2,"6":2,"7":4,"8":2,"9":2,"10":2,"11":2,"12":2,"13":0,"14":2,"15":4,"16":1,"17":1,"18":1,"19":1,"20":1,"21":0,"22":1,"23":4},"f":{"0":4,"1":2,"2":2,"3":2,"4":1},"b":{},"_coverageSchema":"1a1c01bbd47fc00a2c39e90264f33305004495a9","hash":"2daa52d03a13976a18713e2b9e54521278ab2bc9"}
,"D:\\_Dev\\_Projects\\Admiralis\\front-ionic\\src\\commons\\services\\computer\\Computer.service.ts": {"path":"D:\\_Dev\\_Projects\\Admiralis\\front-ionic\\src\\commons\\services\\computer\\Computer.service.ts","statementMap":{"0":{"start":{"line":9,"column":8},"end":{"line":9,"column":50}},"1":{"start":{"line":13,"column":25},"end":{"line":13,"column":56}},"2":{"start":{"line":14,"column":8},"end":{"line":16,"column":9}},"3":{"start":{"line":15,"column":12},"end":{"line":15,"column":28}},"4":{"start":{"line":17,"column":8},"end":{"line":17,"column":46}},"5":{"start":{"line":21,"column":25},"end":{"line":21,"column":64}},"6":{"start":{"line":22,"column":8},"end":{"line":24,"column":9}},"7":{"start":{"line":23,"column":12},"end":{"line":23,"column":45}},"8":{"start":{"line":25,"column":8},"end":{"line":25,"column":46}},"9":{"start":{"line":30,"column":8},"end":{"line":30,"column":55}},"10":{"start":{"line":34,"column":8},"end":{"line":38,"column":9}},"11":{"start":{"line":35,"column":12},"end":{"line":35,"column":74}},"12":{"start":{"line":37,"column":12},"end":{"line":37,"column":53}},"13":{"start":{"line":42,"column":8},"end":{"line":47,"column":9}},"14":{"start":{"line":43,"column":12},"end":{"line":43,"column":52}},"15":{"start":{"line":44,"column":12},"end":{"line":44,"column":41}},"16":{"start":{"line":46,"column":12},"end":{"line":46,"column":42}}},"fnMap":{"0":{"name":"(anonymous_0)","decl":{"start":{"line":8,"column":4},"end":{"line":8,"column":5}},"loc":{"start":{"line":8,"column":47},"end":{"line":10,"column":5}},"line":8},"1":{"name":"(anonymous_1)","decl":{"start":{"line":12,"column":4},"end":{"line":12,"column":5}},"loc":{"start":{"line":12,"column":58},"end":{"line":18,"column":5}},"line":12},"2":{"name":"(anonymous_2)","decl":{"start":{"line":20,"column":4},"end":{"line":20,"column":5}},"loc":{"start":{"line":20,"column":66},"end":{"line":27,"column":5}},"line":20},"3":{"name":"(anonymous_3)","decl":{"start":{"line":29,"column":4},"end":{"line":29,"column":5}},"loc":{"start":{"line":29,"column":65},"end":{"line":31,"column":5}},"line":29},"4":{"name":"(anonymous_4)","decl":{"start":{"line":33,"column":4},"end":{"line":33,"column":5}},"loc":{"start":{"line":33,"column":81},"end":{"line":39,"column":5}},"line":33},"5":{"name":"(anonymous_5)","decl":{"start":{"line":41,"column":4},"end":{"line":41,"column":5}},"loc":{"start":{"line":41,"column":67},"end":{"line":48,"column":5}},"line":41}},"branchMap":{"0":{"loc":{"start":{"line":14,"column":8},"end":{"line":16,"column":9}},"type":"if","locations":[{"start":{"line":14,"column":8},"end":{"line":16,"column":9}},{"start":{},"end":{}}],"line":14},"1":{"loc":{"start":{"line":22,"column":8},"end":{"line":24,"column":9}},"type":"if","locations":[{"start":{"line":22,"column":8},"end":{"line":24,"column":9}},{"start":{},"end":{}}],"line":22}},"s":{"0":1,"1":1,"2":1,"3":1,"4":0,"5":4,"6":4,"7":4,"8":0,"9":2,"10":1,"11":1,"12":1,"13":1,"14":1,"15":1,"16":0},"f":{"0":1,"1":1,"2":4,"3":2,"4":1,"5":1},"b":{"0":[1,0],"1":[4,0]},"_coverageSchema":"1a1c01bbd47fc00a2c39e90264f33305004495a9","hash":"de3565ae42c72637ba9735188019ede75e00d484"}
,"D:\\_Dev\\_Projects\\Admiralis\\front-ionic\\src\\commons\\services\\course\\Course.service.ts": {"path":"D:\\_Dev\\_Projects\\Admiralis\\front-ionic\\src\\commons\\services\\course\\Course.service.ts","statementMap":{"0":{"start":{"line":14,"column":8},"end":{"line":14,"column":48}},"1":{"start":{"line":22,"column":23},"end":{"line":22,"column":52}},"2":{"start":{"line":23,"column":8},"end":{"line":25,"column":9}},"3":{"start":{"line":24,"column":12},"end":{"line":24,"column":26}},"4":{"start":{"line":26,"column":8},"end":{"line":26,"column":44}},"5":{"start":{"line":46,"column":8},"end":{"line":46,"column":51}},"6":{"start":{"line":64,"column":40},"end":{"line":64,"column":98}},"7":{"start":{"line":65,"column":8},"end":{"line":67,"column":9}},"8":{"start":{"line":66,"column":12},"end":{"line":66,"column":53}},"9":{"start":{"line":68,"column":8},"end":{"line":68,"column":39}},"10":{"start":{"line":72,"column":24},"end":{"line":72,"column":69}},"11":{"start":{"line":73,"column":8},"end":{"line":75,"column":9}},"12":{"start":{"line":74,"column":12},"end":{"line":74,"column":39}},"13":{"start":{"line":76,"column":8},"end":{"line":76,"column":40}}},"fnMap":{"0":{"name":"(anonymous_0)","decl":{"start":{"line":13,"column":4},"end":{"line":13,"column":5}},"loc":{"start":{"line":13,"column":43},"end":{"line":15,"column":5}},"line":13},"1":{"name":"(anonymous_1)","decl":{"start":{"line":21,"column":4},"end":{"line":21,"column":5}},"loc":{"start":{"line":21,"column":54},"end":{"line":27,"column":5}},"line":21},"2":{"name":"(anonymous_2)","decl":{"start":{"line":45,"column":4},"end":{"line":45,"column":5}},"loc":{"start":{"line":45,"column":54},"end":{"line":47,"column":5}},"line":45},"3":{"name":"(anonymous_3)","decl":{"start":{"line":63,"column":4},"end":{"line":63,"column":5}},"loc":{"start":{"line":63,"column":89},"end":{"line":69,"column":5}},"line":63},"4":{"name":"(anonymous_4)","decl":{"start":{"line":71,"column":4},"end":{"line":71,"column":5}},"loc":{"start":{"line":71,"column":73},"end":{"line":77,"column":5}},"line":71}},"branchMap":{"0":{"loc":{"start":{"line":23,"column":8},"end":{"line":25,"column":9}},"type":"if","locations":[{"start":{"line":23,"column":8},"end":{"line":25,"column":9}},{"start":{},"end":{}}],"line":23},"1":{"loc":{"start":{"line":65,"column":8},"end":{"line":67,"column":9}},"type":"if","locations":[{"start":{"line":65,"column":8},"end":{"line":67,"column":9}},{"start":{},"end":{}}],"line":65},"2":{"loc":{"start":{"line":73,"column":8},"end":{"line":75,"column":9}},"type":"if","locations":[{"start":{"line":73,"column":8},"end":{"line":75,"column":9}},{"start":{},"end":{}}],"line":73}},"s":{"0":1,"1":2,"2":2,"3":2,"4":0,"5":1,"6":2,"7":2,"8":0,"9":2,"10":2,"11":2,"12":0,"13":2},"f":{"0":1,"1":2,"2":1,"3":2,"4":2},"b":{"0":[2,0],"1":[0,2],"2":[0,2]},"_coverageSchema":"1a1c01bbd47fc00a2c39e90264f33305004495a9","hash":"e46bd43b90437f2f251a6114d1d73a7ec01b6d97"}
,"D:\\_Dev\\_Projects\\Admiralis\\front-ionic\\src\\commons\\services\\loan\\Loan.service.ts": {"path":"D:\\_Dev\\_Projects\\Admiralis\\front-ionic\\src\\commons\\services\\loan\\Loan.service.ts","statementMap":{"0":{"start":{"line":14,"column":30},"end":{"line":14,"column":60}},"1":{"start":{"line":15,"column":8},"end":{"line":17,"column":10}},"2":{"start":{"line":16,"column":12},"end":{"line":16,"column":36}},"3":{"start":{"line":18,"column":8},"end":{"line":18,"column":21}},"4":{"start":{"line":26,"column":27},"end":{"line":26,"column":60}},"5":{"start":{"line":27,"column":8},"end":{"line":30,"column":9}},"6":{"start":{"line":28,"column":12},"end":{"line":28,"column":36}},"7":{"start":{"line":29,"column":12},"end":{"line":29,"column":24}},"8":{"start":{"line":31,"column":8},"end":{"line":31,"column":42}},"9":{"start":{"line":39,"column":30},"end":{"line":39,"column":77}},"10":{"start":{"line":40,"column":8},"end":{"line":43,"column":9}},"11":{"start":{"line":41,"column":12},"end":{"line":41,"column":59}},"12":{"start":{"line":41,"column":34},"end":{"line":41,"column":57}},"13":{"start":{"line":42,"column":12},"end":{"line":42,"column":25}},"14":{"start":{"line":44,"column":8},"end":{"line":44,"column":28}},"15":{"start":{"line":52,"column":30},"end":{"line":52,"column":79}},"16":{"start":{"line":53,"column":8},"end":{"line":56,"column":9}},"17":{"start":{"line":54,"column":12},"end":{"line":54,"column":59}},"18":{"start":{"line":54,"column":34},"end":{"line":54,"column":57}},"19":{"start":{"line":55,"column":12},"end":{"line":55,"column":25}},"20":{"start":{"line":57,"column":8},"end":{"line":57,"column":28}},"21":{"start":{"line":61,"column":27},"end":{"line":61,"column":95}},"22":{"start":{"line":62,"column":8},"end":{"line":65,"column":9}},"23":{"start":{"line":63,"column":12},"end":{"line":63,"column":36}},"24":{"start":{"line":64,"column":12},"end":{"line":64,"column":24}},"25":{"start":{"line":66,"column":8},"end":{"line":66,"column":26}},"26":{"start":{"line":74,"column":30},"end":{"line":74,"column":75}},"27":{"start":{"line":75,"column":8},"end":{"line":78,"column":9}},"28":{"start":{"line":76,"column":12},"end":{"line":76,"column":59}},"29":{"start":{"line":76,"column":34},"end":{"line":76,"column":57}},"30":{"start":{"line":77,"column":12},"end":{"line":77,"column":25}},"31":{"start":{"line":79,"column":8},"end":{"line":79,"column":28}},"32":{"start":{"line":87,"column":27},"end":{"line":87,"column":61}},"33":{"start":{"line":88,"column":8},"end":{"line":88,"column":39}},"34":{"start":{"line":96,"column":27},"end":{"line":96,"column":64}},"35":{"start":{"line":97,"column":8},"end":{"line":97,"column":39}},"36":{"start":{"line":101,"column":8},"end":{"line":104,"column":9}},"37":{"start":{"line":102,"column":32},"end":{"line":102,"column":77}},"38":{"start":{"line":103,"column":12},"end":{"line":103,"column":43}},"39":{"start":{"line":105,"column":8},"end":{"line":105,"column":42}},"40":{"start":{"line":114,"column":8},"end":{"line":114,"column":50}},"41":{"start":{"line":115,"column":8},"end":{"line":115,"column":73}},"42":{"start":{"line":116,"column":8},"end":{"line":119,"column":9}},"43":{"start":{"line":117,"column":12},"end":{"line":117,"column":68}},"44":{"start":{"line":118,"column":12},"end":{"line":118,"column":93}},"45":{"start":{"line":120,"column":8},"end":{"line":120,"column":20}}},"fnMap":{"0":{"name":"(anonymous_0)","decl":{"start":{"line":13,"column":4},"end":{"line":13,"column":5}},"loc":{"start":{"line":13,"column":39},"end":{"line":19,"column":5}},"line":13},"1":{"name":"(anonymous_1)","decl":{"start":{"line":15,"column":22},"end":{"line":15,"column":23}},"loc":{"start":{"line":15,"column":38},"end":{"line":17,"column":9}},"line":15},"2":{"name":"(anonymous_2)","decl":{"start":{"line":25,"column":4},"end":{"line":25,"column":5}},"loc":{"start":{"line":25,"column":50},"end":{"line":32,"column":5}},"line":25},"3":{"name":"(anonymous_3)","decl":{"start":{"line":38,"column":4},"end":{"line":38,"column":5}},"loc":{"start":{"line":38,"column":66},"end":{"line":45,"column":5}},"line":38},"4":{"name":"(anonymous_4)","decl":{"start":{"line":41,"column":26},"end":{"line":41,"column":27}},"loc":{"start":{"line":41,"column":34},"end":{"line":41,"column":57}},"line":41},"5":{"name":"(anonymous_5)","decl":{"start":{"line":51,"column":4},"end":{"line":51,"column":5}},"loc":{"start":{"line":51,"column":68},"end":{"line":58,"column":5}},"line":51},"6":{"name":"(anonymous_6)","decl":{"start":{"line":54,"column":26},"end":{"line":54,"column":27}},"loc":{"start":{"line":54,"column":34},"end":{"line":54,"column":57}},"line":54},"7":{"name":"(anonymous_7)","decl":{"start":{"line":60,"column":4},"end":{"line":60,"column":5}},"loc":{"start":{"line":60,"column":81},"end":{"line":67,"column":5}},"line":60},"8":{"name":"(anonymous_8)","decl":{"start":{"line":73,"column":4},"end":{"line":73,"column":5}},"loc":{"start":{"line":73,"column":64},"end":{"line":80,"column":5}},"line":73},"9":{"name":"(anonymous_9)","decl":{"start":{"line":76,"column":26},"end":{"line":76,"column":27}},"loc":{"start":{"line":76,"column":34},"end":{"line":76,"column":57}},"line":76},"10":{"name":"(anonymous_10)","decl":{"start":{"line":86,"column":4},"end":{"line":86,"column":5}},"loc":{"start":{"line":86,"column":49},"end":{"line":89,"column":5}},"line":86},"11":{"name":"(anonymous_11)","decl":{"start":{"line":95,"column":4},"end":{"line":95,"column":5}},"loc":{"start":{"line":95,"column":52},"end":{"line":98,"column":5}},"line":95},"12":{"name":"(anonymous_12)","decl":{"start":{"line":100,"column":4},"end":{"line":100,"column":5}},"loc":{"start":{"line":100,"column":50},"end":{"line":106,"column":5}},"line":100},"13":{"name":"(anonymous_13)","decl":{"start":{"line":113,"column":4},"end":{"line":113,"column":5}},"loc":{"start":{"line":113,"column":43},"end":{"line":121,"column":5}},"line":113}},"branchMap":{"0":{"loc":{"start":{"line":27,"column":8},"end":{"line":30,"column":9}},"type":"if","locations":[{"start":{"line":27,"column":8},"end":{"line":30,"column":9}},{"start":{},"end":{}}],"line":27},"1":{"loc":{"start":{"line":40,"column":8},"end":{"line":43,"column":9}},"type":"if","locations":[{"start":{"line":40,"column":8},"end":{"line":43,"column":9}},{"start":{},"end":{}}],"line":40},"2":{"loc":{"start":{"line":53,"column":8},"end":{"line":56,"column":9}},"type":"if","locations":[{"start":{"line":53,"column":8},"end":{"line":56,"column":9}},{"start":{},"end":{}}],"line":53},"3":{"loc":{"start":{"line":62,"column":8},"end":{"line":65,"column":9}},"type":"if","locations":[{"start":{"line":62,"column":8},"end":{"line":65,"column":9}},{"start":{},"end":{}}],"line":62},"4":{"loc":{"start":{"line":75,"column":8},"end":{"line":78,"column":9}},"type":"if","locations":[{"start":{"line":75,"column":8},"end":{"line":78,"column":9}},{"start":{},"end":{}}],"line":75},"5":{"loc":{"start":{"line":101,"column":8},"end":{"line":104,"column":9}},"type":"if","locations":[{"start":{"line":101,"column":8},"end":{"line":104,"column":9}},{"start":{},"end":{}}],"line":101},"6":{"loc":{"start":{"line":115,"column":23},"end":{"line":115,"column":72}},"type":"cond-expr","locations":[{"start":{"line":115,"column":38},"end":{"line":115,"column":60}},{"start":{"line":115,"column":63},"end":{"line":115,"column":72}}],"line":115},"7":{"loc":{"start":{"line":116,"column":8},"end":{"line":119,"column":9}},"type":"if","locations":[{"start":{"line":116,"column":8},"end":{"line":119,"column":9}},{"start":{},"end":{}}],"line":116},"8":{"loc":{"start":{"line":118,"column":34},"end":{"line":118,"column":92}},"type":"cond-expr","locations":[{"start":{"line":118,"column":56},"end":{"line":118,"column":85}},{"start":{"line":118,"column":88},"end":{"line":118,"column":92}}],"line":118}},"s":{"0":1,"1":1,"2":2,"3":1,"4":2,"5":1,"6":1,"7":1,"8":0,"9":1,"10":1,"11":1,"12":1,"13":1,"14":0,"15":1,"16":1,"17":1,"18":2,"19":1,"20":0,"21":1,"22":1,"23":1,"24":1,"25":0
[...]
,"D:\\_Dev\\_Projects\\Admiralis\\front-ionic\\src\\features\\loan\\CreateCollectiveLoan\\CreateCollectiveLoan.page.tsx": {"path":"D:\\_Dev\\_Projects\\Admiralis\\front-ionic\\src\\features\\loan\\CreateCollectiveLoan\\CreateCollectiveLoan.page.tsx","statementMap":{"0":{"start":{"line":18,"column":33},"end":{"line":139,"column":1}},"1":{"start":{"line":20,"column":36},"end":{"line":20,"column":60}},"2":{"start":{"line":21,"column":32},"end":{"line":21,"column":54}},"3":{"start":{"line":22,"column":28},"end":{"line":22,"column":48}},"4":{"start":{"line":23,"column":38},"end":{"line":23,"column":53}},"5":{"start":{"line":24,"column":32},"end":{"line":24,"column":52}},"6":{"start":{"line":26,"column":19},"end":{"line":26,"column":31}},"7":{"start":{"line":27,"column":21},"end":{"line":27,"column":92}},"8":{"start":{"line":28,"column":29},"end":{"line":28,"column":39}},"9":{"start":{"line":30,"column":4},"end":{"line":45,"column":25}},"10":{"start":{"line":31,"column":8},"end":{"line":33,"column":9}},"11":{"start":{"line":32,"column":12},"end":{"line":32,"column":19}},"12":{"start":{"line":35,"column":8},"end":{"line":37,"column":9}},"13":{"start":{"line":36,"column":12},"end":{"line":36,"column":49}},"14":{"start":{"line":39,"column":8},"end":{"line":41,"column":9}},"15":{"start":{"line":40,"column":12},"end":{"line":40,"column":45}},"16":{"start":{"line":43,"column":8},"end":{"line":43,"column":42}},"17":{"start":{"line":47,"column":4},"end":{"line":57,"column":26}},"18":{"start":{"line":48,"column":8},"end":{"line":56,"column":10}},"19":{"start":{"line":59,"column":4},"end":{"line":61,"column":15}},"20":{"start":{"line":60,"column":8},"end":{"line":60,"column":35}},"21":{"start":{"line":63,"column":25},"end":{"line":65,"column":5}},"22":{"start":{"line":64,"column":8},"end":{"line":64,"column":44}},"23":{"start":{"line":67,"column":34},"end":{"line":72,"column":5}},"24":{"start":{"line":68,"column":8},"end":{"line":68,"column":27}},"25":{"start":{"line":69,"column":8},"end":{"line":69,"column":27}},"26":{"start":{"line":70,"column":8},"end":{"line":70,"column":43}},"27":{"start":{"line":74,"column":34},"end":{"line":78,"column":5}},"28":{"start":{"line":75,"column":8},"end":{"line":75,"column":27}},"29":{"start":{"line":76,"column":8},"end":{"line":76,"column":27}},"30":{"start":{"line":77,"column":8},"end":{"line":77,"column":24}},"31":{"start":{"line":80,"column":4},"end":{"line":138,"column":6}},"32":{"start":{"line":113,"column":69},"end":{"line":113,"column":103}},"33":{"start":{"line":120,"column":92},"end":{"line":120,"column":126}}},"fnMap":{"0":{"name":"(anonymous_0)","decl":{"start":{"line":18,"column":33},"end":{"line":18,"column":34}},"loc":{"start":{"line":18,"column":39},"end":{"line":139,"column":1}},"line":18},"1":{"name":"(anonymous_1)","decl":{"start":{"line":30,"column":14},"end":{"line":30,"column":15}},"loc":{"start":{"line":30,"column":20},"end":{"line":45,"column":5}},"line":30},"2":{"name":"(anonymous_2)","decl":{"start":{"line":47,"column":14},"end":{"line":47,"column":15}},"loc":{"start":{"line":47,"column":20},"end":{"line":57,"column":5}},"line":47},"3":{"name":"(anonymous_3)","decl":{"start":{"line":59,"column":14},"end":{"line":59,"column":15}},"loc":{"start":{"line":59,"column":20},"end":{"line":61,"column":5}},"line":59},"4":{"name":"(anonymous_4)","decl":{"start":{"line":63,"column":25},"end":{"line":63,"column":26}},"loc":{"start":{"line":63,"column":31},"end":{"line":65,"column":5}},"line":63},"5":{"name":"(anonymous_5)","decl":{"start":{"line":67,"column":34},"end":{"line":67,"column":35}},"loc":{"start":{"line":67,"column":52},"end":{"line":72,"column":5}},"line":67},"6":{"name":"(anonymous_6)","decl":{"start":{"line":74,"column":34},"end":{"line":74,"column":35}},"loc":{"start":{"line":74,"column":52},"end":{"line":78,"column":5}},"line":74},"7":{"name":"(anonymous_7)","decl":{"start":{"line":113,"column":52},"end":{"line":113,"column":53}},"loc":{"start":{"line":113,"column":69},"end":{"line":113,"column":103}},"line":113},"8":{"name":"(anonymous_8)","decl":{"start":{"line":120,"column":74},"end":{"line":120,"column":75}},"loc":{"start":{"line":120,"column":91},"end":{"line":120,"column":127}},"line":120}},"branchMap":{"0":{"loc":{"start":{"line":31,"column":8},"end":{"line":33,"column":9}},"type":"if","locations":[{"start":{"line":31,"column":8},"end":{"line":33,"column":9}},{"start":{},"end":{}}],"line":31},"1":{"loc":{"start":{"line":35,"column":8},"end":{"line":37,"column":9}},"type":"if","locations":[{"start":{"line":35,"column":8},"end":{"line":37,"column":9}},{"start":{},"end":{}}],"line":35},"2":{"loc":{"start":{"line":39,"column":8},"end":{"line":41,"column":9}},"type":"if","locations":[{"start":{"line":39,"column":8},"end":{"line":41,"column":9}},{"start":{},"end":{}}],"line":39},"3":{"loc":{"start":{"line":50,"column":21},"end":{"line":50,"column":64}},"type":"cond-expr","locations":[{"start":{"line":50,"column":38},"end":{"line":50,"column":52}},{"start":{"line":50,"column":55},"end":{"line":50,"column":64}}],"line":50},"4":{"loc":{"start":{"line":60,"column":8},"end":{"line":60,"column":35}},"type":"binary-expr","locations":[{"start":{"line":60,"column":8},"end":{"line":60,"column":13}},{"start":{"line":60,"column":17},"end":{"line":60,"column":35}}],"line":60}},"s":{"0":2,"1":27,"2":27,"3":27,"4":27,"5":27,"6":27,"7":27,"8":27,"9":27,"10":19,"11":1,"12":18,"13":18,"14":18,"15":18,"16":18,"17":27,"18":14,"19":27,"20":7,"21":27,"22":1,"23":27,"24":1,"25":1,"26":1,"27":27,"28":1,"29":1,"30":1,"31":27,"32":1,"33":1},"f":{"0":27,"1":19,"2":14,"3":7,"4":1,"5":1,"6":1,"7":1,"8":1},"b":{"0":[1,18],"1":[18,0],"2":[18,0],"3":[6,8],"4":[7,0]},"_coverageSchema":"1a1c01bbd47fc00a2c39e90264f33305004495a9","hash":"e654cf86343c262ceeba1d78ca26af1c1ec83da0"}
,"D:\\_Dev\\_Projects\\Admiralis\\front-ionic\\src\\features\\loan\\CreateIndividualLoan\\CreateIndividualLoan.page.tsx": {"path":"D:\\_Dev\\_Projects\\Admiralis\\front-ionic\\src\\features\\loan\\CreateIndividualLoan\\CreateIndividualLoan.page.tsx","statementMap":{"0":{"start":{"line":16,"column":28},"end":{"line":16,"column":54}},"1":{"start":{"line":17,"column":48},"end":{"line":17,"column":74}},"2":{"start":{"line":18,"column":28},"end":{"line":18,"column":58}},"3":{"start":{"line":20,"column":19},"end":{"line":20,"column":31}},"4":{"start":{"line":22,"column":25},"end":{"line":40,"column":5}},"5":{"start":{"line":23,"column":8},"end":{"line":39,"column":14}},"6":{"start":{"line":25,"column":16},"end":{"line":31,"column":18}},"7":{"start":{"line":32,"column":16},"end":{"line":32,"column":44}},"8":{"start":{"line":35,"column":16},"end":{"line":35,"column":29}},"9":{"start":{"line":38,"column":16},"end":{"line":38,"column":38}},"10":{"start":{"line":43,"column":25},"end":{"line":46,"column":5}},"11":{"start":{"line":44,"column":8},"end":{"line":44,"column":27}},"12":{"start":{"line":45,"column":8},"end":{"line":45,"column":43}},"13":{"start":{"line":48,"column":4},"end":{"line":50,"column":24}},"14":{"start":{"line":49,"column":8},"end":{"line":49,"column":56}},"15":{"start":{"line":52,"column":4},"end":{"line":104,"column":6}},"16":{"start":{"line":70,"column":40},"end":{"line":70,"column":75}},"17":{"start":{"line":92,"column":20},"end":{"line":95,"column":23}},"18":{"start":{"line":96,"column":20},"end":{"line":96,"column":35}},"19":{"start":{"line":100,"column":20},"end":{"line":100,"column":35}},"20":{"start":{"line":101,"column":20},"end":{"line":101,"column":42}}},"fnMap":{"0":{"name":"CreateIndividualLoanPage","decl":{"start":{"line":14,"column":9},"end":{"line":14,"column":33}},"loc":{"start":{"line":14,"column":36},"end":{"line":105,"column":1}},"line":14},"1":{"name":"(anonymous_1)","decl":{"start":{"line":22,"column":25},"end":{"line":22,"column":26}},"loc":{"start":{"line":22,"column":51},"end":{"line":40,"column":5}},"line":22},"2":{"name":"(anonymous_2)","decl":{"start":{"line":24,"column":18},"end":{"line":24,"column":19}},"loc":{"start":{"line":24,"column":32},"end":{"line":33,"column":13}},"line":24},"3":{"name":"(anonymous_3)","decl":{"start":{"line":34,"column":19},"end":{"line":34,"column":20}},"loc":{"start":{"line":34,"column":25},"end":{"line":36,"column":13}},"line":34},"4":{"name":"(anonymous_4)","decl":{"start":{"line":37,"column":21},"end":{"line":37,"column":22}},"loc":{"start":{"line":37,"column":27},"end":{"line":39,"column":13}},"line":37},"5":{"name":"(anonymous_5)","decl":{"start":{"line":43,"column":25},"end":{"line":43,"column":26}},"loc":{"start":{"line":43,"column":72},"end":{"line":46,"column":5}},"line":43},"6":{"name":"(anonymous_6)","decl":{"start":{"line":48,"column":20},"end":{"line":48,"column":21}},"loc":{"start":{"line":48,"column":26},"end":{"line":50,"column":5}},"line":48},"7":{"name":"(anonymous_7)","decl":{"start":{"line":69,"column":49},"end":{"line":69,"column":50}},"loc":{"start":{"line":69,"column":54},"end":{"line":71,"column":37}},"line":69},"8":{"name":"(anonymous_8)","decl":{"start":{"line":91,"column":31},"end":{"line":91,"column":32}},"loc":{"start":{"line":91,"column":37},"end":{"line":97,"column":17}},"line":91},"9":{"name":"(anonymous_9)","decl":{"start":{"line":99,"column":26},"end":{"line":99,"column":27}},"loc":{"start":{"line":99,"column":32},"end":{"line":102,"column":17}},"line":99}},"branchMap":{"0":{"loc":{"start":{"line":80,"column":42},"end":{"line":80,"column":140}},"type":"binary-expr","locations":[{"start":{"line":80,"column":42},"end":{"line":80,"column":85}},{"start":{"line":80,"column":89},"end":{"line":80,"column":113}},{"start":{"line":80,"column":117},"end":{"line":80,"column":140}}],"line":80}},"s":{"0":4,"1":4,"2":4,"3":4,"4":3,"5":1,"6":0,"7":0,"8":0,"9":0,"10":3,"11":1,"12":1,"13":3,"14":3,"15":3,"16":1,"17":0,"18":0,"19":0,"20":0},"f":{"0":4,"1":1,"2":0,"3":0,"4":0,"5":1,"6":3,"7":1,"8":0,"9":0},"b":{"0":[3,3,0]},"_coverageSchema":"1a1c01bbd47fc00a2c39e90264f33305004495a9","hash":"f56b51aef4c21e00193bd5f1e29f0f7d043b097a"}
,"D:\\_Dev\\_Projects\\Admiralis\\front-ionic\\src\\features\\loan\\EditIndividualLoan\\EditIndividualLoan.page.tsx": {"path":"D:\\_Dev\\_Projects\\Admiralis\\front-ionic\\src\\features\\loan\\EditIndividualLoan\\EditIndividualLoan.page.tsx","statementMap":{"0":{"start":{"line":14,"column":28},"end":{"line":14,"column":54}},"1":{"start":{"line":15,"column":32},"end":{"line":15,"column":58}},"2":{"start":{"line":17,"column":19},"end":{"line":17,"column":31}},"3":{"start":{"line":18,"column":21},"end":{"line":18,"column":68}},"4":{"start":{"line":19,"column":22},"end":{"line":19,"column":32}},"5":{"start":{"line":22,"column":8},"end":{"line":22,"column":27}},"6":{"start":{"line":23,"column":8},"end":{"line":28,"column":9}},"7":{"start":{"line":24,"column":12},"end":{"line":24,"column":31}},"8":{"start":{"line":25,"column":12},"end":{"line":25,"column":31}},"9":{"start":{"line":27,"column":12},"end":{"line":27,"column":29}},"10":{"start":{"line":31,"column":4},"end":{"line":47,"column":24}},"11":{"start":{"line":33,"column":8},"end":{"line":35,"column":9}},"12":{"start":{"line":34,"column":12},"end":{"line":34,"column":19}},"13":{"start":{"line":37,"column":8},"end":{"line":39,"column":9}},"14":{"start":{"line":38,"column":12},"end":{"line":38,"column":41}},"15":{"start":{"line":41,"column":8},"end":{"line":45,"column":9}},"16":{"start":{"line":42,"column":12},"end":{"line":42,"column":47}},"17":{"start":{"line":44,"column":12},"end":{"line":44,"column":26}},"18":{"start":{"line":49,"column":4},"end":{"line":89,"column":6}},"19":{"start":{"line":53,"column":74},"end":{"line":53,"column":93}},"20":{"start":{"line":71,"column":40},"end":{"line":74,"column":42}},"21":{"start":{"line":81,"column":54},"end":{"line":81,"column":73}}},"fnMap":{"0":{"name":"EditIndividualLoanPage","decl":{"start":{"line":11,"column":9},"end":{"line":11,"column":31}},"loc":{"start":{"line":11,"column":34},"end":{"line":90,"column":1}},"line":11},"1":{"name":"handleSubmit","decl":{"start":{"line":21,"column":19},"end":{"line":21,"column":31}},"loc":{"start":{"line":21,"column":69},"end":{"line":29,"column":5}},"line":21},"2":{"name":"(anonymous_2)","decl":{"start":{"line":31,"column":20},"end":{"line":31,"column":21}},"loc":{"start":{"line":31,"column":26},"end":{"line":47,"column":5}},"line":31},"3":{"name":"(anonymous_3)","decl":{"start":{"line":53,"column":63},"end":{"line":53,"column":64}},"loc":{"start":{"line":53,"column":74},"end":{"line":53,"column":93}},"line":53},"4":{"name":"(anonymous_4)","decl":{"start":{"line":70,"column":56},"end":{"line":70,"column":57}},"loc":{"start":{"line":70,"column":73},"end":{"line":75,"column":37}},"line":70},"5":{"name":"(anonymous_5)","decl":{"start":{"line":81,"column":48},"end":{"line":81,"column":49}},"loc":{"start":{"line":81,"column":54},"end":{"line":81,"column":73}},"line":81}},"branchMap":{"0":{"loc":{"start":{"line":33,"column":8},"end":{"line":35,"column":9}},"type":"if","locations":[{"start":{"line":33,"column":8},"end":{"line":35,"column":9}},{"start":{},"end":{}}],"line":33},"1":{"loc":{"start":{"line":37,"column":8},"end":{"line":39,"column":9}},"type":"if","locations":[{"start":{"line":37,"column":8},"end":{"line":39,"column":9}},{"start":{},"end":{}}],"line":37},"2":{"loc":{"start":{"line":41,"column":8},"end":{"line":45,"column":9}},"type":"if","locations":[{"start":{"line":41,"column":8},"end":{"line":45,"column":9}},{"start":{"line":43,"column":15},"end":{"line":45,"column":9}}],"line":41},"3":{"loc":{"start":{"line":69,"column":53},"end":{"line":69,"column":108}},"type":"binary-expr","locations":[{"start":{"line":69,"column":53},"end":{"line":69,"column":66}},{"start":{"line":69,"column":70},"end":{"line":69,"column":108}}],"line":69}},"s":{"0":0,"1":0,"2":0,"3":0,"4":0,"5":0,"6":0,"7":0,"8":0,"9":0,"10":0,"11":0,"12":0,"13":0,"14":0,"15":0,"16":0,"17":0,"18":0,"19":0,"20":0,"21":0},"f":{"0":0,"1":0,"2":0,"3":0,"4":0,"5":0},"b":{"0":[0,0],"1":[0,0],"2":[0,0],"3":[0,0]},"_coverageSchema":"1a1c01bbd47fc00a2c39e90264f33305004495a9","hash":"d119c209ed99ccc514e2c48e9690657c5e7536ac"}
,"D:\\_Dev\\_Projects\\Admiralis\\front-ionic\\src\\features\\loan\\EndLoan\\EndLoan.page.tsx": {"path":"D:\\_Dev\\_Projects\\Admiralis\\front-ionic\\src\\features\\loan\\EndLoan\\EndLoan.page.tsx","statementMap":{"0":{"start":{"line":19,"column":21},"end":{"line":19,"column":76}},"1":{"start":{"line":20,"column":36},"end":{"line":20,"column":60}},"2":{"start":{"line":21,"column":32},"end":{"line":21,"column":52}},"3":{"start":{"line":22,"column":28},"end":{"line":22,"column":48}},"4":{"start":{"line":24,"column":19},"end":{"line":24,"column":31}},"5":{"start":{"line":25,"column":22},"end":{"line":25,"column":32}},"6":{"start":{"line":27,"column":4},"end":{"line":31,"column":25}},"7":{"start":{"line":28,"column":8},"end":{"line":28,"column":36}},"8":{"start":{"line":28,"column":29},"end":{"line":28,"column":36}},"9":{"start":{"line":29,"column":8},"end":{"line":29,"column":45}},"10":{"start":{"line":30,"column":8},"end":{"line":30,"column":43}},"11":{"start":{"line":33,"column":4},"end":{"line":46,"column":19}},"12":{"start":{"line":37,"column":8},"end":{"line":45,"column":12}},"13":{"start":{"line":38,"column":12},"end":{"line":38,"column":37}},"14":{"start":{"line":38,"column":30},"end":{"line":38,"column":37}},"15":{"start":{"line":39,"column":12},"end":{"line":44,"column":13}},"16":{"start":{"line":40,"column":29},"end":{"line":40,"column":95}},"17":{"start":{"line":41,"column":16},"end":{"line":41,"column":30}},"18":{"start":{"line":43,"column":16},"end":{"line":43,"column":33}},"19":{"start":{"line":53,"column":8},"end":{"line":53,"column":27}},"20":{"start":{"line":54,"column":8},"end":{"line":59,"column":9}},"21":{"start":{"line":55,"column":12},"end":{"line":55,"column":31}},"22":{"start":{"line":56,"column":12},"end":{"line":56,"column":31}},"23":{"start":{"line":58,"column":12},"end":{"line":58,"column":29}},"24":{"start":{"line":62,"column":4},"end":{"line":122,"column":6}},"25":{"start":{"line":65,"column":77},"end":{"line":65,"column":102}},"26":{"start":{"line":114,"column":50},"end":{"line":114,"column":69}}},"fnMap":{"0":{"name":"EndLoanPage","decl":{"start":{"line":18,"column":9},"end":{"line":18,"column":20}},"loc":{"start":{"line":18,"column":23},"end":{"line":123,"column":1}},"line":18},"1":{"name":"(anonymous_1)","decl":{"start":{"line":27,"column":14},"end":{"line":27,"column":15}},"loc":{"start":{"line":27,"column":20},"end":{"line":31,"column":5}},"line":27},"2":{"name":"(anonymous_2)","decl":{"start":{"line":33,"column":14},"end":{"line":33,"column":15}},"loc":{"start":{"line":33,"column":20},"end":{"line":46,"column":5}},"line":33},"3":{"name":"(anonymous_3)","decl":{"start":{"line":37,"column":9},"end":{"line":37,"column":10}},"loc":{"start":{"line":37,"column":21},"end":{"line":45,"column":9}},"line":37},"4":{"name":"handleSubmit","decl":{"start":{"line":52,"column":19},"end":{"line":52,"column":31}},"loc":{"start":{"line":52,"column":69},"end":{"line":60,"column":5}},"line":52},"5":{"name":"(anonymous_5)","decl":{"start":{"line":65,"column":59},"end":{"line":65,"column":60}},"loc":{"start":{"line":65,"column":76},"end":{"line":65,"column":103}},"line":65},"6":{"name":"(anonymous_6)","decl":{"start":{"line":82,"column":58},"end":{"line":82,"column":59}},"loc":{"start":{"line":82,"column":64},"end":{"line":83,"column":41}},"line":82},"7":{"name":"(anonymous_7)","decl":{"start":{"line":96,"column":49},"end":{"line":96,"column":50}},"loc":{"start":{"line":96,"column":55},"end":{"line":96,"column":57}},"line":96},"8":{"name":"(anonymous_8)","decl":{"start":{"line":114,"column":44},"end":{"line":114,"column":45}},"loc":{"start":{"line":114,"column":50},"end":{"line":114,"column":69}},"line":114}},"branchMap":{"0":{"loc":{"start":{"line":28,"column":8},"end":{"line":28,"column":36}},"type":"if","locations":[{"start":{"line":28,"column":8},"end":{"line":28,"column":36}},{"start":{},"end":{}}],"line":28},"1":{"loc":{"start":{"line":38,"column":12},"end":{"line":38,"column":37}},"type":"if","locations":[{"start":{"line":38,"column":12},"end":{"line":38,"column":37}},{"start":{},"end":{}}],"line":38},"2":{"loc":{"start":{"line":76,"column":24},"end":{"line":87,"column":25}},"type":"binary-expr","locations":[{"start":{"line":76,"column":24},"end":{"line":76,"column":35}},{"start":{"line":77,"column":28},"end":{"line":86,"column":30}}],"line":76},"3":{"loc":{"start":{"line":90,"column":24},"end":{"line":100,"column":25}},"type":"binary-expr","locations":[{"start":{"line":90,"column":24},"end":{"line":90,"column":36}},{"start":{"line":91,"column":28},"end":{"line":99,"column":30}}],"line":90},"4":{"loc":{"start":{"line":103,"column":24},"end":{"line":110,"column":25}},"type":"binary-expr","locations":[{"start":{"line":103,"column":24},"end":{"line":103,"column":36}},{"start":{"line":103,"column":40},"end":{"line":103,"column":53}},{"start":{"line":104,"column":28},"end":{"line":109,"column":30}}],"line":103},"5":{"loc":{"start":{"line":116,"column":45},"end":{"line":116,"column":74}},"type":"binary-expr","locations":[{"start":{"line":116,"column":45},"end":{"line":116,"column":57}},{"start":{"line":116,"column":61},"end":{"line":116,"column":74}}],"line":116}},"s":{"0":31,"1":31,"2":31,"3":31,"4":31,"5":31,"6":31,"7":19,"8":0,"9":19,"10":19,"11":31,"12":14,"13":14,"14":7,"15":7,"16":7,"17":5,"18":2,"19":2,"20":2,"21":2,"22":2,"23":0,"24":31,"25":2,"26":1},"f":{"0":31,"1":19,"2":14,"3":14,"4":2,"5":2,"6":0,"7":5,"8":1},"b":{"0":[0,19],"1":[7,7],"2":[31,0],"3":[31,10],"4":[31,31,21],"5":[31,31]},"_coverageSchema":"1a1c01bbd47fc00a2c39e90264f33305004495a9","hash":"2737ba3561edeab08f5a686c0c93de88d7f402b8"}
}
