TN:
SF:src\App.tsx
FN:49,(anonymous_0)
FNF:1
FNH:1
FNDA:1,(anonymous_0)
DA:47,1
DA:49,1
DA:50,1
LF:3
LH:3
BRF:0
BRH:0
end_of_record
TN:
SF:src\react-app-env.d.ts
FNF:0
FNH:0
LF:0
LH:0
BRF:0
BRH:0
end_of_record
TN:
SF:src\commons\components\Buttons\CommentButtons\CommentsButtons.component.tsx
FN:14,(anonymous_0)
FNF:1
FNH:1
FNDA:90,(anonymous_0)
DA:14,9
DA:16,90
DA:18,90
LF:3
LH:3
BRDA:20,0,0,90
BRDA:20,0,1,26
BRDA:31,1,0,90
BRDA:31,1,1,64
BRF:4
BRH:4
end_of_record
TN:
SF:src\commons\components\Buttons\LinuxButton\LinuxButton.component.tsx
FN:21,(anonymous_0)
FN:27,(anonymous_1)
FN:41,(anonymous_2)
FN:49,(anonymous_3)
FNF:4
FNH:4
FNDA:35,(anonymous_0)
FNDA:35,(anonymous_1)
FNDA:70,(anonymous_2)
FNDA:1,(anonymous_3)
DA:21,20
DA:27,35
DA:28,35
DA:29,23
DA:30,12
DA:31,5
DA:33,7
DA:41,35
DA:42,70
DA:43,2
DA:45,68
DA:49,35
DA:50,1
DA:51,1
DA:54,35
LF:15
LH:15
BRDA:28,0,0,23
BRDA:28,0,1,12
BRDA:30,1,0,5
BRDA:30,1,1,7
BRDA:42,2,0,2
BRDA:42,2,1,68
BRDA:51,3,0,1
BRDA:51,3,1,1
BRF:8
BRH:8
end_of_record
TN:
SF:src\commons\components\Cards\Card\Card.component.tsx
FN:30,CardComponent
FN:33,(anonymous_1)
FNF:2
FNH:2
FNDA:191,CardComponent
FNDA:1,(anonymous_1)
DA:31,191
DA:32,190
DA:33,190
DA:34,1
DA:37,190
LF:5
LH:5
BRDA:39,0,0,113
BRDA:39,0,1,77
BRDA:42,1,0,113
BRDA:42,1,1,77
BRDA:50,2,0,190
BRDA:50,2,1,7
BRF:6
BRH:6
end_of_record
TN:
SF:src\commons\components\Cards\components\CardAlert\CardAlert.component.tsx
FN:9,CardAlertComponent
FNF:1
FNH:1
FNDA:193,CardAlertComponent
DA:10,193
DA:12,193
LF:2
LH:2
BRDA:13,0,0,3
BRDA:13,0,1,190
BRDA:14,1,0,1
BRDA:14,1,1,2
BRF:4
BRH:4
end_of_record
TN:
SF:src\commons\components\Cards\components\CardButtons\CardButtons.component.tsx
FN:10,CardButtonsComponent
FNF:1
FNH:1
FNDA:194,CardButtonsComponent
DA:11,194
LF:1
LH:1
BRDA:13,0,0,5
BRDA:13,0,1,189
BRDA:15,1,0,1
BRDA:15,1,1,4
BRF:4
BRH:4
end_of_record
TN:
SF:src\commons\components\Cards\components\CardContent\CardContent.component.tsx
FN:11,CardContentComponent
FNF:1
FNH:1
FNDA:195,CardContentComponent
DA:12,195
LF:1
LH:1
BRDA:13,0,0,1
BRDA:13,0,1,193
BRDA:13,1,0,195
BRDA:13,1,1,4
BRF:4
BRH:4
end_of_record
TN:
SF:src\commons\components\Forms\Comments\Comments.component.tsx
FN:16,(anonymous_0)
FNF:1
FNH:1
FNDA:49,(anonymous_0)
DA:16,7
DA:17,49
LF:2
LH:2
BRF:0
BRH:0
end_of_record
TN:
SF:src\commons\components\Forms\Comments\CommentIterator\CommentIterator.component.tsx
FN:18,(anonymous_0)
FN:21,(anonymous_1)
FN:30,(anonymous_2)
FN:42,(anonymous_3)
FN:43,(anonymous_4)
FN:50,(anonymous_5)
FN:60,(anonymous_6)
FN:71,(anonymous_7)
FN:79,(anonymous_8)
FN:86,(anonymous_9)
FNF:10
FNH:7
FNDA:62,(anonymous_0)
FNDA:29,(anonymous_1)
FNDA:3,(anonymous_2)
FNDA:0,(anonymous_3)
FNDA:0,(anonymous_4)
FNDA:2,(anonymous_5)
FNDA:24,(anonymous_6)
FNDA:0,(anonymous_7)
FNDA:6,(anonymous_8)
FNDA:2,(anonymous_9)
DA:18,8
DA:19,62
DA:21,62
DA:22,29
DA:23,29
DA:30,62
DA:31,3
DA:32,1
DA:34,2
DA:35,2
DA:42,62
DA:43,0
DA:50,62
DA:51,2
DA:52,1
DA:54,1
DA:57,62
DA:61,24
DA:71,0
DA:79,6
DA:86,2
LF:21
LH:19
BRDA:23,0,0,29
BRDA:23,0,1,25
BRDA:23,1,0,25
BRDA:23,1,1,15
BRDA:31,2,0,1
BRDA:31,2,1,2
BRDA:34,3,0,2
BRDA:34,3,1,2
BRDA:43,4,0,0
BRDA:43,4,1,0
BRDA:51,5,0,1
BRDA:51,5,1,1
BRDA:60,6,0,62
BRDA:60,6,1,45
BRF:14
BRH:12
end_of_record
TN:
SF:src\commons\components\Forms\ComputerAddForm\ComputerAddFormComponent.tsx
FN:16,(anonymous_0)
FN:29,(anonymous_1)
FNF:2
FNH:2
FNDA:8,(anonymous_0)
FNDA:1,(anonymous_1)
DA:16,19
DA:18,8
DA:30,1
DA:31,1
LF:4
LH:4
BRF:0
BRH:0
end_of_record
TN:
SF:src\commons\components\Forms\ComputerForm\ComputerForm.component.tsx
FN:11,(anonymous_0)
FN:15,(anonymous_1)
FN:24,(anonymous_2)
FN:32,(anonymous_3)
FN:40,(anonymous_4)
FNF:5
FNH:5
FNDA:62,(anonymous_0)
FNDA:1,(anonymous_1)
FNDA:1,(anonymous_2)
FNDA:1,(anonymous_3)
FNDA:1,(anonymous_4)
DA:11,19
DA:12,62
DA:17,1
DA:25,1
DA:33,1
DA:41,1
LF:6
LH:6
BRDA:14,0,0,62
BRDA:14,0,1,31
BRDA:23,1,0,62
BRDA:23,1,1,31
BRDA:31,2,0,62
BRDA:31,2,1,31
BRDA:39,3,0,62
BRDA:39,3,1,31
BRF:8
BRH:8
end_of_record
TN:
SF:src\commons\components\Forms\CourseForm\CourseForm.component.tsx
FN:18,(anonymous_0)
FN:23,(anonymous_1)
FN:34,(anonymous_2)
FN:47,(anonymous_3)
FN:55,(anonymous_4)
FNF:5
FNH:3
FNDA:34,(anonymous_0)
FNDA:2,(anonymous_1)
FNDA:0,(anonymous_2)
FNDA:0,(anonymous_3)
FNDA:1,(anonymous_4)
DA:18,8
DA:19,34
DA:21,33
DA:24,2
DA:35,0
DA:48,0
DA:56,1
LF:7
LH:5
BRDA:19,0,0,0
BRDA:22,1,0,33
BRDA:22,1,1,20
BRDA:44,2,0,33
BRDA:44,2,1,13
BRDA:45,3,0,33
BRDA:45,3,1,13
BRDA:54,4,0,33
BRDA:54,4,1,20
BRF:9
BRH:8
end_of_record
TN:
SF:src\commons\components\Forms\IndividualLoanForm\IndividualLoanForm.component.tsx
FN:12,IndividualLoanFormComponent
FN:17,computeStartDate
FN:21,(anonymous_2)
FN:44,(anonymous_3)
FN:59,(anonymous_4)
FN:72,(anonymous_5)
FN:82,(anonymous_6)
FN:94,(anonymous_7)
FNF:8
FNH:5
FNDA:20,IndividualLoanFormComponent
FNDA:19,computeStartDate
FNDA:19,(anonymous_2)
FNDA:1,(anonymous_3)
FNDA:1,(anonymous_4)
FNDA:0,(anonymous_5)
FNDA:0,(anonymous_6)
FNDA:0,(anonymous_7)
DA:14,20
DA:15,19
DA:18,19
DA:21,19
DA:23,19
DA:24,0
DA:30,19
DA:39,19
DA:45,1
DA:60,1
DA:73,0
DA:83,0
DA:95,0
LF:13
LH:9
BRDA:14,0,0,0
BRDA:18,1,0,0
BRDA:18,1,1,19
BRDA:18,2,0,19
BRDA:18,2,1,0
BRDA:23,3,0,0
BRDA:23,3,1,19
BRDA:43,4,0,19
BRDA:43,4,1,9
BRDA:58,5,0,19
BRDA:58,5,1,9
BRDA:71,6,0,19
BRDA:71,6,1,19
BRDA:92,7,0,0
BRDA:92,7,1,19
BRDA:93,8,0,19
BRDA:93,8,1,9
BRF:17
BRH:12
end_of_record
TN:
SF:src\commons\components\Forms\Inputs\AsciiDate\AsciiDate.component.tsx
FN:26,(anonymous_0)
FN:41,(anonymous_1)
FNF:2
FNH:1
FNDA:105,(anonymous_0)
FNDA:0,(anonymous_1)
DA:26,8
DA:28,105
DA:30,105
DA:32,104
DA:41,0
LF:5
LH:4
BRDA:37,0,0,104
BRDA:37,0,1,52
BRDA:55,1,0,104
BRDA:55,1,1,52
BRDA:63,2,0,104
BRDA:63,2,1,72
BRDA:64,3,0,104
BRDA:64,3,1,52
BRF:8
BRH:8
end_of_record
TN:
SF:src\commons\components\Forms\Inputs\AsciiInput\AsciiInput.component.tsx
FN:29,AsciiInputComponent
FN:33,focusOnInput
FN:36,(anonymous_2)
FN:41,(anonymous_3)
FNF:4
FNH:1
FNDA:644,AsciiInputComponent
FNDA:0,focusOnInput
FNDA:0,(anonymous_2)
FNDA:0,(anonymous_3)
DA:34,0
DA:35,0
DA:36,0
DA:41,644
DA:42,0
DA:45,644
LF:6
LH:2
BRDA:34,0,0,0
BRDA:34,0,1,0
BRDA:36,1,0,0
BRDA:36,1,1,0
BRDA:47,2,0,90
BRDA:47,2,1,554
BRDA:48,3,0,27
BRDA:48,3,1,617
BRDA:49,4,0,25
BRDA:49,4,1,2
BRDA:50,5,0,65
BRDA:50,5,1,552
BRDA:50,6,0,617
BRDA:50,6,1,105
BRDA:57,7,0,90
BRDA:57,7,1,554
BRDA:60,8,0,582
BRDA:60,8,1,62
BRF:18
BRH:14
end_of_record
TN:
SF:src\commons\components\Forms\Inputs\AutocompleteCourseInput\AutocompleteCourseInput.component.tsx
FN:17,AutocompleteCourseInputComponent
FN:24,handleCourseCreation
FN:35,(anonymous_2)
FN:47,(anonymous_3)
FN:77,(anonymous_4)
FN:91,(anonymous_5)
FNF:6
FNH:2
FNDA:20,AutocompleteCourseInputComponent
FNDA:0,handleCourseCreation
FNDA:19,(anonymous_2)
FNDA:0,(anonymous_3)
FNDA:0,(anonymous_4)
FNDA:0,(anonymous_5)
DA:18,20
DA:19,20
DA:20,20
DA:22,20
DA:25,0
DA:26,0
DA:27,0
DA:28,0
DA:29,0
DA:31,0
DA:35,19
DA:36,19
DA:37,15
DA:41,19
DA:47,0
DA:78,0
DA:92,0
LF:17
LH:8
BRDA:36,0,0,15
BRDA:36,0,1,4
BRDA:45,1,0,19
BRDA:45,1,1,4
BRDA:59,2,0,19
BRDA:59,2,1,6
BRDA:62,3,0,19
BRDA:62,3,1,13
BRDA:74,4,0,19
BRDA:74,4,1,6
BRDA:86,5,0,19
BRDA:86,5,1,13
BRF:12
BRH:12
end_of_record
TN:
SF:src\commons\components\Forms\Inputs\AutocompleteCourseInput\SearchCourse\SearchCourse.tsx
FN:11,SearchCourse
FN:19,(anonymous_1)
FN:26,(anonymous_2)
FN:27,(anonymous_3)
FN:45,(anonymous_4)
FN:51,(anonymous_5)
FN:56,(anonymous_6)
FNF:7
FNH:4
FNDA:8,SearchCourse
FNDA:0,(anonymous_1)
FNDA:4,(anonymous_2)
FNDA:4,(anonymous_3)
FNDA:0,(anonymous_4)
FNDA:3,(anonymous_5)
FNDA:0,(anonymous_6)
DA:13,8
DA:15,7
DA:16,7
DA:19,7
DA:20,0
DA:21,0
DA:22,0
DA:26,7
DA:27,4
DA:28,4
DA:29,4
DA:30,3
DA:32,1
DA:37,7
DA:45,0
DA:52,3
DA:57,0
LF:17
LH:12
BRDA:21,0,0,0
BRDA:21,0,1,0
BRF:2
BRH:0
end_of_record
TN:
SF:src\commons\components\Icons\AlertIcon\AlertIcon.component.tsx
FN:6,(anonymous_0)
FNF:1
FNH:1
FNDA:3,(anonymous_0)
DA:6,19
DA:7,3
DA:8,3
LF:3
LH:3
BRF:0
BRH:0
end_of_record
TN:
SF:src\commons\components\Modals\SimpleModal\SimpleModal.component.tsx
FN:25,(anonymous_0)
FN:30,(anonymous_1)
FN:33,(anonymous_2)
FNF:3
FNH:1
FNDA:162,(anonymous_0)
FNDA:0,(anonymous_1)
FNDA:0,(anonymous_2)
DA:25,19
DA:27,162
DA:29,161
DA:30,0
DA:33,0
LF:5
LH:3
BRF:0
BRH:0
end_of_record
TN:
SF:src\commons\components\Modals\UnknownComputerModal\UnknownComputerModal.component.tsx
FN:20,(anonymous_0)
FNF:1
FNH:1
FNDA:8,(anonymous_0)
DA:20,19
DA:21,8
DA:23,7
LF:3
LH:3
BRF:0
BRH:0
end_of_record
TN:
SF:src\commons\components\UiElements\HorizontalDivider\HorizontalDivider.component.tsx
FN:4,(anonymous_0)
FNF:1
FNH:1
FNDA:15,(anonymous_0)
DA:4,19
DA:5,15
LF:2
LH:2
BRF:0
BRH:0
end_of_record
TN:
SF:src\commons\constants\PATHS.ts
FNF:0
FNH:0
DA:1,5
LF:1
LH:1
BRF:0
BRH:0
end_of_record
TN:
SF:src\commons\hooks\computers\useComputer.ts
FN:5,(anonymous_0)
FN:11,(anonymous_1)
FN:13,(anonymous_2)
FNF:3
FNH:3
FNDA:2,(anonymous_0)
FNDA:1,(anonymous_1)
FNDA:1,(anonymous_2)
DA:5,1
DA:7,2
DA:8,2
DA:9,2
DA:11,2
DA:12,1
DA:13,1
DA:14,1
DA:15,1
DA:16,1
DA:17,1
DA:18,1
DA:20,0
DA:22,1
DA:30,2
LF:15
LH:14
BRDA:12,0,0,1
BRDA:12,0,1,0
BRF:2
BRH:1
end_of_record
TN:
SF:src\commons\hooks\computers\useComputers.ts
FN:8,(anonymous_0)
FN:13,(anonymous_1)
FN:14,(anonymous_2)
FN:19,(anonymous_3)
FN:36,(anonymous_4)
FNF:5
FNH:5
FNDA:8,(anonymous_0)
FNDA:4,(anonymous_1)
FNDA:4,(anonymous_2)
FNDA:4,(anonymous_3)
FNDA:3,(anonymous_4)
DA:8,3
DA:9,8
DA:10,8
DA:11,8
DA:13,8
DA:14,4
DA:15,4
DA:19,8
DA:20,4
DA:21,4
DA:22,4
DA:23,4
DA:24,3
DA:26,1
DA:28,4
DA:36,8
DA:37,3
DA:38,3
DA:39,3
DA:40,3
DA:41,2
DA:43,1
DA:45,3
DA:49,8
LF:24
LH:24
BRF:0
BRH:0
end_of_record
TN:
SF:src\commons\hooks\courses\useCourses.ts
FN:8,(anonymous_0)
FN:14,(anonymous_1)
FN:15,(anonymous_2)
FN:20,(anonymous_3)
FN:37,(anonymous_4)
FNF:5
FNH:5
FNDA:4,(anonymous_0)
FNDA:2,(anonymous_1)
FNDA:2,(anonymous_2)
FNDA:2,(anonymous_3)
FNDA:1,(anonymous_4)
DA:8,1
DA:10,4
DA:11,4
DA:12,4
DA:14,4
DA:15,2
DA:16,2
DA:20,4
DA:21,2
DA:22,2
DA:23,2
DA:24,2
DA:25,2
DA:27,0
DA:29,2
DA:37,4
DA:38,1
DA:39,1
DA:40,1
DA:41,1
DA:42,1
DA:44,0
DA:46,1
DA:50,4
LF:24
LH:22
BRF:0
BRH:0
end_of_record
TN:
SF:src\commons\hooks\loans\useLoans.ts
FN:8,(anonymous_0)
FN:19,(anonymous_1)
FN:36,(anonymous_2)
FN:52,(anonymous_3)
FN:65,(anonymous_4)
FN:66,(anonymous_5)
FNF:6
FNH:6
FNDA:14,(anonymous_0)
FNDA:3,(anonymous_1)
FNDA:2,(anonymous_2)
FNDA:7,(anonymous_3)
FNDA:6,(anonymous_4)
FNDA:6,(anonymous_5)
DA:8,5
DA:10,14
DA:11,14
DA:12,14
DA:19,14
DA:20,3
DA:21,3
DA:22,3
DA:23,3
DA:24,2
DA:26,1
DA:28,3
DA:36,14
DA:37,2
DA:38,2
DA:39,2
DA:40,2
DA:41,1
DA:43,1
DA:45,2
DA:52,14
DA:53,7
DA:54,7
DA:55,7
DA:56,7
DA:57,6
DA:59,1
DA:61,7
DA:65,14
DA:66,6
DA:67,6
DA:71,14
LF:32
LH:32
BRF:0
BRH:0
end_of_record
TN:
SF:src\commons\hooks\scan\useAutoRescan.ts
FN:9,(anonymous_0)
FN:14,(anonymous_1)
FNF:2
FNH:2
FNDA:8,(anonymous_0)
FNDA:8,(anonymous_1)
DA:9,4
DA:11,8
DA:12,8
DA:14,8
DA:16,8
DA:17,4
DA:19,4
DA:20,0
DA:23,4
DA:24,0
DA:28,8
LF:11
LH:9
BRDA:16,0,0,4
BRDA:16,0,1,4
BRDA:19,1,0,0
BRDA:19,1,1,4
BRDA:23,2,0,0
BRDA:23,2,1,4
BRDA:23,3,0,4
BRDA:23,3,1,0
BRF:8
BRH:5
end_of_record
TN:
SF:src\commons\hooks\students\useStudents.ts
FN:9,(anonymous_0)
FN:14,(anonymous_1)
FN:15,(anonymous_2)
FN:20,(anonymous_3)
FN:33,(anonymous_4)
FNF:5
FNH:5
FNDA:4,(anonymous_0)
FNDA:2,(anonymous_1)
FNDA:2,(anonymous_2)
FNDA:2,(anonymous_3)
FNDA:1,(anonymous_4)
DA:9,1
DA:10,4
DA:11,4
DA:12,4
DA:14,4
DA:15,2
DA:16,2
DA:20,4
DA:21,2
DA:22,2
DA:23,2
DA:24,2
DA:25,2
DA:27,0
DA:29,2
DA:33,4
DA:34,1
DA:35,1
DA:36,1
DA:37,1
DA:38,1
DA:40,0
DA:42,1
DA:47,4
LF:24
LH:22
BRF:0
BRH:0
end_of_record
TN:
SF:src\commons\services\computer\Computer.service.ts
FN:8,(anonymous_0)
FN:12,(anonymous_1)
FN:20,(anonymous_2)
FN:29,(anonymous_3)
FN:33,(anonymous_4)
FN:41,(anonymous_5)
FNF:6
FNH:6
FNDA:1,(anonymous_0)
FNDA:1,(anonymous_1)
FNDA:4,(anonymous_2)
FNDA:2,(anonymous_3)
FNDA:1,(anonymous_4)
FNDA:1,(anonymous_5)
DA:9,1
DA:13,1
DA:14,1
DA:15,1
DA:17,0
DA:21,4
DA:22,4
DA:23,4
DA:25,0
DA:30,2
DA:34,1
DA:35,1
DA:37,1
DA:42,1
DA:43,1
DA:44,1
DA:46,0
LF:17
LH:14
BRDA:14,0,0,1
BRDA:14,0,1,0
BRDA:22,1,0,4
BRDA:22,1,1,0
BRF:4
BRH:2
end_of_record
TN:
SF:src\commons\services\course\Course.service.ts
FN:13,(anonymous_0)
FN:21,(anonymous_1)
FN:45,(anonymous_2)
FN:63,(anonymous_3)
FN:71,(anonymous_4)
FNF:5
FNH:5
FNDA:1,(anonymous_0)
FNDA:2,(anonymous_1)
FNDA:1,(anonymous_2)
FNDA:2,(anonymous_3)
FNDA:2,(anonymous_4)
DA:14,1
DA:22,2
DA:23,2
DA:24,2
DA:26,0
DA:46,1
DA:64,2
DA:65,2
DA:66,0
DA:68,2
DA:72,2
DA:73,2
DA:74,0
DA:76,2
LF:14
LH:11
BRDA:23,0,0,2
BRDA:23,0,1,0
BRDA:65,1,0,0
BRDA:65,1,1,2
BRDA:73,2,0,0
BRDA:73,2,1,2
BRF:6
BRH:3
end_of_record
TN:
SF:src\commons\services\loan\Loan.service.ts
FN:13,(anonymous_0)
FN:15,(anonymous_1)
FN:25,(anonymous_2)
FN:38,(anonymous_3)
FN:41,(anonymous_4)
FN:51,(anonymous_5)
FN:54,(anonymous_6)
FN:60,(anonymous_7)
FN:73,(anonymous_8)
FN:76,(anonymous_9)
FN:86,(anonymous_10)
FN:95,(anonymous_11)
FN:100,(anonymous_12)
FN:113,(anonymous_13)
FNF:14
FNH:14
FNDA:1,(anonymous_0)
FNDA:2,(anonymous_1)
FNDA:2,(anonymous_2)
FNDA:1,(anonymous_3)
FNDA:1,(anonymous_4)
FNDA:1,(anonymous_5)
FNDA:2,(anonymous_6)
FNDA:1,(anonymous_7)
FNDA:1,(anonymous_8)
FNDA:2,(anonymous_9)
FNDA:1,(anonymous_10)
FNDA:1,(anonymous_11)
FNDA:1,(anonymous_12)
FNDA:12,(anonymous_13)
DA:14,1
DA:15,1
DA:16,2
DA:18,1
DA:26,2
DA:27,1
DA:28,1
DA:29,1
DA:31,0
DA:39,1
DA:40,1
DA:41,1
DA:42,1
DA:44,0
DA:52,1
DA:53,1
DA:54,2
DA:55,1
DA:57,0
DA:61,1
DA:62,1
DA:63,1
DA:64,1
DA:66,0
DA:74,1
DA:75,1
DA:76,2
DA:77,1
DA:79,0
DA:87,1
DA:88,1
DA:96,1
DA:97,1
DA:101,1
DA:102,1
DA:103,1
DA:105,0
DA:114,12
DA:115,12
DA:116,12
DA:117,12
DA:118,12
DA:120,12
LF:43
LH:37
BRDA:27,0,0,1
BRDA:27,0,1,0
BRDA:40,1,0,1
BRDA:40,1,1,0
BRDA:53,2,0,1
BRDA:53,2,1,0
BRDA:62,3,0,1
BRDA:62,3,1,0
BRDA:75,4,0,1
BRDA:75,4,1,0
BRDA:101,5,0,1
BRDA:101,5,1,0
BRDA:115,6,0,12
BRDA:115,6,1,0
BRDA:116,7,0,12
BRDA:116,7,1,0
BRDA:118,8,0,12
BRDA:118,8,1,0
BRF:18
BRH:9
end_of_record
TN:
SF:src\commons\services\student\Student.service.ts
FN:12,(anonymous_0)
FN:20,(anonymous_1)
FN:32,(anonymous_2)
FN:44,(anonymous_3)
FN:52,(anonymous_4)
FNF:5
FNH:5
FNDA:1,(anonymous_0)
FNDA:1,(anonymous_1)
FNDA:1,(anonymous_2)
FNDA:1,(anonymous_3)
FNDA:1,(anonymous_4)
DA:13,1
DA:21,1
DA:22,1
DA:23,1
DA:25,0
DA:33,1
DA:34,1
DA:35,0
DA:37,1
DA:45,1
DA:53,1
LF:11
LH:9
BRDA:22,0,0,1
BRDA:22,0,1,0
BRDA:34,1,0,0
BRDA:34,1,1,1
BRF:4
BRH:2
end_of_record
TN:
SF:src\commons\utils\isValidateButtonDisabled\isValidateButtonDisabled.ts
FN:4,(anonymous_0)
FNF:1
FNH:1
FNDA:18,(anonymous_0)
DA:4,6
DA:5,18
DA:6,14
DA:8,4
LF:4
LH:4
BRDA:5,0,0,14
BRDA:5,0,1,4
BRF:2
BRH:2
end_of_record
TN:
SF:src\commons\utils\submitOnEnter\submitOnEnter.ts
FN:6,(anonymous_0)
FNF:1
FNH:1
FNDA:2,(anonymous_0)
DA:6,6
DA:7,2
DA:8,2
DA:9,1
DA:10,1
LF:5
LH:5
BRDA:8,0,0,1
BRDA:8,0,1,1
BRF:2
BRH:2
end_of_record
TN:
SF:src\features\computer\AddComputer\AddComputer.page.tsx
FN:20,(anonymous_0)
FN:33,(anonymous_1)
FN:39,(anonymous_2)
FN:43,(anonymous_3)
FN:49,(anonymous_4)
FN:63,(anonymous_5)
FN:64,(anonymous_6)
FN:76,openDialogAndReset
FN:84,goNextStep
FN:95,(anonymous_9)
FNF:10
FNH:5
FNDA:6,(anonymous_0)
FNDA:3,(anonymous_1)
FNDA:3,(anonymous_2)
FNDA:6,(anonymous_3)
FNDA:3,(anonymous_4)
FNDA:0,(anonymous_5)
FNDA:0,(anonymous_6)
FNDA:0,openDialogAndReset
FNDA:0,goNextStep
FNDA:0,(anonymous_9)
DA:20,2
DA:22,6
DA:23,6
DA:24,6
DA:25,6
DA:26,6
DA:28,6
DA:29,6
DA:30,6
DA:33,6
DA:34,3
DA:35,3
DA:39,6
DA:40,3
DA:43,6
DA:46,6
DA:49,6
DA:51,3
DA:52,0
DA:53,0
DA:54,0
DA:63,6
DA:64,0
DA:65,0
DA:66,0
DA:68,0
DA:77,0
DA:78,0
DA:85,0
DA:86,0
DA:87,0
DA:95,6
DA:96,0
DA:97,0
DA:100,6
LF:35
LH:21
BRDA:34,0,0,3
BRDA:34,0,1,0
BRDA:46,1,0,6
BRDA:46,1,1,0
BRDA:51,2,0,0
BRDA:51,2,1,3
BRDA:65,3,0,0
BRDA:65,3,1,0
BRF:8
BRH:3
end_of_record
TN:
SF:src\features\computer\EditComputer\EditComputer.page.tsx
FN:13,(anonymous_0)
FN:18,(anonymous_1)
FN:33,(anonymous_2)
FN:41,(anonymous_3)
FN:69,(anonymous_4)
FNF:5
FNH:3
FNDA:2,(anonymous_0)
FNDA:0,(anonymous_1)
FNDA:2,(anonymous_2)
FNDA:1,(anonymous_3)
FNDA:0,(anonymous_4)
DA:13,2
DA:15,2
DA:17,2
DA:18,2
DA:19,0
DA:21,2
DA:33,2
DA:35,2
DA:36,2
DA:37,2
DA:38,2
DA:39,2
DA:41,2
DA:43,1
DA:44,0
DA:47,1
DA:48,0
DA:53,1
DA:56,1
DA:57,1
DA:59,0
DA:69,2
DA:70,0
DA:71,0
DA:72,0
DA:73,0
DA:75,0
DA:79,2
LF:28
LH:19
BRDA:43,0,0,0
BRDA:43,0,1,1
BRDA:47,1,0,0
BRDA:47,1,1,1
BRDA:56,2,0,1
BRDA:56,2,1,0
BRF:6
BRH:3
end_of_record
TN:
SF:src\features\computer\EditComputer\components\EditComputer.component.tsx
FN:14,(anonymous_0)
FN:16,(anonymous_1)
FN:31,(anonymous_2)
FNF:3
FNH:3
FNDA:48,(anonymous_0)
FNDA:48,(anonymous_1)
FNDA:21,(anonymous_2)
DA:14,6
DA:16,48
DA:20,48
DA:31,21
LF:4
LH:4
BRDA:26,0,0,48
BRDA:26,0,1,41
BRF:2
BRH:2
end_of_record
TN:
SF:src\features\computer\FindComputer\FindComputer.page.tsx
FN:14,(anonymous_0)
FN:24,(anonymous_1)
FN:31,(anonymous_2)
FN:56,(anonymous_3)
FN:65,(anonymous_4)
FN:92,(anonymous_5)
FN:100,(anonymous_6)
FNF:7
FNH:2
FNDA:3,(anonymous_0)
FNDA:3,(anonymous_1)
FNDA:0,(anonymous_2)
FNDA:0,(anonymous_3)
FNDA:0,(anonymous_4)
FNDA:0,(anonymous_5)
FNDA:0,(anonymous_6)
DA:14,2
DA:16,3
DA:17,3
DA:19,3
DA:20,3
DA:21,3
DA:22,3
DA:24,3
DA:27,3
DA:31,3
DA:32,0
DA:33,0
DA:34,0
DA:35,0
DA:36,0
DA:40,0
DA:41,0
DA:47,0
DA:49,0
DA:53,3
DA:56,0
DA:66,0
DA:93,0
DA:97,0
DA:98,0
DA:101,0
DA:102,0
LF:27
LH:11
BRDA:27,0,0,3
BRDA:27,0,1,0
BRDA:35,1,0,0
BRDA:35,1,1,0
BRDA:40,2,0,0
BRDA:40,2,1,0
BRF:6
BRH:1
end_of_record
TN:
SF:src\features\computer\ScanMenu\ScanMenu.page.tsx
FN:10,(anonymous_0)
FN:17,(anonymous_1)
FNF:2
FNH:2
FNDA:2,(anonymous_0)
FNDA:2,(anonymous_1)
DA:10,1
DA:11,2
DA:17,1
DA:18,2
LF:4
LH:4
BRF:0
BRH:0
end_of_record
TN:
SF:src\features\computer\ScanMenu\ScanMenuActions\ScanMenuActions.component.tsx
FN:9,(anonymous_0)
FN:39,(anonymous_1)
FNF:2
FNH:2
FNDA:2,(anonymous_0)
FNDA:12,(anonymous_1)
DA:9,1
DA:10,2
DA:36,2
DA:40,12
LF:4
LH:4
BRF:0
BRH:0
end_of_record
TN:
SF:src\features\course\AddCourse\AddCourse.component.tsx
FN:18,(anonymous_0)
FN:30,(anonymous_1)
FNF:2
FNH:1
FNDA:4,(anonymous_0)
FNDA:0,(anonymous_1)
DA:18,2
DA:19,4
DA:20,4
DA:31,0
LF:4
LH:3
BRF:0
BRH:0
end_of_record
TN:
SF:src\features\course\AddCourse\AddCourse.page.tsx
FN:18,(anonymous_0)
FN:32,(anonymous_1)
FN:36,(anonymous_2)
FN:44,(anonymous_3)
FN:50,(anonymous_4)
FN:63,(anonymous_5)
FN:65,(anonymous_6)
FN:74,(anonymous_7)
FN:81,(anonymous_8)
FN:111,(anonymous_9)
FN:120,(anonymous_10)
FNF:11
FNH:9
FNDA:4,(anonymous_0)
FNDA:4,(anonymous_1)
FNDA:4,(anonymous_2)
FNDA:4,(anonymous_3)
FNDA:4,(anonymous_4)
FNDA:2,(anonymous_5)
FNDA:2,(anonymous_6)
FNDA:1,(anonymous_7)
FNDA:1,(anonymous_8)
FNDA:0,(anonymous_9)
FNDA:0,(anonymous_10)
DA:18,2
DA:20,4
DA:21,4
DA:22,4
DA:23,4
DA:25,4
DA:28,4
DA:29,4
DA:30,4
DA:32,4
DA:33,4
DA:36,4
DA:37,4
DA:44,4
DA:47,4
DA:50,4
DA:52,4
DA:53,0
DA:54,0
DA:55,0
DA:63,4
DA:64,2
DA:65,2
DA:66,2
DA:74,2
DA:75,1
DA:80,1
DA:82,1
DA:85,4
DA:112,0
DA:117,0
DA:121,0
DA:122,0
LF:33
LH:26
BRDA:47,0,0,4
BRDA:47,0,1,0
BRDA:52,1,0,0
BRDA:52,1,1,4
BRDA:70,2,0,0
BRDA:70,2,1,2
BRDA:99,3,0,4
BRDA:99,3,1,0
BRDA:99,3,2,0
BRF:9
BRH:4
end_of_record
TN:
SF:src\features\loan\CreateCollectiveLoan\CreateCollectiveLoan.page.tsx
FN:18,(anonymous_0)
FN:30,(anonymous_1)
FN:47,(anonymous_2)
FN:59,(anonymous_3)
FN:63,(anonymous_4)
FN:67,(anonymous_5)
FN:74,(anonymous_6)
FN:113,(anonymous_7)
FN:120,(anonymous_8)
FNF:9
FNH:9
FNDA:27,(anonymous_0)
FNDA:19,(anonymous_1)
FNDA:14,(anonymous_2)
FNDA:7,(anonymous_3)
FNDA:1,(anonymous_4)
FNDA:1,(anonymous_5)
FNDA:1,(anonymous_6)
FNDA:1,(anonymous_7)
FNDA:1,(anonymous_8)
DA:18,2
DA:20,27
DA:21,27
DA:22,27
DA:23,27
DA:24,27
DA:26,27
DA:27,27
DA:28,27
DA:30,27
DA:31,19
DA:32,1
DA:35,18
DA:36,18
DA:39,18
DA:40,18
DA:43,18
DA:47,27
DA:48,14
DA:59,27
DA:60,7
DA:63,27
DA:64,1
DA:67,27
DA:68,1
DA:69,1
DA:70,1
DA:74,27
DA:75,1
DA:76,1
DA:77,1
DA:80,27
DA:113,1
DA:120,1
LF:34
LH:34
BRDA:31,0,0,1
BRDA:31,0,1,18
BRDA:35,1,0,18
BRDA:35,1,1,0
BRDA:39,2,0,18
BRDA:39,2,1,0
BRDA:50,3,0,6
BRDA:50,3,1,8
BRDA:60,4,0,7
BRDA:60,4,1,0
BRF:10
BRH:7
end_of_record
TN:
SF:src\features\loan\CreateIndividualLoan\CreateIndividualLoan.page.tsx
FN:14,CreateIndividualLoanPage
FN:22,(anonymous_1)
FN:24,(anonymous_2)
FN:34,(anonymous_3)
FN:37,(anonymous_4)
FN:43,(anonymous_5)
FN:48,(anonymous_6)
FN:69,(anonymous_7)
FN:91,(anonymous_8)
FN:99,(anonymous_9)
FNF:10
FNH:5
FNDA:4,CreateIndividualLoanPage
FNDA:1,(anonymous_1)
FNDA:0,(anonymous_2)
FNDA:0,(anonymous_3)
FNDA:0,(anonymous_4)
FNDA:1,(anonymous_5)
FNDA:3,(anonymous_6)
FNDA:1,(anonymous_7)
FNDA:0,(anonymous_8)
FNDA:0,(anonymous_9)
DA:16,4
DA:17,4
DA:18,4
DA:20,4
DA:22,3
DA:23,1
DA:25,0
DA:32,0
DA:35,0
DA:38,0
DA:43,3
DA:44,1
DA:45,1
DA:48,3
DA:49,3
DA:52,3
DA:70,1
DA:92,0
DA:96,0
DA:100,0
DA:101,0
LF:21
LH:13
BRDA:80,0,0,3
BRDA:80,0,1,3
BRDA:80,0,2,0
BRF:3
BRH:2
end_of_record
TN:
SF:src\features\loan\EditIndividualLoan\EditIndividualLoan.page.tsx
FN:11,EditIndividualLoanPage
FN:21,handleSubmit
FN:31,(anonymous_2)
FN:70,(anonymous_3)
FN:82,(anonymous_4)
FNF:5
FNH:5
FNDA:5,EditIndividualLoanPage
FNDA:1,handleSubmit
FNDA:5,(anonymous_2)
FNDA:5,(anonymous_3)
FNDA:1,(anonymous_4)
DA:14,5
DA:15,5
DA:17,5
DA:18,5
DA:19,5
DA:22,1
DA:23,1
DA:24,1
DA:25,1
DA:27,0
DA:31,5
DA:33,5
DA:34,0
DA:37,5
DA:38,5
DA:41,5
DA:42,0
DA:44,5
DA:49,5
DA:71,5
DA:82,1
LF:21
LH:18
BRDA:33,0,0,0
BRDA:33,0,1,5
BRDA:37,1,0,5
BRDA:37,1,1,0
BRDA:41,2,0,0
BRDA:41,2,1,5
BRDA:69,3,0,5
BRDA:69,3,1,0
BRF:8
BRH:4
end_of_record
TN:
SF:src\features\loan\EndLoan\EndLoan.page.tsx
FN:18,EndLoanPage
FN:27,(anonymous_1)
FN:33,(anonymous_2)
FN:37,(anonymous_3)
FN:52,handleSubmit
FN:65,(anonymous_5)
FN:82,(anonymous_6)
FN:96,(anonymous_7)
FN:114,(anonymous_8)
FNF:9
FNH:8
FNDA:31,EndLoanPage
FNDA:19,(anonymous_1)
FNDA:14,(anonymous_2)
FNDA:14,(anonymous_3)
FNDA:2,handleSubmit
FNDA:2,(anonymous_5)
FNDA:0,(anonymous_6)
FNDA:5,(anonymous_7)
FNDA:1,(anonymous_8)
DA:19,31
DA:20,31
DA:21,31
DA:22,31
DA:24,31
DA:25,31
DA:27,31
DA:28,19
DA:29,19
DA:30,19
DA:33,31
DA:37,14
DA:38,14
DA:39,7
DA:40,7
DA:41,5
DA:43,2
DA:53,2
DA:54,2
DA:55,2
DA:56,2
DA:58,0
DA:62,31
DA:65,2
DA:114,1
LF:25
LH:24
BRDA:28,0,0,0
BRDA:28,0,1,19
BRDA:38,1,0,7
BRDA:38,1,1,7
BRDA:76,2,0,31
BRDA:76,2,1,0
BRDA:90,3,0,31
BRDA:90,3,1,10
BRDA:103,4,0,31
BRDA:103,4,1,31
BRDA:103,4,2,21
BRDA:116,5,0,31
BRDA:116,5,1,31
BRF:13
BRH:11
end_of_record
